2024-02-19T16:52:33.615Z - error: Report render failed
(because) connect ECONNREFUSED ::1:13080
Error: connect ECONNREFUSED ::1:13080
    at TCPConnectWrap.afterConnect [as oncomplete] (node:net:1495:16) rootId=ffvr6flnibp52m3, id=ffvr6flnibp52m3
2024-02-19T16:54:15.128Z - error: Report render failed
(because) unexpected token U in JSON at position 0
SyntaxError: Unexpected token U in JSON at position 0
    at JSON.parse (<anonymous>)
    at IncomingMessage.<anonymous> (sandbox.js:19:49)
    at IncomingMessage.emit (node:events:526:35)
    at endReadableNT (node:internal/streams/readable:1359:12)
    at process.processTicksAndRejections (node:internal/process/task_queues:82:21) rootId=qjk5639syccryhc, id=qjk5639syccryhc
2024-02-19T16:54:16.613Z - error: Report render failed
(because) unexpected token U in JSON at position 0
SyntaxError: Unexpected token U in JSON at position 0
    at JSON.parse (<anonymous>)
    at IncomingMessage.<anonymous> (sandbox.js:19:49)
    at IncomingMessage.emit (node:events:526:35)
    at endReadableNT (node:internal/streams/readable:1359:12)
    at process.processTicksAndRejections (node:internal/process/task_queues:82:21) rootId=yhqu4lacywymtyk, id=yhqu4lacywymtyk
2024-02-20T17:57:03.655Z - error: Report render failed
(because) unexpected token U in JSON at position 0
SyntaxError: Unexpected token U in JSON at position 0
    at JSON.parse (<anonymous>)
    at IncomingMessage.<anonymous> (sandbox.js:19:49)
    at IncomingMessage.emit (node:events:526:35)
    at endReadableNT (node:internal/streams/readable:1359:12)
    at process.processTicksAndRejections (node:internal/process/task_queues:82:21) rootId=xw6ej5gmvdenxgs, id=xw6ej5gmvdenxgs
2024-02-20T17:57:03.978Z - error: Error during processing request at http://localhost:5488/api/report, details: Unexpected token U in JSON at position 0, stack: SyntaxError: Unexpected token U in JSON at position 0
    at JSON.parse (<anonymous>)
    at IncomingMessage.<anonymous> (sandbox.js:19:49)
    at IncomingMessage.emit (node:events:526:35)
    at endReadableNT (node:internal/streams/readable:1359:12)
    at process.processTicksAndRejections (node:internal/process/task_queues:82:21)
