2024-02-19T16:09:43.190Z - info: Initializing jsreport (version: 4.2.0, configuration file: jsreport.config.json, nodejs: 18.17.1)
2024-02-19T16:09:43.192Z - info: Searching for available extensions in C:\Users\elbom\Desktop\MetaHospitalFp\MetaHospitalFP\reports\
2024-02-19T16:09:43.194Z - info: Extensions location cache not found, crawling directories
2024-02-19T16:09:44.630Z - info: Found 35 extension(s)
2024-02-19T16:09:44.662Z - debug: Writing extension locations cache to C:\Users\elbom\AppData\Local\Temp\jsreport\core\locations.json
2024-02-19T16:09:44.664Z - debug: Discovered 35 extensions
2024-02-19T16:09:44.712Z - debug: Extension authentication@4.0.1 is disabled, skipping
2024-02-19T16:09:44.714Z - info: Using extension base@4.0.0
2024-02-19T16:09:44.720Z - info: Using extension child-templates@4.0.0
2024-02-19T16:09:44.724Z - info: Using extension cli@4.0.2
2024-02-19T16:09:44.729Z - info: Using extension components@4.0.0
2024-02-19T16:09:44.731Z - info: Using extension data@4.0.0
2024-02-19T16:09:44.733Z - info: Using extension express@4.0.1
2024-02-19T16:09:45.042Z - info: Using extension freeze@4.0.0
2024-02-19T16:09:45.045Z - info: Using extension fs-store@4.0.1
2024-02-19T16:09:45.156Z - info: Using extension handlebars@4.0.1
2024-02-19T16:09:45.159Z - info: Using extension import-export@4.0.2
2024-02-19T16:09:45.171Z - info: Using extension jsrender@4.0.0
2024-02-19T16:09:45.173Z - info: Using extension licensing@4.0.1
2024-02-19T16:09:45.200Z - info: Using extension localization@4.0.1
2024-02-19T16:09:45.202Z - info: Using extension npm@4.0.0
2024-02-19T16:09:45.205Z - info: Using extension pdf-utils@4.0.2
2024-02-19T16:09:45.209Z - info: Using extension reports@4.0.0
2024-02-19T16:09:45.212Z - info: Using extension tags@4.0.1
2024-02-19T16:09:45.214Z - info: Using extension text@4.0.0
2024-02-19T16:09:45.216Z - info: Using extension version-control@4.0.0
2024-02-19T16:09:45.229Z - info: Using extension assets@4.0.2
2024-02-19T16:09:45.241Z - info: Using extension authorization@4.0.0
2024-02-19T16:09:45.246Z - debug: Extension authorization@4.0.0 was disabled
2024-02-19T16:09:45.247Z - info: Using extension browser-client@4.0.0
2024-02-19T16:09:45.249Z - info: Using extension chrome-pdf@4.0.0
2024-02-19T16:09:45.253Z - debug: Chrome strategy is chrome-pool, numberOfWorkers: 1
2024-02-19T16:09:45.254Z - info: Using extension docx@4.1.1
2024-02-19T16:09:45.257Z - info: Using extension html-to-xlsx@4.0.1
2024-02-19T16:09:45.691Z - info: html-to-xlsx detected chrome as available html engine
2024-02-19T16:09:45.694Z - info: Using extension pptx@4.1.0
2024-02-19T16:09:45.697Z - info: Using extension scheduling@4.0.0
2024-02-19T16:09:45.728Z - info: Using extension scripts@4.0.0
2024-02-19T16:09:45.729Z - info: Using extension static-pdf@4.0.0
2024-02-19T16:09:45.731Z - info: Using extension studio@4.0.2
2024-02-19T16:09:45.845Z - info: Using extension xlsx@4.0.2
2024-02-19T16:09:45.847Z - info: Using extension public-templates@4.0.0
2024-02-19T16:09:45.848Z - debug: Extension public-templates@4.0.0 was disabled
2024-02-19T16:09:45.849Z - info: Using extension sample-template@4.0.0
2024-02-19T16:09:45.850Z - info: Using extension studio-theme-dark@4.0.0
2024-02-19T16:09:45.852Z - info: Code sandboxing is disabled, users can potentially penetrate the local system if you allow code from external users to be part of your reports
2024-02-19T16:09:45.853Z - info: Using general timeout for rendering (reportTimeout: 60000)
2024-02-19T16:09:45.853Z - info: Using fs provider for template store.
2024-02-19T16:09:45.858Z - info: fs store is persisting using fs for C:\Users\elbom\Desktop\MetaHospitalFp\MetaHospitalFP\reports\data
2024-02-19T16:09:45.867Z - info: fs store is loading data
2024-02-19T16:09:45.880Z - info: fs store is initialized successfully
2024-02-19T16:09:45.886Z - debug: studio default theme is: light
2024-02-19T16:09:45.893Z - info: Creating default express app.
2024-02-19T16:09:45.915Z - info: jsreport server successfully started on http port: 5488
2024-02-19T16:09:45.916Z - info: Verifying license key free
2024-02-19T16:09:45.917Z - info: Using free license
2024-02-19T16:09:45.922Z - info: Initializing worker threads
2024-02-19T16:09:45.923Z - debug: Extensions in workers: base, child-templates, components, data, express, handlebars, jsrender, localization, npm, pdf-utils, reports, text, version-control, assets, browser-client, chrome-pdf, docx, html-to-xlsx, pptx, scripts, static-pdf, studio, xlsx
2024-02-19T16:09:46.146Z - info: 2 worker threads initialized in 224ms
2024-02-19T16:09:46.147Z - info: Starting temp files cleanup with 180000ms threshold
2024-02-19T16:09:46.148Z - info: reporter initialized
2024-02-19T16:10:45.886Z - warn: Cleaning fs journal failed, will reload Unexpected end of JSON input stack=SyntaxError: Unexpected end of JSON input
    at JSON.parse (<anonymous>)
    at module.exports.parse (C:\Users\elbom\Desktop\MetaHospitalFp\MetaHospitalFP\reports\node_modules\@jsreport\serializator\index.js:58:15)
    at parse (C:\Users\elbom\Desktop\MetaHospitalFp\MetaHospitalFP\reports\node_modules\@jsreport\jsreport-fs-store\lib\customUtils.js:63:10)
    at Object.clean (C:\Users\elbom\Desktop\MetaHospitalFp\MetaHospitalFP\reports\node_modules\@jsreport\jsreport-fs-store\lib\journal.js:185:24)
    at async lock (C:\Users\elbom\Desktop\MetaHospitalFp\MetaHospitalFP\reports\node_modules\@jsreport\jsreport-fs-store\lib\customUtils.js:150:12)
2024-02-19T16:15:30.273Z - debug: OData query on templates
2024-02-19T16:15:30.280Z - debug: OData query on settings
2024-02-19T16:15:30.283Z - debug: OData query on folders
2024-02-19T16:15:30.288Z - debug: OData query on components
2024-02-19T16:15:30.293Z - debug: OData query on data
2024-02-19T16:15:30.297Z - debug: OData query on tags
2024-02-19T16:15:30.300Z - debug: OData query on assets
2024-02-19T16:15:30.307Z - debug: OData query on scripts
2024-02-19T16:15:30.313Z - debug: OData query on schedules
2024-02-19T16:15:30.375Z - debug: OData query on templates
2024-02-19T16:15:30.386Z - debug: OData query on profiles
2024-02-19T16:15:30.402Z - debug: OData query on profiles
2024-02-19T16:15:30.414Z - debug: OData query on profiles
2024-02-19T16:15:30.419Z - debug: OData query on profiles
2024-02-19T16:15:30.428Z - debug: OData query on profiles
2024-02-19T16:15:30.433Z - debug: OData query on profiles
2024-02-19T16:15:30.438Z - debug: OData query on templates
2024-02-19T16:20:45.971Z - info: Initializing jsreport (version: 4.2.0, configuration file: jsreport.config.json, nodejs: 18.17.1)
2024-02-19T16:20:45.973Z - info: Searching for available extensions in C:\Users\elbom\Desktop\MetaHospitalFp\MetaHospitalFP\reports\
2024-02-19T16:20:45.977Z - info: Extensions location cache contains up to date information, skipping crawling in C:\Users\elbom\Desktop\MetaHospitalFp\MetaHospitalFP\reports\
2024-02-19T16:20:45.984Z - info: Found 35 extension(s)
2024-02-19T16:20:46.010Z - debug: Writing extension locations cache to C:\Users\elbom\AppData\Local\Temp\jsreport\core\locations.json
2024-02-19T16:20:46.012Z - debug: Discovered 35 extensions
2024-02-19T16:20:46.050Z - debug: Extension authentication@4.0.1 is disabled, skipping
2024-02-19T16:20:46.053Z - info: Using extension base@4.0.0
2024-02-19T16:20:46.058Z - info: Using extension child-templates@4.0.0
2024-02-19T16:20:46.062Z - info: Using extension cli@4.0.2
2024-02-19T16:20:46.067Z - info: Using extension components@4.0.0
2024-02-19T16:20:46.070Z - info: Using extension data@4.0.0
2024-02-19T16:20:46.072Z - info: Using extension express@4.0.1
2024-02-19T16:20:46.323Z - info: Using extension freeze@4.0.0
2024-02-19T16:20:46.325Z - info: Using extension fs-store@4.0.1
2024-02-19T16:20:46.420Z - info: Using extension handlebars@4.0.1
2024-02-19T16:20:46.423Z - info: Using extension import-export@4.0.2
2024-02-19T16:20:46.432Z - info: Using extension jsrender@4.0.0
2024-02-19T16:20:46.434Z - info: Using extension licensing@4.0.1
2024-02-19T16:20:46.458Z - info: Using extension localization@4.0.1
2024-02-19T16:20:46.460Z - info: Using extension npm@4.0.0
2024-02-19T16:20:46.464Z - info: Using extension pdf-utils@4.0.2
2024-02-19T16:20:46.466Z - info: Using extension reports@4.0.0
2024-02-19T16:20:46.469Z - info: Using extension tags@4.0.1
2024-02-19T16:20:46.471Z - info: Using extension text@4.0.0
2024-02-19T16:20:46.472Z - info: Using extension version-control@4.0.0
2024-02-19T16:20:46.485Z - info: Using extension assets@4.0.2
2024-02-19T16:20:46.497Z - info: Using extension authorization@4.0.0
2024-02-19T16:20:46.501Z - debug: Extension authorization@4.0.0 was disabled
2024-02-19T16:20:46.501Z - info: Using extension browser-client@4.0.0
2024-02-19T16:20:46.504Z - info: Using extension chrome-pdf@4.0.0
2024-02-19T16:20:46.507Z - debug: Chrome strategy is chrome-pool, numberOfWorkers: 1
2024-02-19T16:20:46.508Z - info: Using extension docx@4.1.1
2024-02-19T16:20:46.510Z - info: Using extension html-to-xlsx@4.0.1
2024-02-19T16:20:46.829Z - info: html-to-xlsx detected chrome as available html engine
2024-02-19T16:20:46.830Z - info: Using extension pptx@4.1.0
2024-02-19T16:20:46.832Z - info: Using extension scheduling@4.0.0
2024-02-19T16:20:46.857Z - info: Using extension scripts@4.0.0
2024-02-19T16:20:46.859Z - info: Using extension static-pdf@4.0.0
2024-02-19T16:20:46.860Z - info: Using extension studio@4.0.2
2024-02-19T16:20:46.964Z - info: Using extension xlsx@4.0.2
2024-02-19T16:20:46.967Z - info: Using extension public-templates@4.0.0
2024-02-19T16:20:46.969Z - debug: Extension public-templates@4.0.0 was disabled
2024-02-19T16:20:46.970Z - info: Using extension sample-template@4.0.0
2024-02-19T16:20:46.972Z - info: Using extension studio-theme-dark@4.0.0
2024-02-19T16:20:46.974Z - info: Code sandboxing is disabled, users can potentially penetrate the local system if you allow code from external users to be part of your reports
2024-02-19T16:20:46.975Z - info: Using general timeout for rendering (reportTimeout: 60000)
2024-02-19T16:20:46.975Z - info: Using fs provider for template store.
2024-02-19T16:20:46.981Z - info: fs store is persisting using fs for C:\Users\elbom\Desktop\MetaHospitalFp\MetaHospitalFP\reports\data
2024-02-19T16:20:46.992Z - info: fs store is loading data
2024-02-19T16:20:47.007Z - info: fs store is initialized successfully
2024-02-19T16:20:47.015Z - debug: studio default theme is: light
2024-02-19T16:20:47.022Z - info: Creating default express app.
2024-02-19T16:20:47.045Z - info: jsreport server successfully started on http port: 5488
2024-02-19T16:20:47.047Z - info: Verifying license key free
2024-02-19T16:20:47.048Z - info: Using free license
2024-02-19T16:20:47.053Z - info: Initializing worker threads
2024-02-19T16:20:47.054Z - debug: Extensions in workers: base, child-templates, components, data, express, handlebars, jsrender, localization, npm, pdf-utils, reports, text, version-control, assets, browser-client, chrome-pdf, docx, html-to-xlsx, pptx, scripts, static-pdf, studio, xlsx
2024-02-19T16:20:47.267Z - info: 2 worker threads initialized in 214ms
2024-02-19T16:20:47.268Z - info: Starting temp files cleanup with 180000ms threshold
2024-02-19T16:20:47.269Z - info: reporter initialized
2024-02-19T16:20:58.869Z - debug: OData query on templates
2024-02-19T16:20:58.880Z - debug: OData query on settings
2024-02-19T16:20:58.883Z - debug: OData query on folders
2024-02-19T16:20:58.887Z - debug: OData query on components
2024-02-19T16:20:58.891Z - debug: OData query on data
2024-02-19T16:20:58.895Z - debug: OData query on tags
2024-02-19T16:20:58.902Z - debug: OData query on assets
2024-02-19T16:20:58.908Z - debug: OData query on scripts
2024-02-19T16:20:58.913Z - debug: OData query on schedules
2024-02-19T16:20:58.983Z - debug: OData query on templates
2024-02-19T16:20:58.994Z - debug: OData query on profiles
2024-02-19T16:20:59.005Z - debug: OData query on profiles
2024-02-19T16:20:59.022Z - debug: OData query on profiles
2024-02-19T16:20:59.028Z - debug: OData query on profiles
2024-02-19T16:20:59.032Z - debug: OData query on profiles
2024-02-19T16:20:59.037Z - debug: OData query on profiles
2024-02-19T16:20:59.042Z - debug: OData query on templates
2024-02-19T16:22:58.568Z - debug: OData query on folders
2024-02-19T16:23:44.259Z - debug: OData query on scripts
2024-02-19T16:24:20.940Z - debug: OData remove from folders
2024-02-19T16:51:31.132Z - debug: fs journal was not synced for a while, need full reload
2024-02-19T16:51:31.134Z - info: fs store is loading data
2024-02-19T16:52:32.296Z - debug: OData query on templates
2024-02-19T16:52:33.205Z - info: Render request 1 queued for execution and waiting for available worker rootId=ffvr6flnibp52m3, id=ffvr6flnibp52m3
2024-02-19T16:52:33.249Z - info: Starting rendering request 1 rootId=ffvr6flnibp52m3, id=ffvr6flnibp52m3
2024-02-19T16:52:33.250Z - info: Rendering template { name: schools-main, recipe: chrome-pdf, engine: handlebars, preview: true } rootId=ffvr6flnibp52m3, id=ffvr6flnibp52m3
2024-02-19T16:52:33.251Z - debug: Data item not defined for this template. rootId=ffvr6flnibp52m3, id=ffvr6flnibp52m3
2024-02-19T16:52:33.251Z - debug: Executing script schools-script (beforeRender) rootId=ffvr6flnibp52m3, id=ffvr6flnibp52m3
2024-02-19T16:52:33.615Z - error: Report render failed
(because) connect ECONNREFUSED ::1:13080
Error: connect ECONNREFUSED ::1:13080
    at TCPConnectWrap.afterConnect [as oncomplete] (node:net:1495:16) rootId=ffvr6flnibp52m3, id=ffvr6flnibp52m3
2024-02-19T16:53:32.862Z - debug: OData query on templates
2024-02-19T16:53:35.021Z - debug: OData query on scripts
2024-02-19T16:54:02.586Z - debug: OData update on scripts
2024-02-19T16:54:02.603Z - debug: OData query on scripts
2024-02-19T16:54:14.779Z - info: Render request 2 queued for execution and waiting for available worker rootId=qjk5639syccryhc, id=qjk5639syccryhc
2024-02-19T16:54:14.819Z - info: Starting rendering request 2 rootId=qjk5639syccryhc, id=qjk5639syccryhc
2024-02-19T16:54:14.820Z - info: Rendering template { name: schools-main, recipe: chrome-pdf, engine: handlebars, preview: true } rootId=qjk5639syccryhc, id=qjk5639syccryhc
2024-02-19T16:54:14.820Z - debug: Data item not defined for this template. rootId=qjk5639syccryhc, id=qjk5639syccryhc
2024-02-19T16:54:14.821Z - debug: Executing script schools-script (beforeRender) rootId=qjk5639syccryhc, id=qjk5639syccryhc
2024-02-19T16:54:15.128Z - error: Report render failed
(because) unexpected token U in JSON at position 0
SyntaxError: Unexpected token U in JSON at position 0
    at JSON.parse (<anonymous>)
    at IncomingMessage.<anonymous> (sandbox.js:19:49)
    at IncomingMessage.emit (node:events:526:35)
    at endReadableNT (node:internal/streams/readable:1359:12)
    at process.processTicksAndRejections (node:internal/process/task_queues:82:21) rootId=qjk5639syccryhc, id=qjk5639syccryhc
2024-02-19T16:54:16.296Z - info: Render request 3 queued for execution and waiting for available worker rootId=yhqu4lacywymtyk, id=yhqu4lacywymtyk
2024-02-19T16:54:16.314Z - info: Starting rendering request 3 rootId=yhqu4lacywymtyk, id=yhqu4lacywymtyk
2024-02-19T16:54:16.315Z - info: Rendering template { name: schools-main, recipe: chrome-pdf, engine: handlebars, preview: true } rootId=yhqu4lacywymtyk, id=yhqu4lacywymtyk
2024-02-19T16:54:16.316Z - debug: Data item not defined for this template. rootId=yhqu4lacywymtyk, id=yhqu4lacywymtyk
2024-02-19T16:54:16.333Z - debug: Executing script schools-script (beforeRender) rootId=yhqu4lacywymtyk, id=yhqu4lacywymtyk
2024-02-19T16:54:16.613Z - error: Report render failed
(because) unexpected token U in JSON at position 0
SyntaxError: Unexpected token U in JSON at position 0
    at JSON.parse (<anonymous>)
    at IncomingMessage.<anonymous> (sandbox.js:19:49)
    at IncomingMessage.emit (node:events:526:35)
    at endReadableNT (node:internal/streams/readable:1359:12)
    at process.processTicksAndRejections (node:internal/process/task_queues:82:21) rootId=yhqu4lacywymtyk, id=yhqu4lacywymtyk
2024-02-19T16:58:45.078Z - debug: OData update on scripts
2024-02-19T16:58:45.097Z - debug: OData query on scripts
2024-02-19T17:00:15.550Z - info: Render request 4 queued for execution and waiting for available worker rootId=rtdrwjb32trqcvi, id=rtdrwjb32trqcvi
2024-02-19T17:00:15.569Z - info: Starting rendering request 4 rootId=rtdrwjb32trqcvi, id=rtdrwjb32trqcvi
2024-02-19T17:00:15.570Z - info: Rendering template { name: schools-main, recipe: chrome-pdf, engine: handlebars, preview: true } rootId=rtdrwjb32trqcvi, id=rtdrwjb32trqcvi
2024-02-19T17:00:15.571Z - debug: Data item not defined for this template. rootId=rtdrwjb32trqcvi, id=rtdrwjb32trqcvi
2024-02-19T17:00:15.571Z - debug: Executing script schools-script (beforeRender) rootId=rtdrwjb32trqcvi, id=rtdrwjb32trqcvi
2024-02-19T17:00:15.946Z - debug: Base url not specified, skipping its injection. rootId=rtdrwjb32trqcvi, id=rtdrwjb32trqcvi
2024-02-19T17:00:15.947Z - debug: Rendering engine handlebars rootId=rtdrwjb32trqcvi, id=rtdrwjb32trqcvi
2024-02-19T17:00:16.704Z - debug: [36m(console:log) Pdf utils adding group field, value: "IES Los Gladiolos"[39m userLevel=true, rootId=rtdrwjb32trqcvi, id=rtdrwjb32trqcvi
2024-02-19T17:00:16.705Z - debug: Executing recipe chrome-pdf rootId=rtdrwjb32trqcvi, id=rtdrwjb32trqcvi
2024-02-19T17:00:17.594Z - debug: Converting with chrome HeadlessChrome/117.0.5938.149 using chrome-pool strategy rootId=rtdrwjb32trqcvi, id=rtdrwjb32trqcvi
2024-02-19T17:00:18.034Z - debug: Page request: GET (document) file:///C:/Users/elbom/AppData/Local/Temp/jsreport/autocleanup/02020b84-64d3-4ed3-b091-85aa7630b331-chrome-pdf.html rootId=rtdrwjb32trqcvi, id=rtdrwjb32trqcvi
2024-02-19T17:00:18.035Z - debug: Page request: GET (stylesheet) https://cdnjs.cloudflare.com/ajax/libs/metro/4.1.5/css/metro.min.css rootId=rtdrwjb32trqcvi, id=rtdrwjb32trqcvi
2024-02-19T17:00:18.035Z - debug: Page request: GET (script) https://cdnjs.cloudflare.com/ajax/libs/Chart.js/2.7.2/Chart.min.js rootId=rtdrwjb32trqcvi, id=rtdrwjb32trqcvi
2024-02-19T17:00:18.036Z - debug: Page request finished: GET (document) 200 file:///C:/Users/elbom/AppData/Local/Temp/jsreport/autocleanup/02020b84-64d3-4ed3-b091-85aa7630b331-chrome-pdf.html rootId=rtdrwjb32trqcvi, id=rtdrwjb32trqcvi
2024-02-19T17:00:20.988Z - debug: Page request finished: GET (stylesheet) 200 https://cdnjs.cloudflare.com/ajax/libs/metro/4.1.5/css/metro.min.css rootId=rtdrwjb32trqcvi, id=rtdrwjb32trqcvi
2024-02-19T17:00:20.989Z - debug: Page request finished: GET (script) 200 https://cdnjs.cloudflare.com/ajax/libs/Chart.js/2.7.2/Chart.min.js rootId=rtdrwjb32trqcvi, id=rtdrwjb32trqcvi
2024-02-19T17:00:20.990Z - debug: Running chrome with params {"printBackground":true,"marginTop":"4cm","marginRight":"1.5cm","marginBottom":"1.5cm","marginLeft":"1.5cm","timeout":58843,"margin":{"top":"4cm","right":"1.5cm","bottom":"1.5cm","left":"1.5cm"}} rootId=rtdrwjb32trqcvi, id=rtdrwjb32trqcvi
2024-02-19T17:00:21.451Z - info: pdf-utils is starting pdf processing rootId=rtdrwjb32trqcvi, id=rtdrwjb32trqcvi
2024-02-19T17:00:21.451Z - debug: pdf-utils detected 1 pdf operation(s) to process rootId=rtdrwjb32trqcvi, id=rtdrwjb32trqcvi
2024-02-19T17:00:21.452Z - debug: pdf-utils running pdf operation merge rootId=rtdrwjb32trqcvi, id=rtdrwjb32trqcvi
2024-02-19T17:00:21.458Z - info: Starting rendering (child) request rootId=rtdrwjb32trqcvi, id=4p0xaaq24mmrnpw
2024-02-19T17:00:21.458Z - info: Rendering template { name: schools-header, recipe: chrome-pdf, engine: handlebars, preview: true } rootId=rtdrwjb32trqcvi, id=4p0xaaq24mmrnpw
2024-02-19T17:00:21.459Z - debug: Inline data specified. rootId=rtdrwjb32trqcvi, id=4p0xaaq24mmrnpw
2024-02-19T17:00:21.460Z - debug: Base url not specified, skipping its injection. rootId=rtdrwjb32trqcvi, id=4p0xaaq24mmrnpw
2024-02-19T17:00:21.460Z - debug: Rendering engine handlebars rootId=rtdrwjb32trqcvi, id=4p0xaaq24mmrnpw
2024-02-19T17:00:21.565Z - debug: Executing recipe chrome-pdf rootId=rtdrwjb32trqcvi, id=4p0xaaq24mmrnpw
2024-02-19T17:00:21.566Z - debug: Converting with chrome HeadlessChrome/117.0.5938.149 using chrome-pool strategy rootId=rtdrwjb32trqcvi, id=4p0xaaq24mmrnpw
2024-02-19T17:00:21.668Z - debug: Page request: GET (document) file:///C:/Users/elbom/AppData/Local/Temp/jsreport/autocleanup/05271e26-cf13-47c9-99b2-6c6f387400de-chrome-pdf.html rootId=rtdrwjb32trqcvi, id=4p0xaaq24mmrnpw
2024-02-19T17:00:21.670Z - debug: Page request: GET (stylesheet) https://cdnjs.cloudflare.com/ajax/libs/metro/4.1.5/css/metro.min.css rootId=rtdrwjb32trqcvi, id=4p0xaaq24mmrnpw
2024-02-19T17:00:21.671Z - debug: Page request finished: GET (document) 200 file:///C:/Users/elbom/AppData/Local/Temp/jsreport/autocleanup/05271e26-cf13-47c9-99b2-6c6f387400de-chrome-pdf.html rootId=rtdrwjb32trqcvi, id=4p0xaaq24mmrnpw
2024-02-19T17:00:21.672Z - debug: Page request finished: GET (stylesheet) 200 https://cdnjs.cloudflare.com/ajax/libs/metro/4.1.5/css/metro.min.css rootId=rtdrwjb32trqcvi, id=4p0xaaq24mmrnpw
2024-02-19T17:00:21.751Z - debug: Running chrome with params {"printBackground":true,"marginTop":"1.5cm","marginRight":"1.5cm","marginLeft":"1.cm","timeout":54017,"margin":{"top":"1.5cm","right":"1.5cm","left":"1.cm"}} rootId=rtdrwjb32trqcvi, id=4p0xaaq24mmrnpw
2024-02-19T17:00:21.752Z - debug: Skipping storing report. rootId=rtdrwjb32trqcvi, id=4p0xaaq24mmrnpw
2024-02-19T17:00:21.753Z - info: Rendering (child) request finished in 6156 ms rootId=rtdrwjb32trqcvi, id=4p0xaaq24mmrnpw
2024-02-19T17:00:21.754Z - debug: pdf-utils postproces start rootId=rtdrwjb32trqcvi, id=rtdrwjb32trqcvi
2024-02-19T17:00:21.754Z - debug: pdf-utils postproces end rootId=rtdrwjb32trqcvi, id=rtdrwjb32trqcvi
2024-02-19T17:00:21.754Z - info: pdf-utils pdf processing was finished rootId=rtdrwjb32trqcvi, id=rtdrwjb32trqcvi
2024-02-19T17:00:21.755Z - debug: Skipping storing report. rootId=rtdrwjb32trqcvi, id=rtdrwjb32trqcvi
2024-02-19T17:00:21.755Z - info: Rendering request 4 finished in 6201 ms rootId=rtdrwjb32trqcvi, id=rtdrwjb32trqcvi
2024-02-19T17:25:21.385Z - info: Render request 5 queued for execution and waiting for available worker rootId=pnr4468ou9qksmg, id=pnr4468ou9qksmg
2024-02-19T17:25:21.417Z - info: Starting rendering request 5 rootId=pnr4468ou9qksmg, id=pnr4468ou9qksmg
2024-02-19T17:25:21.418Z - info: Rendering template { name: schools-main, recipe: chrome-pdf, engine: handlebars, preview: false } rootId=pnr4468ou9qksmg, id=pnr4468ou9qksmg
2024-02-19T17:25:21.419Z - debug: Inline data specified. rootId=pnr4468ou9qksmg, id=pnr4468ou9qksmg
2024-02-19T17:25:21.419Z - debug: Executing script schools-script (beforeRender) rootId=pnr4468ou9qksmg, id=pnr4468ou9qksmg
2024-02-19T17:25:21.886Z - debug: Base url not specified, skipping its injection. rootId=pnr4468ou9qksmg, id=pnr4468ou9qksmg
2024-02-19T17:25:21.887Z - debug: Rendering engine handlebars rootId=pnr4468ou9qksmg, id=pnr4468ou9qksmg
2024-02-19T17:25:22.707Z - debug: [36m(console:log) Pdf utils adding group field, value: "IES Los Gladiolos"[39m userLevel=true, rootId=pnr4468ou9qksmg, id=pnr4468ou9qksmg
2024-02-19T17:25:22.708Z - debug: Executing recipe chrome-pdf rootId=pnr4468ou9qksmg, id=pnr4468ou9qksmg
2024-02-19T17:25:23.035Z - debug: Converting with chrome HeadlessChrome/117.0.5938.149 using chrome-pool strategy rootId=pnr4468ou9qksmg, id=pnr4468ou9qksmg
2024-02-19T17:25:23.237Z - debug: Page request: GET (document) file:///C:/Users/elbom/AppData/Local/Temp/jsreport/autocleanup/f7e5b8a1-c729-49b1-8545-b6b32c75339f-chrome-pdf.html rootId=pnr4468ou9qksmg, id=pnr4468ou9qksmg
2024-02-19T17:25:23.238Z - debug: Page request: GET (stylesheet) https://cdnjs.cloudflare.com/ajax/libs/metro/4.1.5/css/metro.min.css rootId=pnr4468ou9qksmg, id=pnr4468ou9qksmg
2024-02-19T17:25:23.239Z - debug: Page request: GET (script) https://cdnjs.cloudflare.com/ajax/libs/Chart.js/2.7.2/Chart.min.js rootId=pnr4468ou9qksmg, id=pnr4468ou9qksmg
2024-02-19T17:25:23.239Z - debug: Page request finished: GET (document) 200 file:///C:/Users/elbom/AppData/Local/Temp/jsreport/autocleanup/f7e5b8a1-c729-49b1-8545-b6b32c75339f-chrome-pdf.html rootId=pnr4468ou9qksmg, id=pnr4468ou9qksmg
2024-02-19T17:25:26.157Z - debug: Page request finished: GET (script) 200 https://cdnjs.cloudflare.com/ajax/libs/Chart.js/2.7.2/Chart.min.js rootId=pnr4468ou9qksmg, id=pnr4468ou9qksmg
2024-02-19T17:25:26.158Z - debug: Page request finished: GET (stylesheet) 200 https://cdnjs.cloudflare.com/ajax/libs/metro/4.1.5/css/metro.min.css rootId=pnr4468ou9qksmg, id=pnr4468ou9qksmg
2024-02-19T17:25:26.660Z - debug: Running chrome with params {"printBackground":true,"marginTop":"4cm","marginRight":"1.5cm","marginBottom":"1.5cm","marginLeft":"1.5cm","timeout":58673,"margin":{"top":"4cm","right":"1.5cm","bottom":"1.5cm","left":"1.5cm"}} rootId=pnr4468ou9qksmg, id=pnr4468ou9qksmg
2024-02-19T17:25:26.662Z - info: pdf-utils is starting pdf processing rootId=pnr4468ou9qksmg, id=pnr4468ou9qksmg
2024-02-19T17:25:26.662Z - debug: pdf-utils detected 1 pdf operation(s) to process rootId=pnr4468ou9qksmg, id=pnr4468ou9qksmg
2024-02-19T17:25:26.663Z - debug: pdf-utils running pdf operation merge rootId=pnr4468ou9qksmg, id=pnr4468ou9qksmg
2024-02-19T17:25:26.666Z - info: Starting rendering (child) request rootId=pnr4468ou9qksmg, id=3plytasdx4de9v4
2024-02-19T17:25:26.666Z - info: Rendering template { name: schools-header, recipe: chrome-pdf, engine: handlebars, preview: false } rootId=pnr4468ou9qksmg, id=3plytasdx4de9v4
2024-02-19T17:25:26.667Z - debug: Inline data specified. rootId=pnr4468ou9qksmg, id=3plytasdx4de9v4
2024-02-19T17:25:26.667Z - debug: Base url not specified, skipping its injection. rootId=pnr4468ou9qksmg, id=3plytasdx4de9v4
2024-02-19T17:25:26.667Z - debug: Rendering engine handlebars rootId=pnr4468ou9qksmg, id=3plytasdx4de9v4
2024-02-19T17:25:26.760Z - debug: Executing recipe chrome-pdf rootId=pnr4468ou9qksmg, id=3plytasdx4de9v4
2024-02-19T17:25:26.760Z - debug: Converting with chrome HeadlessChrome/117.0.5938.149 using chrome-pool strategy rootId=pnr4468ou9qksmg, id=3plytasdx4de9v4
2024-02-19T17:25:26.873Z - debug: Page request: GET (document) file:///C:/Users/elbom/AppData/Local/Temp/jsreport/autocleanup/5c7e4229-18ca-4361-9868-f479f03724ba-chrome-pdf.html rootId=pnr4468ou9qksmg, id=3plytasdx4de9v4
2024-02-19T17:25:26.875Z - debug: Page request: GET (stylesheet) https://cdnjs.cloudflare.com/ajax/libs/metro/4.1.5/css/metro.min.css rootId=pnr4468ou9qksmg, id=3plytasdx4de9v4
2024-02-19T17:25:26.875Z - debug: Page request finished: GET (document) 200 file:///C:/Users/elbom/AppData/Local/Temp/jsreport/autocleanup/5c7e4229-18ca-4361-9868-f479f03724ba-chrome-pdf.html rootId=pnr4468ou9qksmg, id=3plytasdx4de9v4
2024-02-19T17:25:26.876Z - debug: Page request finished: GET (stylesheet) 200 https://cdnjs.cloudflare.com/ajax/libs/metro/4.1.5/css/metro.min.css rootId=pnr4468ou9qksmg, id=3plytasdx4de9v4
2024-02-19T17:25:26.877Z - debug: Running chrome with params {"printBackground":true,"marginTop":"1.5cm","marginRight":"1.5cm","marginLeft":"1.cm","timeout":54701,"margin":{"top":"1.5cm","right":"1.5cm","left":"1.cm"}} rootId=pnr4468ou9qksmg, id=3plytasdx4de9v4
2024-02-19T17:25:26.877Z - debug: Skipping storing report. rootId=pnr4468ou9qksmg, id=3plytasdx4de9v4
2024-02-19T17:25:26.878Z - info: Rendering (child) request finished in 5449 ms rootId=pnr4468ou9qksmg, id=3plytasdx4de9v4
2024-02-19T17:25:26.878Z - debug: pdf-utils postproces start rootId=pnr4468ou9qksmg, id=pnr4468ou9qksmg
2024-02-19T17:25:26.878Z - debug: pdf-utils postproces end rootId=pnr4468ou9qksmg, id=pnr4468ou9qksmg
2024-02-19T17:25:26.879Z - info: pdf-utils pdf processing was finished rootId=pnr4468ou9qksmg, id=pnr4468ou9qksmg
2024-02-19T17:25:26.879Z - debug: Skipping storing report. rootId=pnr4468ou9qksmg, id=pnr4468ou9qksmg
2024-02-19T17:25:26.879Z - info: Rendering request 5 finished in 5491 ms rootId=pnr4468ou9qksmg, id=pnr4468ou9qksmg
2024-02-19T17:25:30.752Z - info: Render request 6 queued for execution and waiting for available worker rootId=okp8f1x1s712q2m, id=okp8f1x1s712q2m
2024-02-19T17:25:30.775Z - info: Starting rendering request 6 rootId=okp8f1x1s712q2m, id=okp8f1x1s712q2m
2024-02-19T17:25:30.776Z - info: Rendering template { name: schools-main, recipe: chrome-pdf, engine: handlebars, preview: false } rootId=okp8f1x1s712q2m, id=okp8f1x1s712q2m
2024-02-19T17:25:30.777Z - debug: Inline data specified. rootId=okp8f1x1s712q2m, id=okp8f1x1s712q2m
2024-02-19T17:25:30.777Z - debug: Executing script schools-script (beforeRender) rootId=okp8f1x1s712q2m, id=okp8f1x1s712q2m
2024-02-19T17:25:30.828Z - debug: Base url not specified, skipping its injection. rootId=okp8f1x1s712q2m, id=okp8f1x1s712q2m
2024-02-19T17:25:30.829Z - debug: Rendering engine handlebars rootId=okp8f1x1s712q2m, id=okp8f1x1s712q2m
2024-02-19T17:25:30.901Z - debug: [36m(console:log) Pdf utils adding group field, value: "IES Los Gladiolos"[39m userLevel=true, rootId=okp8f1x1s712q2m, id=okp8f1x1s712q2m
2024-02-19T17:25:30.902Z - debug: Executing recipe chrome-pdf rootId=okp8f1x1s712q2m, id=okp8f1x1s712q2m
2024-02-19T17:25:30.902Z - debug: Converting with chrome HeadlessChrome/117.0.5938.149 using chrome-pool strategy rootId=okp8f1x1s712q2m, id=okp8f1x1s712q2m
2024-02-19T17:25:31.010Z - debug: Page request: GET (document) file:///C:/Users/elbom/AppData/Local/Temp/jsreport/autocleanup/3037e164-f4f0-40c3-8208-1b0193891a2e-chrome-pdf.html rootId=okp8f1x1s712q2m, id=okp8f1x1s712q2m
2024-02-19T17:25:31.011Z - debug: Page request: GET (stylesheet) https://cdnjs.cloudflare.com/ajax/libs/metro/4.1.5/css/metro.min.css rootId=okp8f1x1s712q2m, id=okp8f1x1s712q2m
2024-02-19T17:25:31.012Z - debug: Page request: GET (script) https://cdnjs.cloudflare.com/ajax/libs/Chart.js/2.7.2/Chart.min.js rootId=okp8f1x1s712q2m, id=okp8f1x1s712q2m
2024-02-19T17:25:31.012Z - debug: Page request finished: GET (document) 200 file:///C:/Users/elbom/AppData/Local/Temp/jsreport/autocleanup/3037e164-f4f0-40c3-8208-1b0193891a2e-chrome-pdf.html rootId=okp8f1x1s712q2m, id=okp8f1x1s712q2m
2024-02-19T17:25:31.013Z - debug: Page request finished: GET (stylesheet) 200 https://cdnjs.cloudflare.com/ajax/libs/metro/4.1.5/css/metro.min.css rootId=okp8f1x1s712q2m, id=okp8f1x1s712q2m
2024-02-19T17:25:31.013Z - debug: Page request finished: GET (script) 200 https://cdnjs.cloudflare.com/ajax/libs/Chart.js/2.7.2/Chart.min.js rootId=okp8f1x1s712q2m, id=okp8f1x1s712q2m
2024-02-19T17:25:31.111Z - debug: Running chrome with params {"printBackground":true,"marginTop":"4cm","marginRight":"1.5cm","marginBottom":"1.5cm","marginLeft":"1.5cm","timeout":59908,"margin":{"top":"4cm","right":"1.5cm","bottom":"1.5cm","left":"1.5cm"}} rootId=okp8f1x1s712q2m, id=okp8f1x1s712q2m
2024-02-19T17:25:31.112Z - info: pdf-utils is starting pdf processing rootId=okp8f1x1s712q2m, id=okp8f1x1s712q2m
2024-02-19T17:25:31.112Z - debug: pdf-utils detected 1 pdf operation(s) to process rootId=okp8f1x1s712q2m, id=okp8f1x1s712q2m
2024-02-19T17:25:31.113Z - debug: pdf-utils running pdf operation merge rootId=okp8f1x1s712q2m, id=okp8f1x1s712q2m
2024-02-19T17:25:31.117Z - info: Starting rendering (child) request rootId=okp8f1x1s712q2m, id=czc8ya7lw7x4yvf
2024-02-19T17:25:31.117Z - info: Rendering template { name: schools-header, recipe: chrome-pdf, engine: handlebars, preview: false } rootId=okp8f1x1s712q2m, id=czc8ya7lw7x4yvf
2024-02-19T17:25:31.117Z - debug: Inline data specified. rootId=okp8f1x1s712q2m, id=czc8ya7lw7x4yvf
2024-02-19T17:25:31.118Z - debug: Base url not specified, skipping its injection. rootId=okp8f1x1s712q2m, id=czc8ya7lw7x4yvf
2024-02-19T17:25:31.118Z - debug: Rendering engine handlebars rootId=okp8f1x1s712q2m, id=czc8ya7lw7x4yvf
2024-02-19T17:25:31.211Z - debug: Executing recipe chrome-pdf rootId=okp8f1x1s712q2m, id=czc8ya7lw7x4yvf
2024-02-19T17:25:31.211Z - debug: Converting with chrome HeadlessChrome/117.0.5938.149 using chrome-pool strategy rootId=okp8f1x1s712q2m, id=czc8ya7lw7x4yvf
2024-02-19T17:25:31.212Z - debug: Page request: GET (document) file:///C:/Users/elbom/AppData/Local/Temp/jsreport/autocleanup/cfa37f55-94f9-48d4-8245-18b633c0f97d-chrome-pdf.html rootId=okp8f1x1s712q2m, id=czc8ya7lw7x4yvf
2024-02-19T17:25:31.212Z - debug: Page request: GET (stylesheet) https://cdnjs.cloudflare.com/ajax/libs/metro/4.1.5/css/metro.min.css rootId=okp8f1x1s712q2m, id=czc8ya7lw7x4yvf
2024-02-19T17:25:31.212Z - debug: Page request finished: GET (document) 200 file:///C:/Users/elbom/AppData/Local/Temp/jsreport/autocleanup/cfa37f55-94f9-48d4-8245-18b633c0f97d-chrome-pdf.html rootId=okp8f1x1s712q2m, id=czc8ya7lw7x4yvf
2024-02-19T17:25:31.213Z - debug: Page request finished: GET (stylesheet) 200 https://cdnjs.cloudflare.com/ajax/libs/metro/4.1.5/css/metro.min.css rootId=okp8f1x1s712q2m, id=czc8ya7lw7x4yvf
2024-02-19T17:25:31.273Z - debug: Running chrome with params {"printBackground":true,"marginTop":"1.5cm","marginRight":"1.5cm","marginLeft":"1.cm","timeout":59624,"margin":{"top":"1.5cm","right":"1.5cm","left":"1.cm"}} rootId=okp8f1x1s712q2m, id=czc8ya7lw7x4yvf
2024-02-19T17:25:31.274Z - debug: Skipping storing report. rootId=okp8f1x1s712q2m, id=czc8ya7lw7x4yvf
2024-02-19T17:25:31.274Z - info: Rendering (child) request finished in 498 ms rootId=okp8f1x1s712q2m, id=czc8ya7lw7x4yvf
2024-02-19T17:25:31.274Z - debug: pdf-utils postproces start rootId=okp8f1x1s712q2m, id=okp8f1x1s712q2m
2024-02-19T17:25:31.275Z - debug: pdf-utils postproces end rootId=okp8f1x1s712q2m, id=okp8f1x1s712q2m
2024-02-19T17:25:31.275Z - info: pdf-utils pdf processing was finished rootId=okp8f1x1s712q2m, id=okp8f1x1s712q2m
2024-02-19T17:25:31.275Z - debug: Skipping storing report. rootId=okp8f1x1s712q2m, id=okp8f1x1s712q2m
2024-02-19T17:25:31.275Z - info: Rendering request 6 finished in 522 ms rootId=okp8f1x1s712q2m, id=okp8f1x1s712q2m
2024-02-19T17:25:43.619Z - info: Render request 7 queued for execution and waiting for available worker rootId=i5g0dva6x419llb, id=i5g0dva6x419llb
2024-02-19T17:25:43.631Z - info: Starting rendering request 7 rootId=i5g0dva6x419llb, id=i5g0dva6x419llb
2024-02-19T17:25:43.632Z - info: Rendering template { name: schools-main, recipe: chrome-pdf, engine: handlebars, preview: false } rootId=i5g0dva6x419llb, id=i5g0dva6x419llb
2024-02-19T17:25:43.632Z - debug: Inline data specified. rootId=i5g0dva6x419llb, id=i5g0dva6x419llb
2024-02-19T17:25:43.632Z - debug: Executing script schools-script (beforeRender) rootId=i5g0dva6x419llb, id=i5g0dva6x419llb
2024-02-19T17:25:43.676Z - debug: Base url not specified, skipping its injection. rootId=i5g0dva6x419llb, id=i5g0dva6x419llb
2024-02-19T17:25:43.677Z - debug: Rendering engine handlebars rootId=i5g0dva6x419llb, id=i5g0dva6x419llb
2024-02-19T17:25:43.723Z - debug: [36m(console:log) Pdf utils adding group field, value: "IES Los Gladiolos"[39m userLevel=true, rootId=i5g0dva6x419llb, id=i5g0dva6x419llb
2024-02-19T17:25:43.724Z - debug: Executing recipe chrome-pdf rootId=i5g0dva6x419llb, id=i5g0dva6x419llb
2024-02-19T17:25:43.724Z - debug: Converting with chrome HeadlessChrome/117.0.5938.149 using chrome-pool strategy rootId=i5g0dva6x419llb, id=i5g0dva6x419llb
2024-02-19T17:25:43.835Z - debug: Page request: GET (document) file:///C:/Users/elbom/AppData/Local/Temp/jsreport/autocleanup/e5452042-c942-4667-90c0-39273836b8cd-chrome-pdf.html rootId=i5g0dva6x419llb, id=i5g0dva6x419llb
2024-02-19T17:25:43.836Z - debug: Page request: GET (stylesheet) https://cdnjs.cloudflare.com/ajax/libs/metro/4.1.5/css/metro.min.css rootId=i5g0dva6x419llb, id=i5g0dva6x419llb
2024-02-19T17:25:43.836Z - debug: Page request: GET (script) https://cdnjs.cloudflare.com/ajax/libs/Chart.js/2.7.2/Chart.min.js rootId=i5g0dva6x419llb, id=i5g0dva6x419llb
2024-02-19T17:25:43.837Z - debug: Page request finished: GET (document) 200 file:///C:/Users/elbom/AppData/Local/Temp/jsreport/autocleanup/e5452042-c942-4667-90c0-39273836b8cd-chrome-pdf.html rootId=i5g0dva6x419llb, id=i5g0dva6x419llb
2024-02-19T17:25:43.837Z - debug: Page request finished: GET (stylesheet) 200 https://cdnjs.cloudflare.com/ajax/libs/metro/4.1.5/css/metro.min.css rootId=i5g0dva6x419llb, id=i5g0dva6x419llb
2024-02-19T17:25:43.837Z - debug: Page request finished: GET (script) 200 https://cdnjs.cloudflare.com/ajax/libs/Chart.js/2.7.2/Chart.min.js rootId=i5g0dva6x419llb, id=i5g0dva6x419llb
2024-02-19T17:25:43.961Z - debug: Running chrome with params {"printBackground":true,"marginTop":"4cm","marginRight":"1.5cm","marginBottom":"1.5cm","marginLeft":"1.5cm","timeout":59931,"margin":{"top":"4cm","right":"1.5cm","bottom":"1.5cm","left":"1.5cm"}} rootId=i5g0dva6x419llb, id=i5g0dva6x419llb
2024-02-19T17:25:43.962Z - info: pdf-utils is starting pdf processing rootId=i5g0dva6x419llb, id=i5g0dva6x419llb
2024-02-19T17:25:43.963Z - debug: pdf-utils detected 1 pdf operation(s) to process rootId=i5g0dva6x419llb, id=i5g0dva6x419llb
2024-02-19T17:25:43.963Z - debug: pdf-utils running pdf operation merge rootId=i5g0dva6x419llb, id=i5g0dva6x419llb
2024-02-19T17:25:43.968Z - info: Starting rendering (child) request rootId=i5g0dva6x419llb, id=kdn9s7nt22vytyb
2024-02-19T17:25:43.968Z - info: Rendering template { name: schools-header, recipe: chrome-pdf, engine: handlebars, preview: false } rootId=i5g0dva6x419llb, id=kdn9s7nt22vytyb
2024-02-19T17:25:43.969Z - debug: Inline data specified. rootId=i5g0dva6x419llb, id=kdn9s7nt22vytyb
2024-02-19T17:25:43.970Z - debug: Base url not specified, skipping its injection. rootId=i5g0dva6x419llb, id=kdn9s7nt22vytyb
2024-02-19T17:25:43.970Z - debug: Rendering engine handlebars rootId=i5g0dva6x419llb, id=kdn9s7nt22vytyb
2024-02-19T17:25:44.061Z - debug: Executing recipe chrome-pdf rootId=i5g0dva6x419llb, id=kdn9s7nt22vytyb
2024-02-19T17:25:44.062Z - debug: Converting with chrome HeadlessChrome/117.0.5938.149 using chrome-pool strategy rootId=i5g0dva6x419llb, id=kdn9s7nt22vytyb
2024-02-19T17:25:44.063Z - debug: Page request: GET (document) file:///C:/Users/elbom/AppData/Local/Temp/jsreport/autocleanup/30270ba6-6043-48d3-85be-454111411fb1-chrome-pdf.html rootId=i5g0dva6x419llb, id=kdn9s7nt22vytyb
2024-02-19T17:25:44.063Z - debug: Page request: GET (stylesheet) https://cdnjs.cloudflare.com/ajax/libs/metro/4.1.5/css/metro.min.css rootId=i5g0dva6x419llb, id=kdn9s7nt22vytyb
2024-02-19T17:25:44.063Z - debug: Page request finished: GET (document) 200 file:///C:/Users/elbom/AppData/Local/Temp/jsreport/autocleanup/30270ba6-6043-48d3-85be-454111411fb1-chrome-pdf.html rootId=i5g0dva6x419llb, id=kdn9s7nt22vytyb
2024-02-19T17:25:44.132Z - debug: Page request finished: GET (stylesheet) 200 https://cdnjs.cloudflare.com/ajax/libs/metro/4.1.5/css/metro.min.css rootId=i5g0dva6x419llb, id=kdn9s7nt22vytyb
2024-02-19T17:25:44.133Z - debug: Running chrome with params {"printBackground":true,"marginTop":"1.5cm","marginRight":"1.5cm","marginLeft":"1.cm","timeout":59639,"margin":{"top":"1.5cm","right":"1.5cm","left":"1.cm"}} rootId=i5g0dva6x419llb, id=kdn9s7nt22vytyb
2024-02-19T17:25:44.133Z - debug: Skipping storing report. rootId=i5g0dva6x419llb, id=kdn9s7nt22vytyb
2024-02-19T17:25:44.134Z - info: Rendering (child) request finished in 494 ms rootId=i5g0dva6x419llb, id=kdn9s7nt22vytyb
2024-02-19T17:25:44.134Z - debug: pdf-utils postproces start rootId=i5g0dva6x419llb, id=i5g0dva6x419llb
2024-02-19T17:25:44.134Z - debug: pdf-utils postproces end rootId=i5g0dva6x419llb, id=i5g0dva6x419llb
2024-02-19T17:25:44.134Z - info: pdf-utils pdf processing was finished rootId=i5g0dva6x419llb, id=i5g0dva6x419llb
2024-02-19T17:25:44.135Z - debug: Skipping storing report. rootId=i5g0dva6x419llb, id=i5g0dva6x419llb
2024-02-19T17:25:44.135Z - info: Rendering request 7 finished in 514 ms rootId=i5g0dva6x419llb, id=i5g0dva6x419llb
2024-02-19T18:38:52.318Z - info: Initializing jsreport (version: 4.2.0, configuration file: jsreport.config.json, nodejs: 18.17.1)
2024-02-19T18:38:52.328Z - info: Searching for available extensions in C:\Users\elbom\Desktop\MetaHospitalFp\MetaHospitalFP\reports\
2024-02-19T18:38:52.356Z - info: Extensions location cache contains up to date information, skipping crawling in C:\Users\elbom\Desktop\MetaHospitalFp\MetaHospitalFP\reports\
2024-02-19T18:38:52.410Z - info: Found 35 extension(s)
2024-02-19T18:38:52.561Z - debug: Writing extension locations cache to C:\Users\elbom\AppData\Local\Temp\jsreport\core\locations.json
2024-02-19T18:38:52.568Z - debug: Discovered 35 extensions
2024-02-19T18:38:52.738Z - debug: Extension authentication@4.0.1 is disabled, skipping
2024-02-19T18:38:52.748Z - info: Using extension base@4.0.0
2024-02-19T18:38:52.773Z - info: Using extension child-templates@4.0.0
2024-02-19T18:38:52.788Z - info: Using extension cli@4.0.2
2024-02-19T18:38:52.807Z - info: Using extension components@4.0.0
2024-02-19T18:38:52.817Z - info: Using extension data@4.0.0
2024-02-19T18:38:52.825Z - info: Using extension express@4.0.1
2024-02-19T18:38:54.663Z - info: Using extension freeze@4.0.0
2024-02-19T18:38:54.677Z - info: Using extension fs-store@4.0.1
2024-02-19T18:38:55.224Z - info: Using extension handlebars@4.0.1
2024-02-19T18:38:55.232Z - info: Using extension import-export@4.0.2
2024-02-19T18:38:55.290Z - info: Using extension jsrender@4.0.0
2024-02-19T18:38:55.295Z - info: Using extension licensing@4.0.1
2024-02-19T18:38:55.407Z - info: Using extension localization@4.0.1
2024-02-19T18:38:55.412Z - info: Using extension npm@4.0.0
2024-02-19T18:38:55.424Z - info: Using extension pdf-utils@4.0.2
2024-02-19T18:38:55.433Z - info: Using extension reports@4.0.0
2024-02-19T18:38:55.444Z - info: Using extension tags@4.0.1
2024-02-19T18:38:55.452Z - info: Using extension text@4.0.0
2024-02-19T18:38:55.456Z - info: Using extension version-control@4.0.0
2024-02-19T18:38:55.521Z - info: Using extension assets@4.0.2
2024-02-19T18:38:55.574Z - info: Using extension authorization@4.0.0
2024-02-19T18:38:55.595Z - debug: Extension authorization@4.0.0 was disabled
2024-02-19T18:38:55.598Z - info: Using extension browser-client@4.0.0
2024-02-19T18:38:55.611Z - info: Using extension chrome-pdf@4.0.0
2024-02-19T18:38:55.625Z - debug: Chrome strategy is chrome-pool, numberOfWorkers: 1
2024-02-19T18:38:55.627Z - info: Using extension docx@4.1.1
2024-02-19T18:38:55.638Z - info: Using extension html-to-xlsx@4.0.1
2024-02-19T18:38:57.459Z - info: html-to-xlsx detected chrome as available html engine
2024-02-19T18:38:57.461Z - info: Using extension pptx@4.1.0
2024-02-19T18:38:57.472Z - info: Using extension scheduling@4.0.0
2024-02-19T18:38:57.612Z - info: Using extension scripts@4.0.0
2024-02-19T18:38:57.619Z - info: Using extension static-pdf@4.0.0
2024-02-19T18:38:57.624Z - info: Using extension studio@4.0.2
2024-02-19T18:38:58.142Z - info: Using extension xlsx@4.0.2
2024-02-19T18:38:58.151Z - info: Using extension public-templates@4.0.0
2024-02-19T18:38:58.157Z - debug: Extension public-templates@4.0.0 was disabled
2024-02-19T18:38:58.159Z - info: Using extension sample-template@4.0.0
2024-02-19T18:38:58.169Z - info: Using extension studio-theme-dark@4.0.0
2024-02-19T18:38:58.177Z - info: Code sandboxing is disabled, users can potentially penetrate the local system if you allow code from external users to be part of your reports
2024-02-19T18:38:58.180Z - info: Using general timeout for rendering (reportTimeout: 60000)
2024-02-19T18:38:58.181Z - info: Using fs provider for template store.
2024-02-19T18:38:58.202Z - info: fs store is persisting using fs for C:\Users\elbom\Desktop\MetaHospitalFp\MetaHospitalFP\reports\data
2024-02-19T18:38:58.228Z - info: fs store is loading data
2024-02-19T18:38:58.293Z - info: fs store is initialized successfully
2024-02-19T18:38:58.318Z - debug: studio default theme is: light
2024-02-19T18:38:58.342Z - info: Creating default express app.
2024-02-19T18:38:58.451Z - info: jsreport server successfully started on http port: 5488
2024-02-19T18:38:58.457Z - info: Verifying license key free
2024-02-19T18:38:58.462Z - info: Using free license
2024-02-19T18:38:58.485Z - info: Initializing worker threads
2024-02-19T18:38:58.488Z - debug: Extensions in workers: base, child-templates, components, data, express, handlebars, jsrender, localization, npm, pdf-utils, reports, text, version-control, assets, browser-client, chrome-pdf, docx, html-to-xlsx, pptx, scripts, static-pdf, studio, xlsx
2024-02-19T18:38:59.619Z - info: 2 worker threads initialized in 1134ms
2024-02-19T18:38:59.622Z - info: Starting temp files cleanup with 180000ms threshold
2024-02-19T18:38:59.626Z - info: reporter initialized
2024-02-19T18:39:03.058Z - info: Render request 1 queued for execution and waiting for available worker rootId=e63ryxi3cvqd44o, id=e63ryxi3cvqd44o
2024-02-19T18:39:03.189Z - info: Starting rendering request 1 rootId=e63ryxi3cvqd44o, id=e63ryxi3cvqd44o
2024-02-19T18:39:03.193Z - info: Rendering template { name: schools-main, recipe: chrome-pdf, engine: handlebars, preview: false } rootId=e63ryxi3cvqd44o, id=e63ryxi3cvqd44o
2024-02-19T18:39:03.201Z - debug: Inline data specified. rootId=e63ryxi3cvqd44o, id=e63ryxi3cvqd44o
2024-02-19T18:39:03.205Z - debug: Executing script schools-script (beforeRender) rootId=e63ryxi3cvqd44o, id=e63ryxi3cvqd44o
2024-02-19T18:39:04.219Z - warn: Error when processing render request 1
(because) error when evaluating custom script /templates/Schools/schools-script
filteredSchools.map is not a function

(sandbox.js line 78:48)

  76 |     const filteredSchools = schoolId ? schools.filter(school => school.id === schoolId) : schools;
  77 |
> 78 |     const schoolDataPromises = filteredSchools.map(async (school) => {
     |                                                ^
  79 |         const teachers = await fetchTeachers(token, school.id);
  80 |         const students = await fetchStudents(token, school.id);
  81 |

(sandbox.js line 97:24)

   95 |     const schoolId = req.data.schoolId || null;
   96 |     const token = req.data.token || 'eyJhbGciOiJIUzI1NiIsInR5cCI6IkpXVCJ9.eyJpZCI6MSwidXNlcm5hbWUiOiJhZG1pbiIsIm5hbWUiOiJKb3JnZSBNZWzDqW5kZXogR29kb3kiLCJwYXNzd29yZCI6IiQyYSQxMCR4TUQ2dkx2eGRtS2ZWeEg1Z01MQ2p1UjdJa1BVY3Q0MGlMaVZPOHNwU2xJN0l0bDIxVC5oZSIsInJvbGUiOiJhZG1pbiIsImlhdCI6MTcwODM2MTkwOCwiZXhwIjoxNzA4NDQ4MzA4fQ.ArWtwn7MaE6q3cG8QxdEQv4J-OIvvPb_tuk6oFnXENk'; 
>  97 |     req.data.schools = await prepareDataSource(schoolId, token);
      |                        ^
   98 | }
   99 |
  100 |


TypeError: filteredSchools.map is not a function
    at prepareDataSource (sandbox.js:78:48)
    at process.processTicksAndRejections (node:internal/process/task_queues:95:5)
    at async Object.beforeRender (sandbox.js:97:24)
    at async executionFn (C:\Users\elbom\Desktop\MetaHospitalFp\MetaHospitalFP\reports\node_modules\@jsreport\jsreport-scripts\lib\executeScript.js:67:11)
    at async run (C:\Users\elbom\Desktop\MetaHospitalFp\MetaHospitalFP\reports\node_modules\@jsreport\jsreport-core\lib\worker\sandbox\createSandbox.js:137:16)
    at async WorkerReporter.runInSandbox [as _runInSandbox] (C:\Users\elbom\Desktop\MetaHospitalFp\MetaHospitalFP\reports\node_modules\@jsreport\jsreport-core\lib\worker\sandbox\runInSandbox.js:195:14)
    at async executeScript (C:\Users\elbom\Desktop\MetaHospitalFp\MetaHospitalFP\reports\node_modules\@jsreport\jsreport-scripts\lib\executeScript.js:122:12)
    at async Scripts._runScript (C:\Users\elbom\Desktop\MetaHospitalFp\MetaHospitalFP\reports\node_modules\@jsreport\jsreport-scripts\lib\worker.js:140:30)
    at async Scripts.handleBeforeRender (C:\Users\elbom\Desktop\MetaHospitalFp\MetaHospitalFP\reports\node_modules\@jsreport\jsreport-scripts\lib\worker.js:64:7)
    at async ListenerCollection.fire (C:\Users\elbom\Desktop\MetaHospitalFp\MetaHospitalFP\reports\node_modules\@jsreport\jsreport-core\lib\shared\listenerCollection.js:157:21) rootId=e63ryxi3cvqd44o, id=e63ryxi3cvqd44o
2024-02-19T18:39:04.238Z - warn: Rendering request 1 finished with error in 1168 ms rootId=e63ryxi3cvqd44o, id=e63ryxi3cvqd44o
2024-02-19T18:39:04.250Z - warn: Error during processing request at http://localhost:5488/api/report
2024-02-19T18:39:15.852Z - info: Render request 2 queued for execution and waiting for available worker rootId=u124v5a8nmn6blb, id=u124v5a8nmn6blb
2024-02-19T18:39:15.951Z - info: Starting rendering request 2 rootId=u124v5a8nmn6blb, id=u124v5a8nmn6blb
2024-02-19T18:39:15.953Z - info: Rendering template { name: schools-main, recipe: chrome-pdf, engine: handlebars, preview: false } rootId=u124v5a8nmn6blb, id=u124v5a8nmn6blb
2024-02-19T18:39:16.009Z - debug: Inline data specified. rootId=u124v5a8nmn6blb, id=u124v5a8nmn6blb
2024-02-19T18:39:16.016Z - debug: Executing script schools-script (beforeRender) rootId=u124v5a8nmn6blb, id=u124v5a8nmn6blb
2024-02-19T18:39:17.349Z - debug: Base url not specified, skipping its injection. rootId=u124v5a8nmn6blb, id=u124v5a8nmn6blb
2024-02-19T18:39:17.351Z - debug: Rendering engine handlebars rootId=u124v5a8nmn6blb, id=u124v5a8nmn6blb
2024-02-19T18:39:19.709Z - debug: [36m(console:log) Pdf utils adding group field, value: "IES Los Gladiolos"[39m userLevel=true, rootId=u124v5a8nmn6blb, id=u124v5a8nmn6blb
2024-02-19T18:39:19.717Z - debug: Executing recipe chrome-pdf rootId=u124v5a8nmn6blb, id=u124v5a8nmn6blb
2024-02-19T18:39:20.549Z - debug: Converting with chrome HeadlessChrome/117.0.5938.149 using chrome-pool strategy rootId=u124v5a8nmn6blb, id=u124v5a8nmn6blb
2024-02-19T18:39:21.080Z - debug: Page request: GET (document) file:///C:/Users/elbom/AppData/Local/Temp/jsreport/autocleanup/18df4694-8ae4-4a1b-933d-5f0970c0ff7a-chrome-pdf.html rootId=u124v5a8nmn6blb, id=u124v5a8nmn6blb
2024-02-19T18:39:21.190Z - debug: Page request: GET (stylesheet) https://cdnjs.cloudflare.com/ajax/libs/metro/4.1.5/css/metro.min.css rootId=u124v5a8nmn6blb, id=u124v5a8nmn6blb
2024-02-19T18:39:21.193Z - debug: Page request: GET (script) https://cdnjs.cloudflare.com/ajax/libs/Chart.js/2.7.2/Chart.min.js rootId=u124v5a8nmn6blb, id=u124v5a8nmn6blb
2024-02-19T18:39:21.195Z - debug: Page request finished: GET (document) 200 file:///C:/Users/elbom/AppData/Local/Temp/jsreport/autocleanup/18df4694-8ae4-4a1b-933d-5f0970c0ff7a-chrome-pdf.html rootId=u124v5a8nmn6blb, id=u124v5a8nmn6blb
2024-02-19T18:39:24.275Z - debug: Page request finished: GET (stylesheet) 200 https://cdnjs.cloudflare.com/ajax/libs/metro/4.1.5/css/metro.min.css rootId=u124v5a8nmn6blb, id=u124v5a8nmn6blb
2024-02-19T18:39:24.278Z - debug: Page request finished: GET (script) 200 https://cdnjs.cloudflare.com/ajax/libs/Chart.js/2.7.2/Chart.min.js rootId=u124v5a8nmn6blb, id=u124v5a8nmn6blb
2024-02-19T18:39:24.487Z - debug: Running chrome with params {"printBackground":true,"marginTop":"4cm","marginRight":"1.5cm","marginBottom":"1.5cm","marginLeft":"1.5cm","timeout":56128,"margin":{"top":"4cm","right":"1.5cm","bottom":"1.5cm","left":"1.5cm"}} rootId=u124v5a8nmn6blb, id=u124v5a8nmn6blb
2024-02-19T18:39:26.335Z - info: pdf-utils is starting pdf processing rootId=u124v5a8nmn6blb, id=u124v5a8nmn6blb
2024-02-19T18:39:26.337Z - debug: pdf-utils detected 1 pdf operation(s) to process rootId=u124v5a8nmn6blb, id=u124v5a8nmn6blb
2024-02-19T18:39:26.339Z - debug: pdf-utils running pdf operation merge rootId=u124v5a8nmn6blb, id=u124v5a8nmn6blb
2024-02-19T18:39:26.355Z - info: Starting rendering (child) request rootId=u124v5a8nmn6blb, id=bmj30d4ltpwtl2g
2024-02-19T18:39:26.357Z - info: Rendering template { name: schools-header, recipe: chrome-pdf, engine: handlebars, preview: false } rootId=u124v5a8nmn6blb, id=bmj30d4ltpwtl2g
2024-02-19T18:39:26.359Z - debug: Inline data specified. rootId=u124v5a8nmn6blb, id=bmj30d4ltpwtl2g
2024-02-19T18:39:26.360Z - debug: Base url not specified, skipping its injection. rootId=u124v5a8nmn6blb, id=bmj30d4ltpwtl2g
2024-02-19T18:39:26.362Z - debug: Rendering engine handlebars rootId=u124v5a8nmn6blb, id=bmj30d4ltpwtl2g
2024-02-19T18:39:26.578Z - debug: Executing recipe chrome-pdf rootId=u124v5a8nmn6blb, id=bmj30d4ltpwtl2g
2024-02-19T18:39:26.581Z - debug: Converting with chrome HeadlessChrome/117.0.5938.149 using chrome-pool strategy rootId=u124v5a8nmn6blb, id=bmj30d4ltpwtl2g
2024-02-19T18:39:26.786Z - debug: Page request: GET (document) file:///C:/Users/elbom/AppData/Local/Temp/jsreport/autocleanup/0fafe933-199c-4433-846f-1d5ab43f8071-chrome-pdf.html rootId=u124v5a8nmn6blb, id=bmj30d4ltpwtl2g
2024-02-19T18:39:26.789Z - debug: Page request: GET (stylesheet) https://cdnjs.cloudflare.com/ajax/libs/metro/4.1.5/css/metro.min.css rootId=u124v5a8nmn6blb, id=bmj30d4ltpwtl2g
2024-02-19T18:39:26.792Z - debug: Page request finished: GET (document) 200 file:///C:/Users/elbom/AppData/Local/Temp/jsreport/autocleanup/0fafe933-199c-4433-846f-1d5ab43f8071-chrome-pdf.html rootId=u124v5a8nmn6blb, id=bmj30d4ltpwtl2g
2024-02-19T18:39:26.856Z - info: Render request 3 queued for execution and waiting for available worker rootId=k8ef1fm51pelpi5, id=k8ef1fm51pelpi5
2024-02-19T18:39:26.907Z - debug: Page request finished: GET (stylesheet) 200 https://cdnjs.cloudflare.com/ajax/libs/metro/4.1.5/css/metro.min.css rootId=u124v5a8nmn6blb, id=bmj30d4ltpwtl2g
2024-02-19T18:39:26.939Z - info: Starting rendering request 3 rootId=k8ef1fm51pelpi5, id=k8ef1fm51pelpi5
2024-02-19T18:39:26.942Z - info: Rendering template { name: schools-main, recipe: chrome-pdf, engine: handlebars, preview: false } rootId=k8ef1fm51pelpi5, id=k8ef1fm51pelpi5
2024-02-19T18:39:26.946Z - debug: Inline data specified. rootId=k8ef1fm51pelpi5, id=k8ef1fm51pelpi5
2024-02-19T18:39:26.949Z - debug: Executing script schools-script (beforeRender) rootId=k8ef1fm51pelpi5, id=k8ef1fm51pelpi5
2024-02-19T18:39:27.017Z - debug: Running chrome with params {"printBackground":true,"marginTop":"1.5cm","marginRight":"1.5cm","marginLeft":"1.cm","timeout":49364,"margin":{"top":"1.5cm","right":"1.5cm","left":"1.cm"}} rootId=u124v5a8nmn6blb, id=bmj30d4ltpwtl2g
2024-02-19T18:39:27.327Z - debug: Skipping storing report. rootId=u124v5a8nmn6blb, id=bmj30d4ltpwtl2g
2024-02-19T18:39:27.331Z - info: Rendering (child) request finished in 11244 ms rootId=u124v5a8nmn6blb, id=bmj30d4ltpwtl2g
2024-02-19T18:39:27.334Z - debug: pdf-utils postproces start rootId=u124v5a8nmn6blb, id=u124v5a8nmn6blb
2024-02-19T18:39:27.338Z - debug: pdf-utils postproces end rootId=u124v5a8nmn6blb, id=u124v5a8nmn6blb
2024-02-19T18:39:27.340Z - info: pdf-utils pdf processing was finished rootId=u124v5a8nmn6blb, id=u124v5a8nmn6blb
2024-02-19T18:39:27.343Z - debug: Skipping storing report. rootId=u124v5a8nmn6blb, id=u124v5a8nmn6blb
2024-02-19T18:39:27.345Z - info: Rendering request 2 finished in 11481 ms rootId=u124v5a8nmn6blb, id=u124v5a8nmn6blb
2024-02-19T18:39:27.407Z - debug: Base url not specified, skipping its injection. rootId=k8ef1fm51pelpi5, id=k8ef1fm51pelpi5
2024-02-19T18:39:27.410Z - debug: Rendering engine handlebars rootId=k8ef1fm51pelpi5, id=k8ef1fm51pelpi5
2024-02-19T18:39:29.974Z - debug: [36m(console:log) Pdf utils adding group field, value: "IES Los Gladiolos"[39m userLevel=true, rootId=k8ef1fm51pelpi5, id=k8ef1fm51pelpi5
2024-02-19T18:39:29.978Z - debug: Executing recipe chrome-pdf rootId=k8ef1fm51pelpi5, id=k8ef1fm51pelpi5
2024-02-19T18:39:30.500Z - debug: Converting with chrome HeadlessChrome/117.0.5938.149 using chrome-pool strategy rootId=k8ef1fm51pelpi5, id=k8ef1fm51pelpi5
2024-02-19T18:39:31.029Z - debug: Page request: GET (document) file:///C:/Users/elbom/AppData/Local/Temp/jsreport/autocleanup/b86e5f5b-18e1-4e33-bb21-574457513629-chrome-pdf.html rootId=k8ef1fm51pelpi5, id=k8ef1fm51pelpi5
2024-02-19T18:39:31.032Z - debug: Page request: GET (stylesheet) https://cdnjs.cloudflare.com/ajax/libs/metro/4.1.5/css/metro.min.css rootId=k8ef1fm51pelpi5, id=k8ef1fm51pelpi5
2024-02-19T18:39:31.035Z - debug: Page request: GET (script) https://cdnjs.cloudflare.com/ajax/libs/Chart.js/2.7.2/Chart.min.js rootId=k8ef1fm51pelpi5, id=k8ef1fm51pelpi5
2024-02-19T18:39:31.040Z - debug: Page request finished: GET (document) 200 file:///C:/Users/elbom/AppData/Local/Temp/jsreport/autocleanup/b86e5f5b-18e1-4e33-bb21-574457513629-chrome-pdf.html rootId=k8ef1fm51pelpi5, id=k8ef1fm51pelpi5
2024-02-19T18:39:31.333Z - debug: Page request finished: GET (stylesheet) 200 https://cdnjs.cloudflare.com/ajax/libs/metro/4.1.5/css/metro.min.css rootId=k8ef1fm51pelpi5, id=k8ef1fm51pelpi5
2024-02-19T18:39:31.336Z - debug: Page request finished: GET (script) 200 https://cdnjs.cloudflare.com/ajax/libs/Chart.js/2.7.2/Chart.min.js rootId=k8ef1fm51pelpi5, id=k8ef1fm51pelpi5
2024-02-19T18:39:31.540Z - debug: Running chrome with params {"printBackground":true,"marginTop":"4cm","marginRight":"1.5cm","marginBottom":"1.5cm","marginLeft":"1.5cm","timeout":56870,"margin":{"top":"4cm","right":"1.5cm","bottom":"1.5cm","left":"1.5cm"}} rootId=k8ef1fm51pelpi5, id=k8ef1fm51pelpi5
2024-02-19T18:39:33.168Z - info: pdf-utils is starting pdf processing rootId=k8ef1fm51pelpi5, id=k8ef1fm51pelpi5
2024-02-19T18:39:33.171Z - debug: pdf-utils detected 1 pdf operation(s) to process rootId=k8ef1fm51pelpi5, id=k8ef1fm51pelpi5
2024-02-19T18:39:33.172Z - debug: pdf-utils running pdf operation merge rootId=k8ef1fm51pelpi5, id=k8ef1fm51pelpi5
2024-02-19T18:39:33.186Z - info: Starting rendering (child) request rootId=k8ef1fm51pelpi5, id=cx9p91s9bu8d14o
2024-02-19T18:39:33.188Z - info: Rendering template { name: schools-header, recipe: chrome-pdf, engine: handlebars, preview: false } rootId=k8ef1fm51pelpi5, id=cx9p91s9bu8d14o
2024-02-19T18:39:33.190Z - debug: Inline data specified. rootId=k8ef1fm51pelpi5, id=cx9p91s9bu8d14o
2024-02-19T18:39:33.191Z - debug: Base url not specified, skipping its injection. rootId=k8ef1fm51pelpi5, id=cx9p91s9bu8d14o
2024-02-19T18:39:33.193Z - debug: Rendering engine handlebars rootId=k8ef1fm51pelpi5, id=cx9p91s9bu8d14o
2024-02-19T18:39:33.268Z - debug: Executing recipe chrome-pdf rootId=k8ef1fm51pelpi5, id=cx9p91s9bu8d14o
2024-02-19T18:39:33.382Z - debug: Converting with chrome HeadlessChrome/117.0.5938.149 using chrome-pool strategy rootId=k8ef1fm51pelpi5, id=cx9p91s9bu8d14o
2024-02-19T18:39:33.595Z - debug: Page request: GET (document) file:///C:/Users/elbom/AppData/Local/Temp/jsreport/autocleanup/6568c911-907f-4703-b500-13734b243c53-chrome-pdf.html rootId=k8ef1fm51pelpi5, id=cx9p91s9bu8d14o
2024-02-19T18:39:33.597Z - debug: Page request: GET (stylesheet) https://cdnjs.cloudflare.com/ajax/libs/metro/4.1.5/css/metro.min.css rootId=k8ef1fm51pelpi5, id=cx9p91s9bu8d14o
2024-02-19T18:39:33.599Z - debug: Page request finished: GET (document) 200 file:///C:/Users/elbom/AppData/Local/Temp/jsreport/autocleanup/6568c911-907f-4703-b500-13734b243c53-chrome-pdf.html rootId=k8ef1fm51pelpi5, id=cx9p91s9bu8d14o
2024-02-19T18:39:33.696Z - debug: Page request finished: GET (stylesheet) 200 https://cdnjs.cloudflare.com/ajax/libs/metro/4.1.5/css/metro.min.css rootId=k8ef1fm51pelpi5, id=cx9p91s9bu8d14o
2024-02-19T18:39:33.698Z - debug: Running chrome with params {"printBackground":true,"marginTop":"1.5cm","marginRight":"1.5cm","marginLeft":"1.cm","timeout":53586,"margin":{"top":"1.5cm","right":"1.5cm","left":"1.cm"}} rootId=k8ef1fm51pelpi5, id=cx9p91s9bu8d14o
2024-02-19T18:39:33.918Z - debug: Skipping storing report. rootId=k8ef1fm51pelpi5, id=cx9p91s9bu8d14o
2024-02-19T18:39:33.921Z - info: Rendering (child) request finished in 6926 ms rootId=k8ef1fm51pelpi5, id=cx9p91s9bu8d14o
2024-02-19T18:39:33.922Z - debug: pdf-utils postproces start rootId=k8ef1fm51pelpi5, id=k8ef1fm51pelpi5
2024-02-19T18:39:33.924Z - debug: pdf-utils postproces end rootId=k8ef1fm51pelpi5, id=k8ef1fm51pelpi5
2024-02-19T18:39:33.925Z - info: pdf-utils pdf processing was finished rootId=k8ef1fm51pelpi5, id=k8ef1fm51pelpi5
2024-02-19T18:39:33.926Z - debug: Skipping storing report. rootId=k8ef1fm51pelpi5, id=k8ef1fm51pelpi5
2024-02-19T18:39:33.928Z - info: Rendering request 3 finished in 7066 ms rootId=k8ef1fm51pelpi5, id=k8ef1fm51pelpi5
2024-02-19T18:39:58.291Z - warn: Cleaning fs journal failed, will reload Unexpected end of JSON input stack=SyntaxError: Unexpected end of JSON input
    at JSON.parse (<anonymous>)
    at module.exports.parse (C:\Users\elbom\Desktop\MetaHospitalFp\MetaHospitalFP\reports\node_modules\@jsreport\serializator\index.js:58:15)
    at parse (C:\Users\elbom\Desktop\MetaHospitalFp\MetaHospitalFP\reports\node_modules\@jsreport\jsreport-fs-store\lib\customUtils.js:63:10)
    at Object.clean (C:\Users\elbom\Desktop\MetaHospitalFp\MetaHospitalFP\reports\node_modules\@jsreport\jsreport-fs-store\lib\journal.js:185:24)
    at async lock (C:\Users\elbom\Desktop\MetaHospitalFp\MetaHospitalFP\reports\node_modules\@jsreport\jsreport-fs-store\lib\customUtils.js:150:12)
2024-02-19T18:55:27.827Z - info: Initializing jsreport (version: 4.2.0, configuration file: jsreport.config.json, nodejs: 18.17.1)
2024-02-19T18:55:27.838Z - info: Searching for available extensions in C:\Users\elbom\Desktop\MetaHospitalFp\MetaHospitalFP\reports\
2024-02-19T18:55:27.859Z - info: Extensions location cache contains up to date information, skipping crawling in C:\Users\elbom\Desktop\MetaHospitalFp\MetaHospitalFP\reports\
2024-02-19T18:55:27.900Z - info: Found 35 extension(s)
2024-02-19T18:55:28.029Z - debug: Writing extension locations cache to C:\Users\elbom\AppData\Local\Temp\jsreport\core\locations.json
2024-02-19T18:55:28.037Z - debug: Discovered 35 extensions
2024-02-19T18:55:28.232Z - debug: Extension authentication@4.0.1 is disabled, skipping
2024-02-19T18:55:28.242Z - info: Using extension base@4.0.0
2024-02-19T18:55:28.263Z - info: Using extension child-templates@4.0.0
2024-02-19T18:55:28.285Z - info: Using extension cli@4.0.2
2024-02-19T18:55:28.302Z - info: Using extension components@4.0.0
2024-02-19T18:55:28.310Z - info: Using extension data@4.0.0
2024-02-19T18:55:28.316Z - info: Using extension express@4.0.1
2024-02-19T18:55:29.693Z - info: Using extension freeze@4.0.0
2024-02-19T18:55:29.701Z - info: Using extension fs-store@4.0.1
2024-02-19T18:55:30.280Z - info: Using extension handlebars@4.0.1
2024-02-19T18:55:30.287Z - info: Using extension import-export@4.0.2
2024-02-19T18:55:30.349Z - info: Using extension jsrender@4.0.0
2024-02-19T18:55:30.356Z - info: Using extension licensing@4.0.1
2024-02-19T18:55:30.487Z - info: Using extension localization@4.0.1
2024-02-19T18:55:30.492Z - info: Using extension npm@4.0.0
2024-02-19T18:55:30.507Z - info: Using extension pdf-utils@4.0.2
2024-02-19T18:55:30.519Z - info: Using extension reports@4.0.0
2024-02-19T18:55:30.543Z - info: Using extension tags@4.0.1
2024-02-19T18:55:30.554Z - info: Using extension text@4.0.0
2024-02-19T18:55:30.561Z - info: Using extension version-control@4.0.0
2024-02-19T18:55:30.648Z - info: Using extension assets@4.0.2
2024-02-19T18:55:30.731Z - info: Using extension authorization@4.0.0
2024-02-19T18:55:30.754Z - debug: Extension authorization@4.0.0 was disabled
2024-02-19T18:55:30.757Z - info: Using extension browser-client@4.0.0
2024-02-19T18:55:30.769Z - info: Using extension chrome-pdf@4.0.0
2024-02-19T18:55:30.790Z - debug: Chrome strategy is chrome-pool, numberOfWorkers: 1
2024-02-19T18:55:30.792Z - info: Using extension docx@4.1.1
2024-02-19T18:55:30.807Z - info: Using extension html-to-xlsx@4.0.1
2024-02-19T18:55:32.820Z - info: html-to-xlsx detected chrome as available html engine
2024-02-19T18:55:32.828Z - info: Using extension pptx@4.1.0
2024-02-19T18:55:32.869Z - info: Using extension scheduling@4.0.0
2024-02-19T18:55:33.044Z - info: Using extension scripts@4.0.0
2024-02-19T18:55:33.051Z - info: Using extension static-pdf@4.0.0
2024-02-19T18:55:33.056Z - info: Using extension studio@4.0.2
2024-02-19T18:55:34.519Z - info: Using extension xlsx@4.0.2
2024-02-19T18:55:34.536Z - info: Using extension public-templates@4.0.0
2024-02-19T18:55:34.553Z - debug: Extension public-templates@4.0.0 was disabled
2024-02-19T18:55:34.557Z - info: Using extension sample-template@4.0.0
2024-02-19T18:55:34.587Z - info: Using extension studio-theme-dark@4.0.0
2024-02-19T18:55:34.603Z - info: Code sandboxing is disabled, users can potentially penetrate the local system if you allow code from external users to be part of your reports
2024-02-19T18:55:34.606Z - info: Using general timeout for rendering (reportTimeout: 60000)
2024-02-19T18:55:34.608Z - info: Using fs provider for template store.
2024-02-19T18:55:34.649Z - info: fs store is persisting using fs for C:\Users\elbom\Desktop\MetaHospitalFp\MetaHospitalFP\reports\data
2024-02-19T18:55:34.696Z - info: fs store is loading data
2024-02-19T18:55:34.894Z - info: fs store is initialized successfully
2024-02-19T18:55:34.943Z - debug: studio default theme is: light
2024-02-19T18:55:34.998Z - info: Creating default express app.
2024-02-19T18:55:35.226Z - info: jsreport server successfully started on http port: 5488
2024-02-19T18:55:35.233Z - info: Verifying license key free
2024-02-19T18:55:35.242Z - info: Using free license
2024-02-19T18:55:35.265Z - info: Initializing worker threads
2024-02-19T18:55:35.270Z - debug: Extensions in workers: base, child-templates, components, data, express, handlebars, jsrender, localization, npm, pdf-utils, reports, text, version-control, assets, browser-client, chrome-pdf, docx, html-to-xlsx, pptx, scripts, static-pdf, studio, xlsx
2024-02-19T18:55:37.442Z - info: 2 worker threads initialized in 2176ms
2024-02-19T18:55:37.448Z - info: Starting temp files cleanup with 180000ms threshold
2024-02-19T18:55:37.468Z - info: reporter initialized
2024-02-19T18:56:16.124Z - info: Render request 1 queued for execution and waiting for available worker rootId=vbwxynlzlhrmgfv, id=vbwxynlzlhrmgfv
2024-02-19T18:56:16.258Z - info: Starting rendering request 1 rootId=vbwxynlzlhrmgfv, id=vbwxynlzlhrmgfv
2024-02-19T18:56:16.261Z - info: Rendering template { name: schools-main, recipe: chrome-pdf, engine: handlebars, preview: false } rootId=vbwxynlzlhrmgfv, id=vbwxynlzlhrmgfv
2024-02-19T18:56:16.263Z - debug: Inline data specified. rootId=vbwxynlzlhrmgfv, id=vbwxynlzlhrmgfv
2024-02-19T18:56:16.265Z - debug: Executing script schools-script (beforeRender) rootId=vbwxynlzlhrmgfv, id=vbwxynlzlhrmgfv
2024-02-19T18:56:17.419Z - debug: Base url not specified, skipping its injection. rootId=vbwxynlzlhrmgfv, id=vbwxynlzlhrmgfv
2024-02-19T18:56:17.421Z - debug: Rendering engine handlebars rootId=vbwxynlzlhrmgfv, id=vbwxynlzlhrmgfv
2024-02-19T18:56:19.675Z - debug: [36m(console:log) Pdf utils adding group field, value: "IES Los Gladiolos"[39m userLevel=true, rootId=vbwxynlzlhrmgfv, id=vbwxynlzlhrmgfv
2024-02-19T18:56:19.678Z - debug: Executing recipe chrome-pdf rootId=vbwxynlzlhrmgfv, id=vbwxynlzlhrmgfv
2024-02-19T18:56:22.195Z - debug: Converting with chrome HeadlessChrome/117.0.5938.149 using chrome-pool strategy rootId=vbwxynlzlhrmgfv, id=vbwxynlzlhrmgfv
2024-02-19T18:56:24.555Z - debug: Page request: GET (document) file:///C:/Users/elbom/AppData/Local/Temp/jsreport/autocleanup/72dbf001-6247-423c-a372-68a90891aeb9-chrome-pdf.html rootId=vbwxynlzlhrmgfv, id=vbwxynlzlhrmgfv
2024-02-19T18:56:24.655Z - debug: Page request: GET (stylesheet) https://cdnjs.cloudflare.com/ajax/libs/metro/4.1.5/css/metro.min.css rootId=vbwxynlzlhrmgfv, id=vbwxynlzlhrmgfv
2024-02-19T18:56:24.658Z - debug: Page request: GET (script) https://cdnjs.cloudflare.com/ajax/libs/Chart.js/2.7.2/Chart.min.js rootId=vbwxynlzlhrmgfv, id=vbwxynlzlhrmgfv
2024-02-19T18:56:24.660Z - debug: Page request finished: GET (document) 200 file:///C:/Users/elbom/AppData/Local/Temp/jsreport/autocleanup/72dbf001-6247-423c-a372-68a90891aeb9-chrome-pdf.html rootId=vbwxynlzlhrmgfv, id=vbwxynlzlhrmgfv
2024-02-19T18:56:27.652Z - debug: Page request finished: GET (stylesheet) 200 https://cdnjs.cloudflare.com/ajax/libs/metro/4.1.5/css/metro.min.css rootId=vbwxynlzlhrmgfv, id=vbwxynlzlhrmgfv
2024-02-19T18:56:27.654Z - debug: Page request finished: GET (script) 200 https://cdnjs.cloudflare.com/ajax/libs/Chart.js/2.7.2/Chart.min.js rootId=vbwxynlzlhrmgfv, id=vbwxynlzlhrmgfv
2024-02-19T18:56:27.976Z - debug: Running chrome with params {"printBackground":true,"marginTop":"4cm","marginRight":"1.5cm","marginBottom":"1.5cm","marginLeft":"1.5cm","timeout":56434,"margin":{"top":"4cm","right":"1.5cm","bottom":"1.5cm","left":"1.5cm"}} rootId=vbwxynlzlhrmgfv, id=vbwxynlzlhrmgfv
2024-02-19T18:56:29.640Z - info: pdf-utils is starting pdf processing rootId=vbwxynlzlhrmgfv, id=vbwxynlzlhrmgfv
2024-02-19T18:56:29.642Z - debug: pdf-utils detected 1 pdf operation(s) to process rootId=vbwxynlzlhrmgfv, id=vbwxynlzlhrmgfv
2024-02-19T18:56:29.644Z - debug: pdf-utils running pdf operation merge rootId=vbwxynlzlhrmgfv, id=vbwxynlzlhrmgfv
2024-02-19T18:56:29.661Z - info: Starting rendering (child) request rootId=vbwxynlzlhrmgfv, id=6mgmz1jubfgkjht
2024-02-19T18:56:29.663Z - info: Rendering template { name: schools-header, recipe: chrome-pdf, engine: handlebars, preview: false } rootId=vbwxynlzlhrmgfv, id=6mgmz1jubfgkjht
2024-02-19T18:56:29.665Z - debug: Inline data specified. rootId=vbwxynlzlhrmgfv, id=6mgmz1jubfgkjht
2024-02-19T18:56:29.667Z - debug: Base url not specified, skipping its injection. rootId=vbwxynlzlhrmgfv, id=6mgmz1jubfgkjht
2024-02-19T18:56:29.668Z - debug: Rendering engine handlebars rootId=vbwxynlzlhrmgfv, id=6mgmz1jubfgkjht
2024-02-19T18:56:29.866Z - debug: Executing recipe chrome-pdf rootId=vbwxynlzlhrmgfv, id=6mgmz1jubfgkjht
2024-02-19T18:56:29.868Z - debug: Converting with chrome HeadlessChrome/117.0.5938.149 using chrome-pool strategy rootId=vbwxynlzlhrmgfv, id=6mgmz1jubfgkjht
2024-02-19T18:56:30.074Z - debug: Page request: GET (document) file:///C:/Users/elbom/AppData/Local/Temp/jsreport/autocleanup/38957227-2c75-4865-800b-b34bc9849e8d-chrome-pdf.html rootId=vbwxynlzlhrmgfv, id=6mgmz1jubfgkjht
2024-02-19T18:56:30.077Z - debug: Page request: GET (stylesheet) https://cdnjs.cloudflare.com/ajax/libs/metro/4.1.5/css/metro.min.css rootId=vbwxynlzlhrmgfv, id=6mgmz1jubfgkjht
2024-02-19T18:56:30.079Z - debug: Page request finished: GET (document) 200 file:///C:/Users/elbom/AppData/Local/Temp/jsreport/autocleanup/38957227-2c75-4865-800b-b34bc9849e8d-chrome-pdf.html rootId=vbwxynlzlhrmgfv, id=6mgmz1jubfgkjht
2024-02-19T18:56:30.081Z - debug: Page request finished: GET (stylesheet) 200 https://cdnjs.cloudflare.com/ajax/libs/metro/4.1.5/css/metro.min.css rootId=vbwxynlzlhrmgfv, id=6mgmz1jubfgkjht
2024-02-19T18:56:30.178Z - debug: Running chrome with params {"printBackground":true,"marginTop":"1.5cm","marginRight":"1.5cm","marginLeft":"1.cm","timeout":46350,"margin":{"top":"1.5cm","right":"1.5cm","left":"1.cm"}} rootId=vbwxynlzlhrmgfv, id=6mgmz1jubfgkjht
2024-02-19T18:56:30.330Z - debug: Skipping storing report. rootId=vbwxynlzlhrmgfv, id=6mgmz1jubfgkjht
2024-02-19T18:56:30.333Z - info: Rendering (child) request finished in 14096 ms rootId=vbwxynlzlhrmgfv, id=6mgmz1jubfgkjht
2024-02-19T18:56:30.335Z - debug: pdf-utils postproces start rootId=vbwxynlzlhrmgfv, id=vbwxynlzlhrmgfv
2024-02-19T18:56:30.336Z - debug: pdf-utils postproces end rootId=vbwxynlzlhrmgfv, id=vbwxynlzlhrmgfv
2024-02-19T18:56:30.337Z - info: pdf-utils pdf processing was finished rootId=vbwxynlzlhrmgfv, id=vbwxynlzlhrmgfv
2024-02-19T18:56:30.338Z - debug: Skipping storing report. rootId=vbwxynlzlhrmgfv, id=vbwxynlzlhrmgfv
2024-02-19T18:56:30.340Z - info: Rendering request 1 finished in 14214 ms rootId=vbwxynlzlhrmgfv, id=vbwxynlzlhrmgfv
2024-02-19T18:59:04.521Z - info: Render request 2 queued for execution and waiting for available worker rootId=1eekep2q36l6ozr, id=1eekep2q36l6ozr
2024-02-19T18:59:04.567Z - info: Starting rendering request 2 rootId=1eekep2q36l6ozr, id=1eekep2q36l6ozr
2024-02-19T18:59:04.569Z - info: Rendering template { name: schools-main, recipe: chrome-pdf, engine: handlebars, preview: false } rootId=1eekep2q36l6ozr, id=1eekep2q36l6ozr
2024-02-19T18:59:04.600Z - debug: Inline data specified. rootId=1eekep2q36l6ozr, id=1eekep2q36l6ozr
2024-02-19T18:59:04.602Z - debug: Executing script schools-script (beforeRender) rootId=1eekep2q36l6ozr, id=1eekep2q36l6ozr
2024-02-19T18:59:05.610Z - debug: Base url not specified, skipping its injection. rootId=1eekep2q36l6ozr, id=1eekep2q36l6ozr
2024-02-19T18:59:05.612Z - debug: Rendering engine handlebars rootId=1eekep2q36l6ozr, id=1eekep2q36l6ozr
2024-02-19T18:59:07.824Z - debug: [36m(console:log) Pdf utils adding group field, value: "IES Los Gladiolos"[39m userLevel=true, rootId=1eekep2q36l6ozr, id=1eekep2q36l6ozr
2024-02-19T18:59:07.826Z - debug: Executing recipe chrome-pdf rootId=1eekep2q36l6ozr, id=1eekep2q36l6ozr
2024-02-19T18:59:08.360Z - debug: Converting with chrome HeadlessChrome/117.0.5938.149 using chrome-pool strategy rootId=1eekep2q36l6ozr, id=1eekep2q36l6ozr
2024-02-19T18:59:09.762Z - debug: Page request: GET (document) file:///C:/Users/elbom/AppData/Local/Temp/jsreport/autocleanup/87c8e4a7-5bc0-40ae-9e73-82396b1247f8-chrome-pdf.html rootId=1eekep2q36l6ozr, id=1eekep2q36l6ozr
2024-02-19T18:59:09.764Z - debug: Page request: GET (stylesheet) https://cdnjs.cloudflare.com/ajax/libs/metro/4.1.5/css/metro.min.css rootId=1eekep2q36l6ozr, id=1eekep2q36l6ozr
2024-02-19T18:59:09.765Z - debug: Page request: GET (script) https://cdnjs.cloudflare.com/ajax/libs/Chart.js/2.7.2/Chart.min.js rootId=1eekep2q36l6ozr, id=1eekep2q36l6ozr
2024-02-19T18:59:09.767Z - debug: Page request finished: GET (document) 200 file:///C:/Users/elbom/AppData/Local/Temp/jsreport/autocleanup/87c8e4a7-5bc0-40ae-9e73-82396b1247f8-chrome-pdf.html rootId=1eekep2q36l6ozr, id=1eekep2q36l6ozr
2024-02-19T18:59:10.094Z - debug: Page request finished: GET (stylesheet) 200 https://cdnjs.cloudflare.com/ajax/libs/metro/4.1.5/css/metro.min.css rootId=1eekep2q36l6ozr, id=1eekep2q36l6ozr
2024-02-19T18:59:10.096Z - debug: Page request finished: GET (script) 200 https://cdnjs.cloudflare.com/ajax/libs/Chart.js/2.7.2/Chart.min.js rootId=1eekep2q36l6ozr, id=1eekep2q36l6ozr
2024-02-19T18:59:10.310Z - debug: Running chrome with params {"printBackground":true,"marginTop":"4cm","marginRight":"1.5cm","marginBottom":"1.5cm","marginLeft":"1.5cm","timeout":56687,"margin":{"top":"4cm","right":"1.5cm","bottom":"1.5cm","left":"1.5cm"}} rootId=1eekep2q36l6ozr, id=1eekep2q36l6ozr
2024-02-19T18:59:11.859Z - info: pdf-utils is starting pdf processing rootId=1eekep2q36l6ozr, id=1eekep2q36l6ozr
2024-02-19T18:59:11.861Z - debug: pdf-utils detected 1 pdf operation(s) to process rootId=1eekep2q36l6ozr, id=1eekep2q36l6ozr
2024-02-19T18:59:11.862Z - debug: pdf-utils running pdf operation merge rootId=1eekep2q36l6ozr, id=1eekep2q36l6ozr
2024-02-19T18:59:11.878Z - info: Starting rendering (child) request rootId=1eekep2q36l6ozr, id=ybjldp7mikeorsn
2024-02-19T18:59:11.880Z - info: Rendering template { name: schools-header, recipe: chrome-pdf, engine: handlebars, preview: false } rootId=1eekep2q36l6ozr, id=ybjldp7mikeorsn
2024-02-19T18:59:11.882Z - debug: Inline data specified. rootId=1eekep2q36l6ozr, id=ybjldp7mikeorsn
2024-02-19T18:59:11.883Z - debug: Base url not specified, skipping its injection. rootId=1eekep2q36l6ozr, id=ybjldp7mikeorsn
2024-02-19T18:59:11.885Z - debug: Rendering engine handlebars rootId=1eekep2q36l6ozr, id=ybjldp7mikeorsn
2024-02-19T18:59:11.960Z - debug: Executing recipe chrome-pdf rootId=1eekep2q36l6ozr, id=ybjldp7mikeorsn
2024-02-19T18:59:11.962Z - debug: Converting with chrome HeadlessChrome/117.0.5938.149 using chrome-pool strategy rootId=1eekep2q36l6ozr, id=ybjldp7mikeorsn
2024-02-19T18:59:12.179Z - debug: Page request: GET (document) file:///C:/Users/elbom/AppData/Local/Temp/jsreport/autocleanup/d5e90ee2-c6d6-41e9-b841-c012a48ea19b-chrome-pdf.html rootId=1eekep2q36l6ozr, id=ybjldp7mikeorsn
2024-02-19T18:59:12.182Z - debug: Page request: GET (stylesheet) https://cdnjs.cloudflare.com/ajax/libs/metro/4.1.5/css/metro.min.css rootId=1eekep2q36l6ozr, id=ybjldp7mikeorsn
2024-02-19T18:59:12.185Z - debug: Page request finished: GET (document) 200 file:///C:/Users/elbom/AppData/Local/Temp/jsreport/autocleanup/d5e90ee2-c6d6-41e9-b841-c012a48ea19b-chrome-pdf.html rootId=1eekep2q36l6ozr, id=ybjldp7mikeorsn
2024-02-19T18:59:12.292Z - debug: Page request finished: GET (stylesheet) 200 https://cdnjs.cloudflare.com/ajax/libs/metro/4.1.5/css/metro.min.css rootId=1eekep2q36l6ozr, id=ybjldp7mikeorsn
2024-02-19T18:59:12.295Z - debug: Running chrome with params {"printBackground":true,"marginTop":"1.5cm","marginRight":"1.5cm","marginLeft":"1.cm","timeout":52580,"margin":{"top":"1.5cm","right":"1.5cm","left":"1.cm"}} rootId=1eekep2q36l6ozr, id=ybjldp7mikeorsn
2024-02-19T18:59:12.505Z - debug: Skipping storing report. rootId=1eekep2q36l6ozr, id=ybjldp7mikeorsn
2024-02-19T18:59:12.507Z - info: Rendering (child) request finished in 7862 ms rootId=1eekep2q36l6ozr, id=ybjldp7mikeorsn
2024-02-19T18:59:12.508Z - debug: pdf-utils postproces start rootId=1eekep2q36l6ozr, id=1eekep2q36l6ozr
2024-02-19T18:59:12.509Z - debug: pdf-utils postproces end rootId=1eekep2q36l6ozr, id=1eekep2q36l6ozr
2024-02-19T18:59:12.510Z - info: pdf-utils pdf processing was finished rootId=1eekep2q36l6ozr, id=1eekep2q36l6ozr
2024-02-19T18:59:12.512Z - debug: Skipping storing report. rootId=1eekep2q36l6ozr, id=1eekep2q36l6ozr
2024-02-19T18:59:12.513Z - info: Rendering request 2 finished in 7988 ms rootId=1eekep2q36l6ozr, id=1eekep2q36l6ozr
2024-02-19T19:15:01.863Z - info: Initializing jsreport (version: 4.2.0, configuration file: jsreport.config.json, nodejs: 18.17.1)
2024-02-19T19:15:01.865Z - info: Searching for available extensions in C:\Users\elbom\Desktop\MetaHospitalFp\MetaHospitalFP\reports\
2024-02-19T19:15:01.869Z - info: Extensions location cache contains up to date information, skipping crawling in C:\Users\elbom\Desktop\MetaHospitalFp\MetaHospitalFP\reports\
2024-02-19T19:15:01.878Z - info: Found 35 extension(s)
2024-02-19T19:15:01.905Z - debug: Writing extension locations cache to C:\Users\elbom\AppData\Local\Temp\jsreport\core\locations.json
2024-02-19T19:15:01.907Z - debug: Discovered 35 extensions
2024-02-19T19:15:01.943Z - debug: Extension authentication@4.0.1 is disabled, skipping
2024-02-19T19:15:01.945Z - info: Using extension base@4.0.0
2024-02-19T19:15:01.950Z - info: Using extension child-templates@4.0.0
2024-02-19T19:15:01.953Z - info: Using extension cli@4.0.2
2024-02-19T19:15:01.957Z - info: Using extension components@4.0.0
2024-02-19T19:15:01.959Z - info: Using extension data@4.0.0
2024-02-19T19:15:01.960Z - info: Using extension express@4.0.1
2024-02-19T19:15:02.194Z - info: Using extension freeze@4.0.0
2024-02-19T19:15:02.197Z - info: Using extension fs-store@4.0.1
2024-02-19T19:15:02.293Z - info: Using extension handlebars@4.0.1
2024-02-19T19:15:02.296Z - info: Using extension import-export@4.0.2
2024-02-19T19:15:02.306Z - info: Using extension jsrender@4.0.0
2024-02-19T19:15:02.307Z - info: Using extension licensing@4.0.1
2024-02-19T19:15:02.330Z - info: Using extension localization@4.0.1
2024-02-19T19:15:02.332Z - info: Using extension npm@4.0.0
2024-02-19T19:15:02.335Z - info: Using extension pdf-utils@4.0.2
2024-02-19T19:15:02.337Z - info: Using extension reports@4.0.0
2024-02-19T19:15:02.341Z - info: Using extension tags@4.0.1
2024-02-19T19:15:02.343Z - info: Using extension text@4.0.0
2024-02-19T19:15:02.344Z - info: Using extension version-control@4.0.0
2024-02-19T19:15:02.356Z - info: Using extension assets@4.0.2
2024-02-19T19:15:02.366Z - info: Using extension authorization@4.0.0
2024-02-19T19:15:02.371Z - debug: Extension authorization@4.0.0 was disabled
2024-02-19T19:15:02.371Z - info: Using extension browser-client@4.0.0
2024-02-19T19:15:02.374Z - info: Using extension chrome-pdf@4.0.0
2024-02-19T19:15:02.377Z - debug: Chrome strategy is chrome-pool, numberOfWorkers: 1
2024-02-19T19:15:02.377Z - info: Using extension docx@4.1.1
2024-02-19T19:15:02.380Z - info: Using extension html-to-xlsx@4.0.1
2024-02-19T19:15:02.671Z - info: html-to-xlsx detected chrome as available html engine
2024-02-19T19:15:02.671Z - info: Using extension pptx@4.1.0
2024-02-19T19:15:02.673Z - info: Using extension scheduling@4.0.0
2024-02-19T19:15:02.700Z - info: Using extension scripts@4.0.0
2024-02-19T19:15:02.701Z - info: Using extension static-pdf@4.0.0
2024-02-19T19:15:02.702Z - info: Using extension studio@4.0.2
2024-02-19T19:15:02.788Z - info: Using extension xlsx@4.0.2
2024-02-19T19:15:02.790Z - info: Using extension public-templates@4.0.0
2024-02-19T19:15:02.791Z - debug: Extension public-templates@4.0.0 was disabled
2024-02-19T19:15:02.792Z - info: Using extension sample-template@4.0.0
2024-02-19T19:15:02.794Z - info: Using extension studio-theme-dark@4.0.0
2024-02-19T19:15:02.796Z - info: Code sandboxing is disabled, users can potentially penetrate the local system if you allow code from external users to be part of your reports
2024-02-19T19:15:02.797Z - info: Using general timeout for rendering (reportTimeout: 60000)
2024-02-19T19:15:02.797Z - info: Using fs provider for template store.
2024-02-19T19:15:02.801Z - info: fs store is persisting using fs for C:\Users\elbom\Desktop\MetaHospitalFp\MetaHospitalFP\reports\data
2024-02-19T19:15:02.809Z - info: fs store is loading data
2024-02-19T19:15:02.820Z - info: fs store is initialized successfully
2024-02-19T19:15:02.826Z - debug: studio default theme is: light
2024-02-19T19:15:02.832Z - info: Creating default express app.
2024-02-19T19:15:02.850Z - info: jsreport server successfully started on http port: 5488
2024-02-19T19:15:02.851Z - info: Verifying license key free
2024-02-19T19:15:02.853Z - info: Using free license
2024-02-19T19:15:02.858Z - info: Initializing worker threads
2024-02-19T19:15:02.859Z - debug: Extensions in workers: base, child-templates, components, data, express, handlebars, jsrender, localization, npm, pdf-utils, reports, text, version-control, assets, browser-client, chrome-pdf, docx, html-to-xlsx, pptx, scripts, static-pdf, studio, xlsx
2024-02-19T19:15:03.071Z - info: 2 worker threads initialized in 213ms
2024-02-19T19:15:03.072Z - info: Starting temp files cleanup with 180000ms threshold
2024-02-19T19:15:03.073Z - info: reporter initialized
2024-02-19T19:15:40.724Z - info: Render request 1 queued for execution and waiting for available worker rootId=5nl5le8123e74h8, id=5nl5le8123e74h8
2024-02-19T19:15:40.753Z - info: Starting rendering request 1 rootId=5nl5le8123e74h8, id=5nl5le8123e74h8
2024-02-19T19:15:40.754Z - info: Rendering template { name: schools-main, recipe: chrome-pdf, engine: handlebars, preview: false } rootId=5nl5le8123e74h8, id=5nl5le8123e74h8
2024-02-19T19:15:40.754Z - debug: Inline data specified. rootId=5nl5le8123e74h8, id=5nl5le8123e74h8
2024-02-19T19:15:40.754Z - debug: Executing script schools-script (beforeRender) rootId=5nl5le8123e74h8, id=5nl5le8123e74h8
2024-02-19T19:15:41.054Z - debug: Base url not specified, skipping its injection. rootId=5nl5le8123e74h8, id=5nl5le8123e74h8
2024-02-19T19:15:41.055Z - debug: Rendering engine handlebars rootId=5nl5le8123e74h8, id=5nl5le8123e74h8
2024-02-19T19:15:41.522Z - debug: [36m(console:log) Pdf utils adding group field, value: "IES Los Gladiolos"[39m userLevel=true, rootId=5nl5le8123e74h8, id=5nl5le8123e74h8
2024-02-19T19:15:41.524Z - debug: Executing recipe chrome-pdf rootId=5nl5le8123e74h8, id=5nl5le8123e74h8
2024-02-19T19:15:41.735Z - debug: Converting with chrome HeadlessChrome/117.0.5938.149 using chrome-pool strategy rootId=5nl5le8123e74h8, id=5nl5le8123e74h8
2024-02-19T19:15:41.846Z - debug: Page request: GET (document) file:///C:/Users/elbom/AppData/Local/Temp/jsreport/autocleanup/547e6d82-8fb1-46ca-9f9b-ecf6c959a9d6-chrome-pdf.html rootId=5nl5le8123e74h8, id=5nl5le8123e74h8
2024-02-19T19:15:41.846Z - debug: Page request: GET (stylesheet) https://cdnjs.cloudflare.com/ajax/libs/metro/4.1.5/css/metro.min.css rootId=5nl5le8123e74h8, id=5nl5le8123e74h8
2024-02-19T19:15:41.847Z - debug: Page request: GET (script) https://cdnjs.cloudflare.com/ajax/libs/Chart.js/2.7.2/Chart.min.js rootId=5nl5le8123e74h8, id=5nl5le8123e74h8
2024-02-19T19:15:41.847Z - debug: Page request finished: GET (document) 200 file:///C:/Users/elbom/AppData/Local/Temp/jsreport/autocleanup/547e6d82-8fb1-46ca-9f9b-ecf6c959a9d6-chrome-pdf.html rootId=5nl5le8123e74h8, id=5nl5le8123e74h8
2024-02-19T19:15:44.779Z - debug: Page request finished: GET (stylesheet) 200 https://cdnjs.cloudflare.com/ajax/libs/metro/4.1.5/css/metro.min.css rootId=5nl5le8123e74h8, id=5nl5le8123e74h8
2024-02-19T19:15:44.779Z - debug: Page request finished: GET (script) 200 https://cdnjs.cloudflare.com/ajax/libs/Chart.js/2.7.2/Chart.min.js rootId=5nl5le8123e74h8, id=5nl5le8123e74h8
2024-02-19T19:15:45.180Z - debug: Running chrome with params {"printBackground":true,"marginTop":"4cm","marginRight":"1.5cm","marginBottom":"1.5cm","marginLeft":"1.5cm","timeout":59198,"margin":{"top":"4cm","right":"1.5cm","bottom":"1.5cm","left":"1.5cm"}} rootId=5nl5le8123e74h8, id=5nl5le8123e74h8
2024-02-19T19:15:45.181Z - info: pdf-utils is starting pdf processing rootId=5nl5le8123e74h8, id=5nl5le8123e74h8
2024-02-19T19:15:45.181Z - debug: pdf-utils detected 1 pdf operation(s) to process rootId=5nl5le8123e74h8, id=5nl5le8123e74h8
2024-02-19T19:15:45.182Z - debug: pdf-utils running pdf operation merge rootId=5nl5le8123e74h8, id=5nl5le8123e74h8
2024-02-19T19:15:45.185Z - info: Starting rendering (child) request rootId=5nl5le8123e74h8, id=f70z3hrpgsb2tch
2024-02-19T19:15:45.186Z - info: Rendering template { name: schools-header, recipe: chrome-pdf, engine: handlebars, preview: false } rootId=5nl5le8123e74h8, id=f70z3hrpgsb2tch
2024-02-19T19:15:45.186Z - debug: Inline data specified. rootId=5nl5le8123e74h8, id=f70z3hrpgsb2tch
2024-02-19T19:15:45.187Z - debug: Base url not specified, skipping its injection. rootId=5nl5le8123e74h8, id=f70z3hrpgsb2tch
2024-02-19T19:15:45.187Z - debug: Rendering engine handlebars rootId=5nl5le8123e74h8, id=f70z3hrpgsb2tch
2024-02-19T19:15:45.279Z - debug: Executing recipe chrome-pdf rootId=5nl5le8123e74h8, id=f70z3hrpgsb2tch
2024-02-19T19:15:45.279Z - debug: Converting with chrome HeadlessChrome/117.0.5938.149 using chrome-pool strategy rootId=5nl5le8123e74h8, id=f70z3hrpgsb2tch
2024-02-19T19:15:45.368Z - debug: Page request: GET (document) file:///C:/Users/elbom/AppData/Local/Temp/jsreport/autocleanup/ea72486c-4e31-4dd1-a8fb-0d02ebf98f93-chrome-pdf.html rootId=5nl5le8123e74h8, id=f70z3hrpgsb2tch
2024-02-19T19:15:45.369Z - debug: Page request: GET (stylesheet) https://cdnjs.cloudflare.com/ajax/libs/metro/4.1.5/css/metro.min.css rootId=5nl5le8123e74h8, id=f70z3hrpgsb2tch
2024-02-19T19:15:45.370Z - debug: Page request finished: GET (document) 200 file:///C:/Users/elbom/AppData/Local/Temp/jsreport/autocleanup/ea72486c-4e31-4dd1-a8fb-0d02ebf98f93-chrome-pdf.html rootId=5nl5le8123e74h8, id=f70z3hrpgsb2tch
2024-02-19T19:15:45.371Z - debug: Page request finished: GET (stylesheet) 200 https://cdnjs.cloudflare.com/ajax/libs/metro/4.1.5/css/metro.min.css rootId=5nl5le8123e74h8, id=f70z3hrpgsb2tch
2024-02-19T19:15:45.371Z - debug: Running chrome with params {"printBackground":true,"marginTop":"1.5cm","marginRight":"1.5cm","marginLeft":"1.cm","timeout":55508,"margin":{"top":"1.5cm","right":"1.5cm","left":"1.cm"}} rootId=5nl5le8123e74h8, id=f70z3hrpgsb2tch
2024-02-19T19:15:45.371Z - debug: Skipping storing report. rootId=5nl5le8123e74h8, id=f70z3hrpgsb2tch
2024-02-19T19:15:45.372Z - info: Rendering (child) request finished in 4618 ms rootId=5nl5le8123e74h8, id=f70z3hrpgsb2tch
2024-02-19T19:15:45.372Z - debug: pdf-utils postproces start rootId=5nl5le8123e74h8, id=5nl5le8123e74h8
2024-02-19T19:15:45.373Z - debug: pdf-utils postproces end rootId=5nl5le8123e74h8, id=5nl5le8123e74h8
2024-02-19T19:15:45.373Z - info: pdf-utils pdf processing was finished rootId=5nl5le8123e74h8, id=5nl5le8123e74h8
2024-02-19T19:15:45.373Z - debug: Skipping storing report. rootId=5nl5le8123e74h8, id=5nl5le8123e74h8
2024-02-19T19:15:45.373Z - info: Rendering request 1 finished in 4646 ms rootId=5nl5le8123e74h8, id=5nl5le8123e74h8
2024-02-19T19:16:13.446Z - debug: OData query on templates
2024-02-19T19:16:13.457Z - debug: OData query on settings
2024-02-19T19:16:13.461Z - debug: OData query on folders
2024-02-19T19:16:13.466Z - debug: OData query on components
2024-02-19T19:16:13.470Z - debug: OData query on data
2024-02-19T19:16:13.474Z - debug: OData query on tags
2024-02-19T19:16:13.479Z - debug: OData query on assets
2024-02-19T19:16:13.484Z - debug: OData query on scripts
2024-02-19T19:16:13.490Z - debug: OData query on schedules
2024-02-19T19:16:13.551Z - debug: OData query on templates
2024-02-19T19:16:13.563Z - debug: OData query on profiles
2024-02-19T19:16:13.580Z - debug: OData query on profiles
2024-02-19T19:16:13.594Z - debug: OData query on profiles
2024-02-19T19:16:13.604Z - debug: OData query on profiles
2024-02-19T19:16:13.609Z - debug: OData query on profiles
2024-02-19T19:16:13.613Z - debug: OData query on profiles
2024-02-19T19:16:13.616Z - debug: OData query on templates
2024-02-19T19:16:41.668Z - debug: OData query on templates
2024-02-19T19:16:43.935Z - debug: OData query on scripts
2024-02-19T19:24:04.689Z - info: Initializing jsreport (version: 4.2.0, configuration file: jsreport.config.json, nodejs: 18.17.1)
2024-02-19T19:24:04.693Z - info: Searching for available extensions in C:\Users\elbom\Desktop\MetaHospitalFp\MetaHospitalFP\reports\
2024-02-19T19:24:04.697Z - info: Extensions location cache contains up to date information, skipping crawling in C:\Users\elbom\Desktop\MetaHospitalFp\MetaHospitalFP\reports\
2024-02-19T19:24:04.704Z - info: Found 35 extension(s)
2024-02-19T19:24:04.726Z - debug: Writing extension locations cache to C:\Users\elbom\AppData\Local\Temp\jsreport\core\locations.json
2024-02-19T19:24:04.728Z - debug: Discovered 35 extensions
2024-02-19T19:24:04.766Z - debug: Extension authentication@4.0.1 is disabled, skipping
2024-02-19T19:24:04.768Z - info: Using extension base@4.0.0
2024-02-19T19:24:04.774Z - info: Using extension child-templates@4.0.0
2024-02-19T19:24:04.777Z - info: Using extension cli@4.0.2
2024-02-19T19:24:04.781Z - info: Using extension components@4.0.0
2024-02-19T19:24:04.784Z - info: Using extension data@4.0.0
2024-02-19T19:24:04.786Z - info: Using extension express@4.0.1
2024-02-19T19:24:05.041Z - info: Using extension freeze@4.0.0
2024-02-19T19:24:05.043Z - info: Using extension fs-store@4.0.1
2024-02-19T19:24:05.138Z - info: Using extension handlebars@4.0.1
2024-02-19T19:24:05.140Z - info: Using extension import-export@4.0.2
2024-02-19T19:24:05.150Z - info: Using extension jsrender@4.0.0
2024-02-19T19:24:05.151Z - info: Using extension licensing@4.0.1
2024-02-19T19:24:05.178Z - info: Using extension localization@4.0.1
2024-02-19T19:24:05.179Z - info: Using extension npm@4.0.0
2024-02-19T19:24:05.183Z - info: Using extension pdf-utils@4.0.2
2024-02-19T19:24:05.185Z - info: Using extension reports@4.0.0
2024-02-19T19:24:05.188Z - info: Using extension tags@4.0.1
2024-02-19T19:24:05.190Z - info: Using extension text@4.0.0
2024-02-19T19:24:05.191Z - info: Using extension version-control@4.0.0
2024-02-19T19:24:05.204Z - info: Using extension assets@4.0.2
2024-02-19T19:24:05.215Z - info: Using extension authorization@4.0.0
2024-02-19T19:24:05.220Z - debug: Extension authorization@4.0.0 was disabled
2024-02-19T19:24:05.221Z - info: Using extension browser-client@4.0.0
2024-02-19T19:24:05.223Z - info: Using extension chrome-pdf@4.0.0
2024-02-19T19:24:05.226Z - debug: Chrome strategy is chrome-pool, numberOfWorkers: 1
2024-02-19T19:24:05.227Z - info: Using extension docx@4.1.1
2024-02-19T19:24:05.229Z - info: Using extension html-to-xlsx@4.0.1
2024-02-19T19:24:05.539Z - info: html-to-xlsx detected chrome as available html engine
2024-02-19T19:24:05.539Z - info: Using extension pptx@4.1.0
2024-02-19T19:24:05.542Z - info: Using extension scheduling@4.0.0
2024-02-19T19:24:05.566Z - info: Using extension scripts@4.0.0
2024-02-19T19:24:05.568Z - info: Using extension static-pdf@4.0.0
2024-02-19T19:24:05.569Z - info: Using extension studio@4.0.2
2024-02-19T19:24:05.661Z - info: Using extension xlsx@4.0.2
2024-02-19T19:24:05.663Z - info: Using extension public-templates@4.0.0
2024-02-19T19:24:05.664Z - debug: Extension public-templates@4.0.0 was disabled
2024-02-19T19:24:05.664Z - info: Using extension sample-template@4.0.0
2024-02-19T19:24:05.666Z - info: Using extension studio-theme-dark@4.0.0
2024-02-19T19:24:05.668Z - info: Code sandboxing is disabled, users can potentially penetrate the local system if you allow code from external users to be part of your reports
2024-02-19T19:24:05.669Z - info: Using general timeout for rendering (reportTimeout: 60000)
2024-02-19T19:24:05.669Z - info: Using fs provider for template store.
2024-02-19T19:24:05.673Z - info: fs store is persisting using fs for C:\Users\elbom\Desktop\MetaHospitalFp\MetaHospitalFP\reports\data
2024-02-19T19:24:05.682Z - info: fs store is loading data
2024-02-19T19:24:05.699Z - info: fs store is initialized successfully
2024-02-19T19:24:05.704Z - debug: studio default theme is: light
2024-02-19T19:24:05.709Z - info: Creating default express app.
2024-02-19T19:24:05.731Z - info: jsreport server successfully started on http port: 5488
2024-02-19T19:24:05.732Z - info: Verifying license key free
2024-02-19T19:24:05.733Z - info: Using free license
2024-02-19T19:24:05.736Z - info: Initializing worker threads
2024-02-19T19:24:05.736Z - debug: Extensions in workers: base, child-templates, components, data, express, handlebars, jsrender, localization, npm, pdf-utils, reports, text, version-control, assets, browser-client, chrome-pdf, docx, html-to-xlsx, pptx, scripts, static-pdf, studio, xlsx
2024-02-19T19:24:05.938Z - info: 2 worker threads initialized in 202ms
2024-02-19T19:24:05.939Z - info: Starting temp files cleanup with 180000ms threshold
2024-02-19T19:24:05.940Z - info: reporter initialized
2024-02-19T19:25:05.696Z - warn: Cleaning fs journal failed, will reload Unexpected end of JSON input stack=SyntaxError: Unexpected end of JSON input
    at JSON.parse (<anonymous>)
    at module.exports.parse (C:\Users\elbom\Desktop\MetaHospitalFp\MetaHospitalFP\reports\node_modules\@jsreport\serializator\index.js:58:15)
    at parse (C:\Users\elbom\Desktop\MetaHospitalFp\MetaHospitalFP\reports\node_modules\@jsreport\jsreport-fs-store\lib\customUtils.js:63:10)
    at Object.clean (C:\Users\elbom\Desktop\MetaHospitalFp\MetaHospitalFP\reports\node_modules\@jsreport\jsreport-fs-store\lib\journal.js:185:24)
    at async lock (C:\Users\elbom\Desktop\MetaHospitalFp\MetaHospitalFP\reports\node_modules\@jsreport\jsreport-fs-store\lib\customUtils.js:150:12)
2024-02-19T20:01:53.758Z - debug: fs journal was not synced for a while, need full reload
2024-02-19T20:01:53.759Z - info: fs store is loading data
2024-02-19T21:34:34.171Z - debug: fs journal was not synced for a while, need full reload
2024-02-19T21:34:34.197Z - info: fs store is loading data
2024-02-20T15:15:58.175Z - debug: fs journal was not synced for a while, need full reload
2024-02-20T15:15:58.181Z - info: fs store is loading data
2024-02-20T16:57:00.140Z - debug: fs journal was not synced for a while, need full reload
2024-02-20T16:57:00.144Z - info: fs store is loading data
2024-02-20T17:52:05.637Z - debug: fs journal was not synced for a while, need full reload
2024-02-20T17:52:05.641Z - info: fs store is loading data
2024-02-20T17:57:03.222Z - info: Render request 1 queued for execution and waiting for available worker rootId=xw6ej5gmvdenxgs, id=xw6ej5gmvdenxgs
2024-02-20T17:57:03.287Z - info: Starting rendering request 1 rootId=xw6ej5gmvdenxgs, id=xw6ej5gmvdenxgs
2024-02-20T17:57:03.288Z - info: Rendering template { name: schools-main, recipe: chrome-pdf, engine: handlebars, preview: false } rootId=xw6ej5gmvdenxgs, id=xw6ej5gmvdenxgs
2024-02-20T17:57:03.289Z - debug: Inline data specified. rootId=xw6ej5gmvdenxgs, id=xw6ej5gmvdenxgs
2024-02-20T17:57:03.289Z - debug: Executing script schools-script (beforeRender) rootId=xw6ej5gmvdenxgs, id=xw6ej5gmvdenxgs
2024-02-20T17:57:03.655Z - error: Report render failed
(because) unexpected token U in JSON at position 0
SyntaxError: Unexpected token U in JSON at position 0
    at JSON.parse (<anonymous>)
    at IncomingMessage.<anonymous> (sandbox.js:19:49)
    at IncomingMessage.emit (node:events:526:35)
    at endReadableNT (node:internal/streams/readable:1359:12)
    at process.processTicksAndRejections (node:internal/process/task_queues:82:21) rootId=xw6ej5gmvdenxgs, id=xw6ej5gmvdenxgs
2024-02-20T17:57:03.978Z - error: Error during processing request at http://localhost:5488/api/report, details: Unexpected token U in JSON at position 0, stack: SyntaxError: Unexpected token U in JSON at position 0
    at JSON.parse (<anonymous>)
    at IncomingMessage.<anonymous> (sandbox.js:19:49)
    at IncomingMessage.emit (node:events:526:35)
    at endReadableNT (node:internal/streams/readable:1359:12)
    at process.processTicksAndRejections (node:internal/process/task_queues:82:21)
