{"type":"operationStart","subtype":"profile","data":{"_id":"AQTx5tFg8YiKqWZJ","timestamp":"2024-02-19T17:25:43.618Z","state":"queued","mode":"standard","creationDate":"2024-02-19T17:25:43.620Z","modificationDate":"2024-02-19T17:25:43.620Z","shortid":"7AVbOVl","$entitySet":"profiles"},"doDiffs":false,"timestamp":1708363543619,"id":"x1mv9cu4iqghqsl","previousOperationId":null,"operationId":"zwsw6ydpm8ygsiy"}
{"type":"log","level":"info","message":"Render request 7 queued for execution and waiting for available worker","previousOperationId":"zwsw6ydpm8ygsiy","timestamp":1708363543619,"id":"swz19ukruu5ez68"}
{"type":"operationStart","subtype":"render","name":"schools-main","previousOperationId":"zwsw6ydpm8ygsiy","timestamp":1708363543627,"id":"5cj51b3e2d4tmla","previousEventId":"x1mv9cu4iqghqsl","operationId":"p2dhgcb766gwbdr"}
{"type":"log","timestamp":1708363543627,"level":"info","message":"Starting rendering request 7","meta":{"rootId":"i5g0dva6x419llb","id":"i5g0dva6x419llb"},"id":"rmkjziq9jatbvml","previousOperationId":"p2dhgcb766gwbdr"}
{"type":"log","timestamp":1708363543627,"level":"info","message":"Rendering template { name: schools-main, recipe: chrome-pdf, engine: handlebars, preview: false }","meta":{"rootId":"i5g0dva6x419llb","id":"i5g0dva6x419llb"},"id":"qey7vlf7434aoka","previousOperationId":"p2dhgcb766gwbdr"}
{"type":"log","timestamp":1708363543628,"level":"debug","message":"Inline data specified.","meta":{"rootId":"i5g0dva6x419llb","id":"i5g0dva6x419llb"},"id":"wpsrluo13wnxdj6","previousOperationId":"p2dhgcb766gwbdr"}
{"type":"log","timestamp":1708363543629,"level":"debug","message":"Executing script schools-script (beforeRender)","meta":{"rootId":"i5g0dva6x419llb","id":"i5g0dva6x419llb"},"id":"fhydlod6dwxfuue","previousOperationId":"p2dhgcb766gwbdr"}
{"type":"operationStart","subtype":"scriptsBeforeRender","name":"scripts beforeRender","timestamp":1708363543636,"id":"l0i7rjdhhextvq2","previousEventId":"5cj51b3e2d4tmla","operationId":"h8m5ltuh0sh85bh","previousOperationId":"p2dhgcb766gwbdr"}
{"type":"operationStart","subtype":"script","name":"scripts schools-script","previousOperationId":"h8m5ltuh0sh85bh","timestamp":1708363543636,"id":"yw5o7vk63xoco0o","previousEventId":"l0i7rjdhhextvq2","operationId":"0gzfvjtegkjccb9"}
{"type":"operationEnd","operationId":"0gzfvjtegkjccb9","timestamp":1708363543675,"id":"5q5fm1i497gpd1y","previousEventId":"5cj51b3e2d4tmla","previousOperationId":"p2dhgcb766gwbdr"}
{"type":"operationEnd","operationId":"h8m5ltuh0sh85bh","timestamp":1708363543675,"id":"vrkl2yua6gkjql5","previousEventId":"5q5fm1i497gpd1y","previousOperationId":"p2dhgcb766gwbdr"}
{"type":"log","timestamp":1708363543675,"level":"debug","message":"Base url not specified, skipping its injection.","meta":{"rootId":"i5g0dva6x419llb","id":"i5g0dva6x419llb"},"id":"ssg4dnnzgir8s4s","previousOperationId":"h8m5ltuh0sh85bh"}
{"type":"operationStart","subtype":"engine","name":"handlebars","timestamp":1708363543675,"id":"ajtmfdbirx42ikt","previousEventId":"vrkl2yua6gkjql5","operationId":"2rvwoytmzkirtlh","previousOperationId":"h8m5ltuh0sh85bh"}
{"type":"log","timestamp":1708363543675,"level":"debug","message":"Rendering engine handlebars","meta":{"rootId":"i5g0dva6x419llb","id":"i5g0dva6x419llb"},"id":"t1w81br14ihc63r","previousOperationId":"2rvwoytmzkirtlh"}
{"type":"log","timestamp":1708363543685,"level":"debug","message":"(console:log) Pdf utils adding group field, value: \"IES Los Gladiolos\"","meta":{"userLevel":true,"rootId":"i5g0dva6x419llb","id":"i5g0dva6x419llb"},"id":"rktbvp50mwm9enn","previousOperationId":"2rvwoytmzkirtlh"}
{"type":"operationEnd","operationId":"2rvwoytmzkirtlh","timestamp":1708363543685,"id":"1ixwobx6vraw2m0","previousEventId":"ajtmfdbirx42ikt","previousOperationId":"2rvwoytmzkirtlh"}
{"type":"operationStart","subtype":"recipe","name":"chrome-pdf","timestamp":1708363543685,"id":"e2817pjg8xw08db","previousEventId":"1ixwobx6vraw2m0","operationId":"vc9ohc0nxe1jtj4","previousOperationId":"2rvwoytmzkirtlh"}
{"type":"log","timestamp":1708363543685,"level":"debug","message":"Executing recipe chrome-pdf","meta":{"rootId":"i5g0dva6x419llb","id":"i5g0dva6x419llb"},"id":"3kltotspv6grwzb","previousOperationId":"vc9ohc0nxe1jtj4"}
{"type":"log","timestamp":1708363543688,"level":"debug","message":"Converting with chrome HeadlessChrome/117.0.5938.149 using chrome-pool strategy","meta":{"rootId":"i5g0dva6x419llb","id":"i5g0dva6x419llb"},"id":"5ue8c9fr0oeqphh","previousOperationId":"vc9ohc0nxe1jtj4"}
{"type":"log","timestamp":1708363543783,"level":"debug","message":"Page request: GET (document) file:///C:/Users/elbom/AppData/Local/Temp/jsreport/autocleanup/e5452042-c942-4667-90c0-39273836b8cd-chrome-pdf.html","meta":{"rootId":"i5g0dva6x419llb","id":"i5g0dva6x419llb"},"id":"53bxl8tfkt48wq6","previousOperationId":"vc9ohc0nxe1jtj4"}
{"type":"log","timestamp":1708363543804,"level":"debug","message":"Page request: GET (stylesheet) https://cdnjs.cloudflare.com/ajax/libs/metro/4.1.5/css/metro.min.css","meta":{"rootId":"i5g0dva6x419llb","id":"i5g0dva6x419llb"},"id":"9bf77b2yqx1avb2","previousOperationId":"vc9ohc0nxe1jtj4"}
{"type":"log","timestamp":1708363543805,"level":"debug","message":"Page request: GET (script) https://cdnjs.cloudflare.com/ajax/libs/Chart.js/2.7.2/Chart.min.js","meta":{"rootId":"i5g0dva6x419llb","id":"i5g0dva6x419llb"},"id":"u6pal2jqcz35u3a","previousOperationId":"vc9ohc0nxe1jtj4"}
{"type":"log","timestamp":1708363543805,"level":"debug","message":"Page request finished: GET (document) 200 file:///C:/Users/elbom/AppData/Local/Temp/jsreport/autocleanup/e5452042-c942-4667-90c0-39273836b8cd-chrome-pdf.html","meta":{"rootId":"i5g0dva6x419llb","id":"i5g0dva6x419llb"},"id":"5mymswxssxmuf4l","previousOperationId":"vc9ohc0nxe1jtj4"}
{"type":"log","timestamp":1708363543818,"level":"debug","message":"Page request finished: GET (stylesheet) 200 https://cdnjs.cloudflare.com/ajax/libs/metro/4.1.5/css/metro.min.css","meta":{"rootId":"i5g0dva6x419llb","id":"i5g0dva6x419llb"},"id":"5rji3zq5tzvdmpb","previousOperationId":"vc9ohc0nxe1jtj4"}
{"type":"log","timestamp":1708363543818,"level":"debug","message":"Page request finished: GET (script) 200 https://cdnjs.cloudflare.com/ajax/libs/Chart.js/2.7.2/Chart.min.js","meta":{"rootId":"i5g0dva6x419llb","id":"i5g0dva6x419llb"},"id":"nudhvvr7eqz56pu","previousOperationId":"vc9ohc0nxe1jtj4"}
{"type":"log","timestamp":1708363543867,"level":"debug","message":"Running chrome with params {\"printBackground\":true,\"marginTop\":\"4cm\",\"marginRight\":\"1.5cm\",\"marginBottom\":\"1.5cm\",\"marginLeft\":\"1.5cm\",\"timeout\":59931,\"margin\":{\"top\":\"4cm\",\"right\":\"1.5cm\",\"bottom\":\"1.5cm\",\"left\":\"1.5cm\"}}","meta":{"rootId":"i5g0dva6x419llb","id":"i5g0dva6x419llb"},"id":"24vevtrmn6npqe6","previousOperationId":"vc9ohc0nxe1jtj4"}
{"type":"operationEnd","operationId":"vc9ohc0nxe1jtj4","timestamp":1708363543933,"id":"ci3qjfp1qzv6li8","previousEventId":"e2817pjg8xw08db","previousOperationId":"vc9ohc0nxe1jtj4"}
{"type":"log","timestamp":1708363543933,"level":"info","message":"pdf-utils is starting pdf processing","meta":{"rootId":"i5g0dva6x419llb","id":"i5g0dva6x419llb"},"id":"zuoc8vpiq00ryij","previousOperationId":"vc9ohc0nxe1jtj4"}
{"type":"operationStart","subtype":"pdfUtils","name":"pdf utils","timestamp":1708363543933,"id":"m7n5n34qitx34zb","previousEventId":"ci3qjfp1qzv6li8","operationId":"ddqj6x5zle7uqc3","previousOperationId":"vc9ohc0nxe1jtj4"}
{"type":"log","timestamp":1708363543933,"level":"debug","message":"pdf-utils detected 1 pdf operation(s) to process","meta":{"rootId":"i5g0dva6x419llb","id":"i5g0dva6x419llb"},"id":"fy5o4worlqf4cmr","previousOperationId":"ddqj6x5zle7uqc3"}
{"type":"log","timestamp":1708363543960,"level":"debug","message":"pdf-utils running pdf operation merge","meta":{"rootId":"i5g0dva6x419llb","id":"i5g0dva6x419llb"},"id":"v4o3cbq47u3bj7t","previousOperationId":"ddqj6x5zle7uqc3"}
{"type":"operationStart","subtype":"pdfUtilsMerge","name":"pdf utils merge","previousOperationId":"ddqj6x5zle7uqc3","timestamp":1708363543960,"id":"h8eb6e7xnzvdlkv","previousEventId":"m7n5n34qitx34zb","operationId":"l11mcz5n99lia4x"}
{"type":"operationStart","subtype":"render","name":"schools-header","previousOperationId":"l11mcz5n99lia4x","timestamp":1708363543961,"id":"tw2lkja0vx1plty","previousEventId":"h8eb6e7xnzvdlkv","operationId":"f88spjl147ldu9b"}
{"type":"log","timestamp":1708363543961,"level":"info","message":"Starting rendering (child) request","meta":{"rootId":"i5g0dva6x419llb","id":"kdn9s7nt22vytyb"},"id":"9oet7gfnpct12ov","previousOperationId":"f88spjl147ldu9b"}
{"type":"log","timestamp":1708363543961,"level":"info","message":"Rendering template { name: schools-header, recipe: chrome-pdf, engine: handlebars, preview: false }","meta":{"rootId":"i5g0dva6x419llb","id":"kdn9s7nt22vytyb"},"id":"kjaichvet32iseq","previousOperationId":"f88spjl147ldu9b"}
{"type":"log","timestamp":1708363543965,"level":"debug","message":"Inline data specified.","meta":{"rootId":"i5g0dva6x419llb","id":"kdn9s7nt22vytyb"},"id":"xw2aflcblrpwqwo","previousOperationId":"f88spjl147ldu9b"}
{"type":"log","timestamp":1708363543967,"level":"debug","message":"Base url not specified, skipping its injection.","meta":{"rootId":"i5g0dva6x419llb","id":"kdn9s7nt22vytyb"},"id":"0kwazb7w80e3h5a","previousOperationId":"f88spjl147ldu9b"}
{"type":"operationStart","subtype":"engine","name":"handlebars","timestamp":1708363543967,"id":"mxm9ls2latag742","previousEventId":"tw2lkja0vx1plty","operationId":"pduuynmzgc3g95s","previousOperationId":"f88spjl147ldu9b"}
{"type":"log","timestamp":1708363543967,"level":"debug","message":"Rendering engine handlebars","meta":{"rootId":"i5g0dva6x419llb","id":"kdn9s7nt22vytyb"},"id":"1wku2muysyfx789","previousOperationId":"pduuynmzgc3g95s"}
{"type":"operationEnd","operationId":"pduuynmzgc3g95s","timestamp":1708363543977,"id":"56hmjrdx3hy306s","previousEventId":"mxm9ls2latag742","previousOperationId":"pduuynmzgc3g95s"}
{"type":"operationStart","subtype":"recipe","name":"chrome-pdf","timestamp":1708363543977,"id":"w5o0quzqlrt98tk","previousEventId":"56hmjrdx3hy306s","operationId":"8twcivkltwh41ad","previousOperationId":"pduuynmzgc3g95s"}
{"type":"log","timestamp":1708363543977,"level":"debug","message":"Executing recipe chrome-pdf","meta":{"rootId":"i5g0dva6x419llb","id":"kdn9s7nt22vytyb"},"id":"f38kc1z1w5y4via","previousOperationId":"8twcivkltwh41ad"}
{"type":"log","timestamp":1708363543979,"level":"debug","message":"Converting with chrome HeadlessChrome/117.0.5938.149 using chrome-pool strategy","meta":{"rootId":"i5g0dva6x419llb","id":"kdn9s7nt22vytyb"},"id":"n3sv9r5jno944jd","previousOperationId":"8twcivkltwh41ad"}
{"type":"log","timestamp":1708363544052,"level":"debug","message":"Page request: GET (document) file:///C:/Users/elbom/AppData/Local/Temp/jsreport/autocleanup/30270ba6-6043-48d3-85be-454111411fb1-chrome-pdf.html","meta":{"rootId":"i5g0dva6x419llb","id":"kdn9s7nt22vytyb"},"id":"suqmwr78w9otltt","previousOperationId":"8twcivkltwh41ad"}
{"type":"log","timestamp":1708363544059,"level":"debug","message":"Page request: GET (stylesheet) https://cdnjs.cloudflare.com/ajax/libs/metro/4.1.5/css/metro.min.css","meta":{"rootId":"i5g0dva6x419llb","id":"kdn9s7nt22vytyb"},"id":"qggwbz0fahiu3a9","previousOperationId":"8twcivkltwh41ad"}
{"type":"log","timestamp":1708363544059,"level":"debug","message":"Page request finished: GET (document) 200 file:///C:/Users/elbom/AppData/Local/Temp/jsreport/autocleanup/30270ba6-6043-48d3-85be-454111411fb1-chrome-pdf.html","meta":{"rootId":"i5g0dva6x419llb","id":"kdn9s7nt22vytyb"},"id":"90hz1th7p9jpsc1","previousOperationId":"8twcivkltwh41ad"}
{"type":"log","timestamp":1708363544070,"level":"debug","message":"Page request finished: GET (stylesheet) 200 https://cdnjs.cloudflare.com/ajax/libs/metro/4.1.5/css/metro.min.css","meta":{"rootId":"i5g0dva6x419llb","id":"kdn9s7nt22vytyb"},"id":"kau7c8wff2bwo1q","previousOperationId":"8twcivkltwh41ad"}
{"type":"log","timestamp":1708363544083,"level":"debug","message":"Running chrome with params {\"printBackground\":true,\"marginTop\":\"1.5cm\",\"marginRight\":\"1.5cm\",\"marginLeft\":\"1.cm\",\"timeout\":59639,\"margin\":{\"top\":\"1.5cm\",\"right\":\"1.5cm\",\"left\":\"1.cm\"}}","meta":{"rootId":"i5g0dva6x419llb","id":"kdn9s7nt22vytyb"},"id":"gudc1n2042z231z","previousOperationId":"8twcivkltwh41ad"}
{"type":"operationEnd","operationId":"8twcivkltwh41ad","timestamp":1708363544111,"id":"dsqce5efbnge3v2","previousEventId":"w5o0quzqlrt98tk","previousOperationId":"8twcivkltwh41ad"}
{"type":"log","timestamp":1708363544111,"level":"debug","message":"Skipping storing report.","meta":{"rootId":"i5g0dva6x419llb","id":"kdn9s7nt22vytyb"},"id":"c3icr45cvy84r1m","previousOperationId":"8twcivkltwh41ad"}
{"type":"log","timestamp":1708363544112,"level":"info","message":"Rendering (child) request finished in 494 ms","meta":{"rootId":"i5g0dva6x419llb","id":"kdn9s7nt22vytyb"},"id":"bsd8ue0cb0m4anb","previousOperationId":"8twcivkltwh41ad"}
{"type":"operationEnd","subtype":"render","operationId":"f88spjl147ldu9b","timestamp":1708363544112,"id":"zzrjvt8qg0orbh0","previousEventId":"dsqce5efbnge3v2","previousOperationId":"8twcivkltwh41ad"}
{"type":"operationEnd","operationId":"l11mcz5n99lia4x","timestamp":1708363544122,"id":"oqzx92f55xa1mu1","previousEventId":"h8eb6e7xnzvdlkv","previousOperationId":"l11mcz5n99lia4x"}
{"type":"log","timestamp":1708363544122,"level":"debug","message":"pdf-utils postproces start","meta":{"rootId":"i5g0dva6x419llb","id":"i5g0dva6x419llb"},"id":"hjp9oqbf4dpq0i8","previousOperationId":"l11mcz5n99lia4x"}
{"type":"log","timestamp":1708363544131,"level":"debug","message":"pdf-utils postproces end","meta":{"rootId":"i5g0dva6x419llb","id":"i5g0dva6x419llb"},"id":"2yqw01gu1oa0zj9","previousOperationId":"l11mcz5n99lia4x"}
{"type":"operationEnd","operationId":"ddqj6x5zle7uqc3","timestamp":1708363544131,"id":"sqqvtne0nivsw2c","previousEventId":"oqzx92f55xa1mu1","previousOperationId":"l11mcz5n99lia4x"}
{"type":"log","timestamp":1708363544131,"level":"info","message":"pdf-utils pdf processing was finished","meta":{"rootId":"i5g0dva6x419llb","id":"i5g0dva6x419llb"},"id":"i5xf1eyxqnbs0fi","previousOperationId":"ddqj6x5zle7uqc3"}
{"type":"log","timestamp":1708363544132,"level":"debug","message":"Skipping storing report.","meta":{"rootId":"i5g0dva6x419llb","id":"i5g0dva6x419llb"},"id":"as2u8qaye2xbzor","previousOperationId":"ddqj6x5zle7uqc3"}
{"type":"log","timestamp":1708363544132,"level":"info","message":"Rendering request 7 finished in 514 ms","meta":{"rootId":"i5g0dva6x419llb","id":"i5g0dva6x419llb"},"id":"c69qdyb1ktbwlgm","previousOperationId":"ddqj6x5zle7uqc3"}
{"type":"operationEnd","subtype":"render","operationId":"p2dhgcb766gwbdr","timestamp":1708363544132,"id":"wimuf1jw6lbt7wj","previousEventId":"sqqvtne0nivsw2c","previousOperationId":"ddqj6x5zle7uqc3"}
{"type":"operationEnd","doDiffs":false,"previousEventId":"x1mv9cu4iqghqsl","previousOperationId":"zwsw6ydpm8ygsiy","operationId":"zwsw6ydpm8ygsiy","timestamp":1708363544136,"id":"riio8otflise80a"}
