{"type":"operationStart","subtype":"profile","data":{"_id":"eOLn0nVwAjuWA9YW","timestamp":"2024-02-19T17:25:30.751Z","state":"queued","mode":"standard","creationDate":"2024-02-19T17:25:30.752Z","modificationDate":"2024-02-19T17:25:30.752Z","shortid":"oFRrGRK","$entitySet":"profiles"},"doDiffs":false,"timestamp":1708363530752,"id":"qdtxcrj1x30qldn","previousOperationId":null,"operationId":"jqvhluclnm8fr15"}
{"type":"log","level":"info","message":"Render request 6 queued for execution and waiting for available worker","previousOperationId":"jqvhluclnm8fr15","timestamp":1708363530752,"id":"46ezmme5a0ahk8k"}
{"type":"operationStart","subtype":"render","name":"schools-main","previousOperationId":"jqvhluclnm8fr15","timestamp":1708363530766,"id":"vlav5qf95cwp9i4","previousEventId":"qdtxcrj1x30qldn","operationId":"pywx1cj8ysx0yxj"}
{"type":"log","timestamp":1708363530767,"level":"info","message":"Starting rendering request 6","meta":{"rootId":"okp8f1x1s712q2m","id":"okp8f1x1s712q2m"},"id":"sa80vnzls5yoqov","previousOperationId":"pywx1cj8ysx0yxj"}
{"type":"log","timestamp":1708363530768,"level":"info","message":"Rendering template { name: schools-main, recipe: chrome-pdf, engine: handlebars, preview: false }","meta":{"rootId":"okp8f1x1s712q2m","id":"okp8f1x1s712q2m"},"id":"x0adxbustnjuz5z","previousOperationId":"pywx1cj8ysx0yxj"}
{"type":"log","timestamp":1708363530770,"level":"debug","message":"Inline data specified.","meta":{"rootId":"okp8f1x1s712q2m","id":"okp8f1x1s712q2m"},"id":"y1op4oibv1nyq1j","previousOperationId":"pywx1cj8ysx0yxj"}
{"type":"log","timestamp":1708363530771,"level":"debug","message":"Executing script schools-script (beforeRender)","meta":{"rootId":"okp8f1x1s712q2m","id":"okp8f1x1s712q2m"},"id":"x6q1x1lm12exna2","previousOperationId":"pywx1cj8ysx0yxj"}
{"type":"operationStart","subtype":"scriptsBeforeRender","name":"scripts beforeRender","timestamp":1708363530785,"id":"tp4smhfnl374uu1","previousEventId":"vlav5qf95cwp9i4","operationId":"teyfiyc9yldas58","previousOperationId":"pywx1cj8ysx0yxj"}
{"type":"operationStart","subtype":"script","name":"scripts schools-script","previousOperationId":"teyfiyc9yldas58","timestamp":1708363530786,"id":"sbfvz1bx501zdpo","previousEventId":"tp4smhfnl374uu1","operationId":"tut16z4x04p76fb"}
{"type":"operationEnd","operationId":"tut16z4x04p76fb","timestamp":1708363530825,"id":"whoaifuthkrykb2","previousEventId":"vlav5qf95cwp9i4","previousOperationId":"pywx1cj8ysx0yxj"}
{"type":"operationEnd","operationId":"teyfiyc9yldas58","timestamp":1708363530825,"id":"jnb726qniz1diqm","previousEventId":"whoaifuthkrykb2","previousOperationId":"pywx1cj8ysx0yxj"}
{"type":"log","timestamp":1708363530825,"level":"debug","message":"Base url not specified, skipping its injection.","meta":{"rootId":"okp8f1x1s712q2m","id":"okp8f1x1s712q2m"},"id":"egfbq53ad0gbwj5","previousOperationId":"teyfiyc9yldas58"}
{"type":"operationStart","subtype":"engine","name":"handlebars","timestamp":1708363530825,"id":"sfknoadih1qu0a1","previousEventId":"jnb726qniz1diqm","operationId":"kz7zq162szss7ke","previousOperationId":"teyfiyc9yldas58"}
{"type":"log","timestamp":1708363530825,"level":"debug","message":"Rendering engine handlebars","meta":{"rootId":"okp8f1x1s712q2m","id":"okp8f1x1s712q2m"},"id":"1a0q87a2ussb159","previousOperationId":"kz7zq162szss7ke"}
{"type":"log","timestamp":1708363530839,"level":"debug","message":"(console:log) Pdf utils adding group field, value: \"IES Los Gladiolos\"","meta":{"userLevel":true,"rootId":"okp8f1x1s712q2m","id":"okp8f1x1s712q2m"},"id":"1cdy19gj8f65c0e","previousOperationId":"kz7zq162szss7ke"}
{"type":"operationEnd","operationId":"kz7zq162szss7ke","timestamp":1708363530839,"id":"ziohef2wkkm18ls","previousEventId":"sfknoadih1qu0a1","previousOperationId":"kz7zq162szss7ke"}
{"type":"operationStart","subtype":"recipe","name":"chrome-pdf","timestamp":1708363530840,"id":"j3i2cod9w73jd1g","previousEventId":"ziohef2wkkm18ls","operationId":"18yd50dvxf5klpf","previousOperationId":"kz7zq162szss7ke"}
{"type":"log","timestamp":1708363530840,"level":"debug","message":"Executing recipe chrome-pdf","meta":{"rootId":"okp8f1x1s712q2m","id":"okp8f1x1s712q2m"},"id":"3hx8ue9dl9qq5bq","previousOperationId":"18yd50dvxf5klpf"}
{"type":"log","timestamp":1708363530846,"level":"debug","message":"Converting with chrome HeadlessChrome/117.0.5938.149 using chrome-pool strategy","meta":{"rootId":"okp8f1x1s712q2m","id":"okp8f1x1s712q2m"},"id":"igoih44ezpcu47j","previousOperationId":"18yd50dvxf5klpf"}
{"type":"log","timestamp":1708363530942,"level":"debug","message":"Page request: GET (document) file:///C:/Users/elbom/AppData/Local/Temp/jsreport/autocleanup/3037e164-f4f0-40c3-8208-1b0193891a2e-chrome-pdf.html","meta":{"rootId":"okp8f1x1s712q2m","id":"okp8f1x1s712q2m"},"id":"km5i6uoilg8xkf4","previousOperationId":"18yd50dvxf5klpf"}
{"type":"log","timestamp":1708363530960,"level":"debug","message":"Page request: GET (stylesheet) https://cdnjs.cloudflare.com/ajax/libs/metro/4.1.5/css/metro.min.css","meta":{"rootId":"okp8f1x1s712q2m","id":"okp8f1x1s712q2m"},"id":"b563c821794f2lk","previousOperationId":"18yd50dvxf5klpf"}
{"type":"log","timestamp":1708363530960,"level":"debug","message":"Page request: GET (script) https://cdnjs.cloudflare.com/ajax/libs/Chart.js/2.7.2/Chart.min.js","meta":{"rootId":"okp8f1x1s712q2m","id":"okp8f1x1s712q2m"},"id":"6oylcbiyz5in02s","previousOperationId":"18yd50dvxf5klpf"}
{"type":"log","timestamp":1708363530960,"level":"debug","message":"Page request finished: GET (document) 200 file:///C:/Users/elbom/AppData/Local/Temp/jsreport/autocleanup/3037e164-f4f0-40c3-8208-1b0193891a2e-chrome-pdf.html","meta":{"rootId":"okp8f1x1s712q2m","id":"okp8f1x1s712q2m"},"id":"mhmuura41idwmup","previousOperationId":"18yd50dvxf5klpf"}
{"type":"log","timestamp":1708363530974,"level":"debug","message":"Page request finished: GET (stylesheet) 200 https://cdnjs.cloudflare.com/ajax/libs/metro/4.1.5/css/metro.min.css","meta":{"rootId":"okp8f1x1s712q2m","id":"okp8f1x1s712q2m"},"id":"wuinokt84j6dvxy","previousOperationId":"18yd50dvxf5klpf"}
{"type":"log","timestamp":1708363530974,"level":"debug","message":"Page request finished: GET (script) 200 https://cdnjs.cloudflare.com/ajax/libs/Chart.js/2.7.2/Chart.min.js","meta":{"rootId":"okp8f1x1s712q2m","id":"okp8f1x1s712q2m"},"id":"ju9xos2uwgpgc7z","previousOperationId":"18yd50dvxf5klpf"}
{"type":"log","timestamp":1708363531018,"level":"debug","message":"Running chrome with params {\"printBackground\":true,\"marginTop\":\"4cm\",\"marginRight\":\"1.5cm\",\"marginBottom\":\"1.5cm\",\"marginLeft\":\"1.5cm\",\"timeout\":59908,\"margin\":{\"top\":\"4cm\",\"right\":\"1.5cm\",\"bottom\":\"1.5cm\",\"left\":\"1.5cm\"}}","meta":{"rootId":"okp8f1x1s712q2m","id":"okp8f1x1s712q2m"},"id":"h05ydp4nhyj9gg9","previousOperationId":"18yd50dvxf5klpf"}
{"type":"operationEnd","operationId":"18yd50dvxf5klpf","timestamp":1708363531085,"id":"nukiokv4gsfajb1","previousEventId":"j3i2cod9w73jd1g","previousOperationId":"18yd50dvxf5klpf"}
{"type":"log","timestamp":1708363531086,"level":"info","message":"pdf-utils is starting pdf processing","meta":{"rootId":"okp8f1x1s712q2m","id":"okp8f1x1s712q2m"},"id":"bl0ago277cr8bne","previousOperationId":"18yd50dvxf5klpf"}
{"type":"operationStart","subtype":"pdfUtils","name":"pdf utils","timestamp":1708363531086,"id":"n99rwagnhxndzss","previousEventId":"nukiokv4gsfajb1","operationId":"lgn2gn6kzoql5ev","previousOperationId":"18yd50dvxf5klpf"}
{"type":"log","timestamp":1708363531086,"level":"debug","message":"pdf-utils detected 1 pdf operation(s) to process","meta":{"rootId":"okp8f1x1s712q2m","id":"okp8f1x1s712q2m"},"id":"9dlr4lse9mqwyvi","previousOperationId":"lgn2gn6kzoql5ev"}
{"type":"log","timestamp":1708363531110,"level":"debug","message":"pdf-utils running pdf operation merge","meta":{"rootId":"okp8f1x1s712q2m","id":"okp8f1x1s712q2m"},"id":"2qlt87ccg4vg9ph","previousOperationId":"lgn2gn6kzoql5ev"}
{"type":"operationStart","subtype":"pdfUtilsMerge","name":"pdf utils merge","previousOperationId":"lgn2gn6kzoql5ev","timestamp":1708363531110,"id":"aq9b3wgta8975o2","previousEventId":"n99rwagnhxndzss","operationId":"7gc62ckozikq8oy"}
{"type":"operationStart","subtype":"render","name":"schools-header","previousOperationId":"7gc62ckozikq8oy","timestamp":1708363531111,"id":"algd3m3555ln3sd","previousEventId":"aq9b3wgta8975o2","operationId":"yioq3uec5l47ddh"}
{"type":"log","timestamp":1708363531111,"level":"info","message":"Starting rendering (child) request","meta":{"rootId":"okp8f1x1s712q2m","id":"czc8ya7lw7x4yvf"},"id":"rsdfq0lip3ixoxy","previousOperationId":"yioq3uec5l47ddh"}
{"type":"log","timestamp":1708363531111,"level":"info","message":"Rendering template { name: schools-header, recipe: chrome-pdf, engine: handlebars, preview: false }","meta":{"rootId":"okp8f1x1s712q2m","id":"czc8ya7lw7x4yvf"},"id":"535zna2w7dqd61b","previousOperationId":"yioq3uec5l47ddh"}
{"type":"log","timestamp":1708363531114,"level":"debug","message":"Inline data specified.","meta":{"rootId":"okp8f1x1s712q2m","id":"czc8ya7lw7x4yvf"},"id":"dolfvna4l48mp25","previousOperationId":"yioq3uec5l47ddh"}
{"type":"log","timestamp":1708363531116,"level":"debug","message":"Base url not specified, skipping its injection.","meta":{"rootId":"okp8f1x1s712q2m","id":"czc8ya7lw7x4yvf"},"id":"1gkvuae8zpglmha","previousOperationId":"yioq3uec5l47ddh"}
{"type":"operationStart","subtype":"engine","name":"handlebars","timestamp":1708363531116,"id":"zs371j56fh0ukb3","previousEventId":"algd3m3555ln3sd","operationId":"e9g31gqzhh9aq69","previousOperationId":"yioq3uec5l47ddh"}
{"type":"log","timestamp":1708363531116,"level":"debug","message":"Rendering engine handlebars","meta":{"rootId":"okp8f1x1s712q2m","id":"czc8ya7lw7x4yvf"},"id":"6trluqq5bjauwd7","previousOperationId":"e9g31gqzhh9aq69"}
{"type":"operationEnd","operationId":"e9g31gqzhh9aq69","timestamp":1708363531125,"id":"lfh2wasco4airro","previousEventId":"zs371j56fh0ukb3","previousOperationId":"e9g31gqzhh9aq69"}
{"type":"operationStart","subtype":"recipe","name":"chrome-pdf","timestamp":1708363531126,"id":"r2u0wk97ag6i14f","previousEventId":"lfh2wasco4airro","operationId":"vsvdhtyjjk50nch","previousOperationId":"e9g31gqzhh9aq69"}
{"type":"log","timestamp":1708363531126,"level":"debug","message":"Executing recipe chrome-pdf","meta":{"rootId":"okp8f1x1s712q2m","id":"czc8ya7lw7x4yvf"},"id":"n6rzfr5cchqqlpj","previousOperationId":"vsvdhtyjjk50nch"}
{"type":"log","timestamp":1708363531127,"level":"debug","message":"Converting with chrome HeadlessChrome/117.0.5938.149 using chrome-pool strategy","meta":{"rootId":"okp8f1x1s712q2m","id":"czc8ya7lw7x4yvf"},"id":"zokete00tn2tqrp","previousOperationId":"vsvdhtyjjk50nch"}
{"type":"log","timestamp":1708363531191,"level":"debug","message":"Page request: GET (document) file:///C:/Users/elbom/AppData/Local/Temp/jsreport/autocleanup/cfa37f55-94f9-48d4-8245-18b633c0f97d-chrome-pdf.html","meta":{"rootId":"okp8f1x1s712q2m","id":"czc8ya7lw7x4yvf"},"id":"jier762l75n6in4","previousOperationId":"vsvdhtyjjk50nch"}
{"type":"log","timestamp":1708363531198,"level":"debug","message":"Page request: GET (stylesheet) https://cdnjs.cloudflare.com/ajax/libs/metro/4.1.5/css/metro.min.css","meta":{"rootId":"okp8f1x1s712q2m","id":"czc8ya7lw7x4yvf"},"id":"ye1lhgs0z91ts9g","previousOperationId":"vsvdhtyjjk50nch"}
{"type":"log","timestamp":1708363531198,"level":"debug","message":"Page request finished: GET (document) 200 file:///C:/Users/elbom/AppData/Local/Temp/jsreport/autocleanup/cfa37f55-94f9-48d4-8245-18b633c0f97d-chrome-pdf.html","meta":{"rootId":"okp8f1x1s712q2m","id":"czc8ya7lw7x4yvf"},"id":"4yvtpn91zswxywv","previousOperationId":"vsvdhtyjjk50nch"}
{"type":"log","timestamp":1708363531209,"level":"debug","message":"Page request finished: GET (stylesheet) 200 https://cdnjs.cloudflare.com/ajax/libs/metro/4.1.5/css/metro.min.css","meta":{"rootId":"okp8f1x1s712q2m","id":"czc8ya7lw7x4yvf"},"id":"l9q2ep2bowis8cs","previousOperationId":"vsvdhtyjjk50nch"}
{"type":"log","timestamp":1708363531222,"level":"debug","message":"Running chrome with params {\"printBackground\":true,\"marginTop\":\"1.5cm\",\"marginRight\":\"1.5cm\",\"marginLeft\":\"1.cm\",\"timeout\":59624,\"margin\":{\"top\":\"1.5cm\",\"right\":\"1.5cm\",\"left\":\"1.cm\"}}","meta":{"rootId":"okp8f1x1s712q2m","id":"czc8ya7lw7x4yvf"},"id":"6zpgjrrvzl1xkes","previousOperationId":"vsvdhtyjjk50nch"}
{"type":"operationEnd","operationId":"vsvdhtyjjk50nch","timestamp":1708363531249,"id":"f3yx545wdxepkmd","previousEventId":"r2u0wk97ag6i14f","previousOperationId":"vsvdhtyjjk50nch"}
{"type":"log","timestamp":1708363531249,"level":"debug","message":"Skipping storing report.","meta":{"rootId":"okp8f1x1s712q2m","id":"czc8ya7lw7x4yvf"},"id":"s7lmymu3oir5k80","previousOperationId":"vsvdhtyjjk50nch"}
{"type":"log","timestamp":1708363531249,"level":"info","message":"Rendering (child) request finished in 498 ms","meta":{"rootId":"okp8f1x1s712q2m","id":"czc8ya7lw7x4yvf"},"id":"0keayd81g3u9764","previousOperationId":"vsvdhtyjjk50nch"}
{"type":"operationEnd","subtype":"render","operationId":"yioq3uec5l47ddh","timestamp":1708363531249,"id":"51flpc8ip1y03ud","previousEventId":"f3yx545wdxepkmd","previousOperationId":"vsvdhtyjjk50nch"}
{"type":"operationEnd","operationId":"7gc62ckozikq8oy","timestamp":1708363531263,"id":"3adnys4tfp8p27f","previousEventId":"aq9b3wgta8975o2","previousOperationId":"7gc62ckozikq8oy"}
{"type":"log","timestamp":1708363531263,"level":"debug","message":"pdf-utils postproces start","meta":{"rootId":"okp8f1x1s712q2m","id":"okp8f1x1s712q2m"},"id":"mzof01ithtrs7tn","previousOperationId":"7gc62ckozikq8oy"}
{"type":"log","timestamp":1708363531273,"level":"debug","message":"pdf-utils postproces end","meta":{"rootId":"okp8f1x1s712q2m","id":"okp8f1x1s712q2m"},"id":"xfcxpk7u7eoykl9","previousOperationId":"7gc62ckozikq8oy"}
{"type":"operationEnd","operationId":"lgn2gn6kzoql5ev","timestamp":1708363531273,"id":"c8cy162w9t9wovl","previousEventId":"3adnys4tfp8p27f","previousOperationId":"7gc62ckozikq8oy"}
{"type":"log","timestamp":1708363531273,"level":"info","message":"pdf-utils pdf processing was finished","meta":{"rootId":"okp8f1x1s712q2m","id":"okp8f1x1s712q2m"},"id":"o1n70ktfhs5okr1","previousOperationId":"lgn2gn6kzoql5ev"}
{"type":"log","timestamp":1708363531273,"level":"debug","message":"Skipping storing report.","meta":{"rootId":"okp8f1x1s712q2m","id":"okp8f1x1s712q2m"},"id":"rsfwy9vlxuny0gk","previousOperationId":"lgn2gn6kzoql5ev"}
{"type":"log","timestamp":1708363531273,"level":"info","message":"Rendering request 6 finished in 522 ms","meta":{"rootId":"okp8f1x1s712q2m","id":"okp8f1x1s712q2m"},"id":"rfxv1ew746ql64x","previousOperationId":"lgn2gn6kzoql5ev"}
{"type":"operationEnd","subtype":"render","operationId":"pywx1cj8ysx0yxj","timestamp":1708363531273,"id":"to8yxlt2e6jdmmm","previousEventId":"c8cy162w9t9wovl","previousOperationId":"lgn2gn6kzoql5ev"}
{"type":"operationEnd","doDiffs":false,"previousEventId":"qdtxcrj1x30qldn","previousOperationId":"jqvhluclnm8fr15","operationId":"jqvhluclnm8fr15","timestamp":1708363531276,"id":"1128esogg3k7hqs"}
