{"type":"operationStart","subtype":"profile","data":{"_id":"Evh69kqaPTnDjc2c","timestamp":"2024-02-19T17:25:21.383Z","state":"queued","mode":"standard","creationDate":"2024-02-19T17:25:21.388Z","modificationDate":"2024-02-19T17:25:21.388Z","shortid":"9eRsbBh","$entitySet":"profiles"},"doDiffs":false,"timestamp":1708363521384,"id":"xmu17fxbykflflu","previousOperationId":null,"operationId":"f5em0j8det74qp7"}
{"type":"log","level":"info","message":"Render request 5 queued for execution and waiting for available worker","previousOperationId":"f5em0j8det74qp7","timestamp":1708363521384,"id":"mkkjfecapou3l92"}
{"type":"operationStart","subtype":"render","name":"schools-main","previousOperationId":"f5em0j8det74qp7","timestamp":1708363521402,"id":"umtzlt4lgwklhf5","previousEventId":"xmu17fxbykflflu","operationId":"asazoly0b332kra"}
{"type":"log","timestamp":1708363521403,"level":"info","message":"Starting rendering request 5","meta":{"rootId":"pnr4468ou9qksmg","id":"pnr4468ou9qksmg"},"id":"4edjjga86pntyua","previousOperationId":"asazoly0b332kra"}
{"type":"log","timestamp":1708363521405,"level":"info","message":"Rendering template { name: schools-main, recipe: chrome-pdf, engine: handlebars, preview: false }","meta":{"rootId":"pnr4468ou9qksmg","id":"pnr4468ou9qksmg"},"id":"iinbj47901pwl2j","previousOperationId":"asazoly0b332kra"}
{"type":"log","timestamp":1708363521407,"level":"debug","message":"Inline data specified.","meta":{"rootId":"pnr4468ou9qksmg","id":"pnr4468ou9qksmg"},"id":"p2wptwrrulr9s1r","previousOperationId":"asazoly0b332kra"}
{"type":"log","timestamp":1708363521410,"level":"debug","message":"Executing script schools-script (beforeRender)","meta":{"rootId":"pnr4468ou9qksmg","id":"pnr4468ou9qksmg"},"id":"7k8fxplu4b2bvlx","previousOperationId":"asazoly0b332kra"}
{"type":"operationStart","subtype":"scriptsBeforeRender","name":"scripts beforeRender","timestamp":1708363521774,"id":"qz2j510oq0kok28","previousEventId":"umtzlt4lgwklhf5","operationId":"tzy59a8erj5h4v7","previousOperationId":"asazoly0b332kra"}
{"type":"operationStart","subtype":"script","name":"scripts schools-script","previousOperationId":"tzy59a8erj5h4v7","timestamp":1708363521774,"id":"4n8sj1cdozdge5g","previousEventId":"qz2j510oq0kok28","operationId":"moxsjt3f0fawkk5"}
{"type":"operationEnd","operationId":"moxsjt3f0fawkk5","timestamp":1708363521822,"id":"ufmfoioaglhkvct","previousEventId":"umtzlt4lgwklhf5","previousOperationId":"asazoly0b332kra"}
{"type":"operationEnd","operationId":"tzy59a8erj5h4v7","timestamp":1708363521823,"id":"jexgju87veaauxx","previousEventId":"ufmfoioaglhkvct","previousOperationId":"asazoly0b332kra"}
{"type":"log","timestamp":1708363521823,"level":"debug","message":"Base url not specified, skipping its injection.","meta":{"rootId":"pnr4468ou9qksmg","id":"pnr4468ou9qksmg"},"id":"byrcctvhkfgcyeo","previousOperationId":"tzy59a8erj5h4v7"}
{"type":"operationStart","subtype":"engine","name":"handlebars","timestamp":1708363521823,"id":"kg70so51k8tgbnq","previousEventId":"jexgju87veaauxx","operationId":"2bnfw2piwyz57qt","previousOperationId":"tzy59a8erj5h4v7"}
{"type":"log","timestamp":1708363521823,"level":"debug","message":"Rendering engine handlebars","meta":{"rootId":"pnr4468ou9qksmg","id":"pnr4468ou9qksmg"},"id":"zlrrrb16tpnc3ew","previousOperationId":"2bnfw2piwyz57qt"}
{"type":"log","timestamp":1708363522112,"level":"debug","message":"(console:log) Pdf utils adding group field, value: \"IES Los Gladiolos\"","meta":{"userLevel":true,"rootId":"pnr4468ou9qksmg","id":"pnr4468ou9qksmg"},"id":"wgptmvdlpxcfv2g","previousOperationId":"2bnfw2piwyz57qt"}
{"type":"operationEnd","operationId":"2bnfw2piwyz57qt","timestamp":1708363522112,"id":"jjx2mkqmk187a9s","previousEventId":"kg70so51k8tgbnq","previousOperationId":"2bnfw2piwyz57qt"}
{"type":"operationStart","subtype":"recipe","name":"chrome-pdf","timestamp":1708363522113,"id":"gdeugxs783c63uz","previousEventId":"jjx2mkqmk187a9s","operationId":"x4fpofkvcmk2p15","previousOperationId":"2bnfw2piwyz57qt"}
{"type":"log","timestamp":1708363522113,"level":"debug","message":"Executing recipe chrome-pdf","meta":{"rootId":"pnr4468ou9qksmg","id":"pnr4468ou9qksmg"},"id":"18zrwfos2jputja","previousOperationId":"x4fpofkvcmk2p15"}
{"type":"log","timestamp":1708363523014,"level":"debug","message":"Converting with chrome HeadlessChrome/117.0.5938.149 using chrome-pool strategy","meta":{"rootId":"pnr4468ou9qksmg","id":"pnr4468ou9qksmg"},"id":"7nwb838yh9dicmf","previousOperationId":"x4fpofkvcmk2p15"}
{"type":"log","timestamp":1708363523146,"level":"debug","message":"Page request: GET (document) file:///C:/Users/elbom/AppData/Local/Temp/jsreport/autocleanup/f7e5b8a1-c729-49b1-8545-b6b32c75339f-chrome-pdf.html","meta":{"rootId":"pnr4468ou9qksmg","id":"pnr4468ou9qksmg"},"id":"1lgk562cxgc9ro6","previousOperationId":"x4fpofkvcmk2p15"}
{"type":"log","timestamp":1708363523168,"level":"debug","message":"Page request: GET (stylesheet) https://cdnjs.cloudflare.com/ajax/libs/metro/4.1.5/css/metro.min.css","meta":{"rootId":"pnr4468ou9qksmg","id":"pnr4468ou9qksmg"},"id":"1nxbanuwgg54ssm","previousOperationId":"x4fpofkvcmk2p15"}
{"type":"log","timestamp":1708363523168,"level":"debug","message":"Page request: GET (script) https://cdnjs.cloudflare.com/ajax/libs/Chart.js/2.7.2/Chart.min.js","meta":{"rootId":"pnr4468ou9qksmg","id":"pnr4468ou9qksmg"},"id":"j83dotu21mnav3g","previousOperationId":"x4fpofkvcmk2p15"}
{"type":"log","timestamp":1708363523168,"level":"debug","message":"Page request finished: GET (document) 200 file:///C:/Users/elbom/AppData/Local/Temp/jsreport/autocleanup/f7e5b8a1-c729-49b1-8545-b6b32c75339f-chrome-pdf.html","meta":{"rootId":"pnr4468ou9qksmg","id":"pnr4468ou9qksmg"},"id":"wja5k9zhhuielh9","previousOperationId":"x4fpofkvcmk2p15"}
{"type":"log","timestamp":1708363526108,"level":"debug","message":"Page request finished: GET (script) 200 https://cdnjs.cloudflare.com/ajax/libs/Chart.js/2.7.2/Chart.min.js","meta":{"rootId":"pnr4468ou9qksmg","id":"pnr4468ou9qksmg"},"id":"4vma26buwhwc3dh","previousOperationId":"x4fpofkvcmk2p15"}
{"type":"log","timestamp":1708363526118,"level":"debug","message":"Page request finished: GET (stylesheet) 200 https://cdnjs.cloudflare.com/ajax/libs/metro/4.1.5/css/metro.min.css","meta":{"rootId":"pnr4468ou9qksmg","id":"pnr4468ou9qksmg"},"id":"4ghg94e1ny7o3kg","previousOperationId":"x4fpofkvcmk2p15"}
{"type":"log","timestamp":1708363526168,"level":"debug","message":"Running chrome with params {\"printBackground\":true,\"marginTop\":\"4cm\",\"marginRight\":\"1.5cm\",\"marginBottom\":\"1.5cm\",\"marginLeft\":\"1.5cm\",\"timeout\":58673,\"margin\":{\"top\":\"4cm\",\"right\":\"1.5cm\",\"bottom\":\"1.5cm\",\"left\":\"1.5cm\"}}","meta":{"rootId":"pnr4468ou9qksmg","id":"pnr4468ou9qksmg"},"id":"3wl8um6tsyha9q5","previousOperationId":"x4fpofkvcmk2p15"}
{"type":"operationEnd","operationId":"x4fpofkvcmk2p15","timestamp":1708363526238,"id":"qdyuoirxjwkhbsl","previousEventId":"gdeugxs783c63uz","previousOperationId":"x4fpofkvcmk2p15"}
{"type":"log","timestamp":1708363526238,"level":"info","message":"pdf-utils is starting pdf processing","meta":{"rootId":"pnr4468ou9qksmg","id":"pnr4468ou9qksmg"},"id":"7qe15ac5hgfmz5r","previousOperationId":"x4fpofkvcmk2p15"}
{"type":"operationStart","subtype":"pdfUtils","name":"pdf utils","timestamp":1708363526473,"id":"br0pyvwk0xvzxwe","previousEventId":"qdyuoirxjwkhbsl","operationId":"8g4mr04oa1qqcfc","previousOperationId":"x4fpofkvcmk2p15"}
{"type":"log","timestamp":1708363526473,"level":"debug","message":"pdf-utils detected 1 pdf operation(s) to process","meta":{"rootId":"pnr4468ou9qksmg","id":"pnr4468ou9qksmg"},"id":"yeoi9tf2xi9a8g7","previousOperationId":"8g4mr04oa1qqcfc"}
{"type":"log","timestamp":1708363526658,"level":"debug","message":"pdf-utils running pdf operation merge","meta":{"rootId":"pnr4468ou9qksmg","id":"pnr4468ou9qksmg"},"id":"em5ve1jzomfg603","previousOperationId":"8g4mr04oa1qqcfc"}
{"type":"operationStart","subtype":"pdfUtilsMerge","name":"pdf utils merge","previousOperationId":"8g4mr04oa1qqcfc","timestamp":1708363526659,"id":"dw5e7umyzljgi82","previousEventId":"br0pyvwk0xvzxwe","operationId":"x8vhdri3g3gj2gq"}
{"type":"operationStart","subtype":"render","name":"schools-header","previousOperationId":"x8vhdri3g3gj2gq","timestamp":1708363526660,"id":"mwpmhi8mmucbea7","previousEventId":"dw5e7umyzljgi82","operationId":"vyzfn67aptj2seb"}
{"type":"log","timestamp":1708363526660,"level":"info","message":"Starting rendering (child) request","meta":{"rootId":"pnr4468ou9qksmg","id":"3plytasdx4de9v4"},"id":"hkhtgoig5bz3aaw","previousOperationId":"vyzfn67aptj2seb"}
{"type":"log","timestamp":1708363526660,"level":"info","message":"Rendering template { name: schools-header, recipe: chrome-pdf, engine: handlebars, preview: false }","meta":{"rootId":"pnr4468ou9qksmg","id":"3plytasdx4de9v4"},"id":"ezmdrpf7q0ofnfr","previousOperationId":"vyzfn67aptj2seb"}
{"type":"log","timestamp":1708363526664,"level":"debug","message":"Inline data specified.","meta":{"rootId":"pnr4468ou9qksmg","id":"3plytasdx4de9v4"},"id":"aa9dvxeqlputdwz","previousOperationId":"vyzfn67aptj2seb"}
{"type":"log","timestamp":1708363526665,"level":"debug","message":"Base url not specified, skipping its injection.","meta":{"rootId":"pnr4468ou9qksmg","id":"3plytasdx4de9v4"},"id":"mtvshyl44buq5sh","previousOperationId":"vyzfn67aptj2seb"}
{"type":"operationStart","subtype":"engine","name":"handlebars","timestamp":1708363526665,"id":"xt01hy7xci7zfxe","previousEventId":"mwpmhi8mmucbea7","operationId":"zwrmd9g6jia0zua","previousOperationId":"vyzfn67aptj2seb"}
{"type":"log","timestamp":1708363526665,"level":"debug","message":"Rendering engine handlebars","meta":{"rootId":"pnr4468ou9qksmg","id":"3plytasdx4de9v4"},"id":"de7hivxasj4tllc","previousOperationId":"zwrmd9g6jia0zua"}
{"type":"operationEnd","operationId":"zwrmd9g6jia0zua","timestamp":1708363526680,"id":"5xocj08y9to15lx","previousEventId":"xt01hy7xci7zfxe","previousOperationId":"zwrmd9g6jia0zua"}
{"type":"operationStart","subtype":"recipe","name":"chrome-pdf","timestamp":1708363526680,"id":"6wmaf4ms2yoddtr","previousEventId":"5xocj08y9to15lx","operationId":"fnis2kkppn5htk7","previousOperationId":"zwrmd9g6jia0zua"}
{"type":"log","timestamp":1708363526680,"level":"debug","message":"Executing recipe chrome-pdf","meta":{"rootId":"pnr4468ou9qksmg","id":"3plytasdx4de9v4"},"id":"y81ut26pfahlnho","previousOperationId":"fnis2kkppn5htk7"}
{"type":"log","timestamp":1708363526681,"level":"debug","message":"Converting with chrome HeadlessChrome/117.0.5938.149 using chrome-pool strategy","meta":{"rootId":"pnr4468ou9qksmg","id":"3plytasdx4de9v4"},"id":"gd7ptkjepu76185","previousOperationId":"fnis2kkppn5htk7"}
{"type":"log","timestamp":1708363526760,"level":"debug","message":"Page request: GET (document) file:///C:/Users/elbom/AppData/Local/Temp/jsreport/autocleanup/5c7e4229-18ca-4361-9868-f479f03724ba-chrome-pdf.html","meta":{"rootId":"pnr4468ou9qksmg","id":"3plytasdx4de9v4"},"id":"371m6bigd6iu8t3","previousOperationId":"fnis2kkppn5htk7"}
{"type":"log","timestamp":1708363526769,"level":"debug","message":"Page request: GET (stylesheet) https://cdnjs.cloudflare.com/ajax/libs/metro/4.1.5/css/metro.min.css","meta":{"rootId":"pnr4468ou9qksmg","id":"3plytasdx4de9v4"},"id":"zpkhelct6jurpxj","previousOperationId":"fnis2kkppn5htk7"}
{"type":"log","timestamp":1708363526770,"level":"debug","message":"Page request finished: GET (document) 200 file:///C:/Users/elbom/AppData/Local/Temp/jsreport/autocleanup/5c7e4229-18ca-4361-9868-f479f03724ba-chrome-pdf.html","meta":{"rootId":"pnr4468ou9qksmg","id":"3plytasdx4de9v4"},"id":"3pymypne322rdl4","previousOperationId":"fnis2kkppn5htk7"}
{"type":"log","timestamp":1708363526781,"level":"debug","message":"Page request finished: GET (stylesheet) 200 https://cdnjs.cloudflare.com/ajax/libs/metro/4.1.5/css/metro.min.css","meta":{"rootId":"pnr4468ou9qksmg","id":"3plytasdx4de9v4"},"id":"5843otwq2ae984k","previousOperationId":"fnis2kkppn5htk7"}
{"type":"log","timestamp":1708363526799,"level":"debug","message":"Running chrome with params {\"printBackground\":true,\"marginTop\":\"1.5cm\",\"marginRight\":\"1.5cm\",\"marginLeft\":\"1.cm\",\"timeout\":54701,\"margin\":{\"top\":\"1.5cm\",\"right\":\"1.5cm\",\"left\":\"1.cm\"}}","meta":{"rootId":"pnr4468ou9qksmg","id":"3plytasdx4de9v4"},"id":"pcm2267fa3mrhl2","previousOperationId":"fnis2kkppn5htk7"}
{"type":"operationEnd","operationId":"fnis2kkppn5htk7","timestamp":1708363526830,"id":"56te7gcownfyafb","previousEventId":"6wmaf4ms2yoddtr","previousOperationId":"fnis2kkppn5htk7"}
{"type":"log","timestamp":1708363526831,"level":"debug","message":"Skipping storing report.","meta":{"rootId":"pnr4468ou9qksmg","id":"3plytasdx4de9v4"},"id":"lfdbmw0cih3o1wx","previousOperationId":"fnis2kkppn5htk7"}
{"type":"log","timestamp":1708363526831,"level":"info","message":"Rendering (child) request finished in 5449 ms","meta":{"rootId":"pnr4468ou9qksmg","id":"3plytasdx4de9v4"},"id":"bwv3kaqqwd1f43m","previousOperationId":"fnis2kkppn5htk7"}
{"type":"operationEnd","subtype":"render","operationId":"vyzfn67aptj2seb","timestamp":1708363526831,"id":"4v5bmz4phavtkmc","previousEventId":"56te7gcownfyafb","previousOperationId":"fnis2kkppn5htk7"}
{"type":"operationEnd","operationId":"x8vhdri3g3gj2gq","timestamp":1708363526856,"id":"u2o9w6nfc7qbmnw","previousEventId":"dw5e7umyzljgi82","previousOperationId":"x8vhdri3g3gj2gq"}
{"type":"log","timestamp":1708363526856,"level":"debug","message":"pdf-utils postproces start","meta":{"rootId":"pnr4468ou9qksmg","id":"pnr4468ou9qksmg"},"id":"uc8xm69fkklhzjs","previousOperationId":"x8vhdri3g3gj2gq"}
{"type":"log","timestamp":1708363526873,"level":"debug","message":"pdf-utils postproces end","meta":{"rootId":"pnr4468ou9qksmg","id":"pnr4468ou9qksmg"},"id":"ioltxv4m9aaqjdy","previousOperationId":"x8vhdri3g3gj2gq"}
{"type":"operationEnd","operationId":"8g4mr04oa1qqcfc","timestamp":1708363526873,"id":"wkk87zgmgvbk7or","previousEventId":"u2o9w6nfc7qbmnw","previousOperationId":"x8vhdri3g3gj2gq"}
{"type":"log","timestamp":1708363526873,"level":"info","message":"pdf-utils pdf processing was finished","meta":{"rootId":"pnr4468ou9qksmg","id":"pnr4468ou9qksmg"},"id":"gxevxfwl3c9yhuz","previousOperationId":"8g4mr04oa1qqcfc"}
{"type":"log","timestamp":1708363526873,"level":"debug","message":"Skipping storing report.","meta":{"rootId":"pnr4468ou9qksmg","id":"pnr4468ou9qksmg"},"id":"xnl9cp9ewrnnkyo","previousOperationId":"8g4mr04oa1qqcfc"}
{"type":"log","timestamp":1708363526873,"level":"info","message":"Rendering request 5 finished in 5491 ms","meta":{"rootId":"pnr4468ou9qksmg","id":"pnr4468ou9qksmg"},"id":"yyskwn29d8pt37b","previousOperationId":"8g4mr04oa1qqcfc"}
{"type":"operationEnd","subtype":"render","operationId":"asazoly0b332kra","timestamp":1708363526873,"id":"byakmyxjy8bvw6v","previousEventId":"wkk87zgmgvbk7or","previousOperationId":"8g4mr04oa1qqcfc"}
{"type":"operationEnd","doDiffs":false,"previousEventId":"xmu17fxbykflflu","previousOperationId":"f5em0j8det74qp7","operationId":"f5em0j8det74qp7","timestamp":1708363526881,"id":"cwsa1a2ltzt4oge"}
