{"type":"operationStart","subtype":"profile","data":{"_id":"8x74QSBPz1YinbsG","timestamp":"2024-02-23T15:55:05.056Z","state":"queued","mode":"standard","creationDate":"2024-02-23T15:55:05.057Z","modificationDate":"2024-02-23T15:55:05.057Z","shortid":"o06yG6e","$entitySet":"profiles"},"doDiffs":false,"timestamp":1708703705057,"id":"8ofkwjwk8p2yas4","previousOperationId":null,"operationId":"7tqqscr0vd6mbzn"}
{"type":"log","level":"info","message":"Render request 2 queued for execution and waiting for available worker","previousOperationId":"7tqqscr0vd6mbzn","timestamp":1708703705057,"id":"de23t0vwiyhzbeq"}
{"type":"operationStart","subtype":"render","name":"schools-main","previousOperationId":"7tqqscr0vd6mbzn","timestamp":1708703705065,"id":"ah2g9grci4qb7u3","previousEventId":"8ofkwjwk8p2yas4","operationId":"o942cklcxa15p3n"}
{"type":"log","timestamp":1708703705066,"level":"info","message":"Starting rendering request 2","meta":{"rootId":"rkrc6643qarko5e","id":"rkrc6643qarko5e"},"id":"yxlmz53xts4xehk","previousOperationId":"o942cklcxa15p3n"}
{"type":"log","timestamp":1708703705066,"level":"info","message":"Rendering template { name: schools-main, recipe: chrome-pdf, engine: handlebars, preview: false }","meta":{"rootId":"rkrc6643qarko5e","id":"rkrc6643qarko5e"},"id":"tym9tbt05knfg44","previousOperationId":"o942cklcxa15p3n"}
{"type":"log","timestamp":1708703705069,"level":"debug","message":"Inline data specified.","meta":{"rootId":"rkrc6643qarko5e","id":"rkrc6643qarko5e"},"id":"slxc80oj64w4duk","previousOperationId":"o942cklcxa15p3n"}
{"type":"log","timestamp":1708703705074,"level":"debug","message":"Executing script schools-script (beforeRender)","meta":{"rootId":"rkrc6643qarko5e","id":"rkrc6643qarko5e"},"id":"ah9oid8lbtc5zhl","previousOperationId":"o942cklcxa15p3n"}
{"type":"operationStart","subtype":"scriptsBeforeRender","name":"scripts beforeRender","timestamp":1708703705383,"id":"x9uegmy8uu4f7lo","previousEventId":"ah2g9grci4qb7u3","operationId":"mcoujim2aawycma","previousOperationId":"o942cklcxa15p3n"}
{"type":"operationStart","subtype":"script","name":"scripts schools-script","previousOperationId":"mcoujim2aawycma","timestamp":1708703705383,"id":"06foo5yl3i359pq","previousEventId":"x9uegmy8uu4f7lo","operationId":"b1unfng25c7wan5"}
{"type":"operationEnd","operationId":"b1unfng25c7wan5","timestamp":1708703705429,"id":"ikpwbikbpew7z72","previousEventId":"ah2g9grci4qb7u3","previousOperationId":"o942cklcxa15p3n"}
{"type":"operationEnd","operationId":"mcoujim2aawycma","timestamp":1708703705429,"id":"w81wbrxvakagewd","previousEventId":"ikpwbikbpew7z72","previousOperationId":"o942cklcxa15p3n"}
{"type":"log","timestamp":1708703705429,"level":"debug","message":"Base url not specified, skipping its injection.","meta":{"rootId":"rkrc6643qarko5e","id":"rkrc6643qarko5e"},"id":"nl9c80xs50t5ygo","previousOperationId":"mcoujim2aawycma"}
{"type":"operationStart","subtype":"engine","name":"handlebars","timestamp":1708703705430,"id":"n1qy8ehni2f8fuo","previousEventId":"w81wbrxvakagewd","operationId":"uic2rkl628g8ewe","previousOperationId":"mcoujim2aawycma"}
{"type":"log","timestamp":1708703705430,"level":"debug","message":"Rendering engine handlebars","meta":{"rootId":"rkrc6643qarko5e","id":"rkrc6643qarko5e"},"id":"rneczretonmmkwi","previousOperationId":"uic2rkl628g8ewe"}
{"type":"log","timestamp":1708703705737,"level":"debug","message":"(console:log) Pdf utils adding group field, value: \"IES Los Gladiolos\"","meta":{"userLevel":true,"rootId":"rkrc6643qarko5e","id":"rkrc6643qarko5e"},"id":"y7mm4ue0c54ho4w","previousOperationId":"uic2rkl628g8ewe"}
{"type":"operationEnd","operationId":"uic2rkl628g8ewe","timestamp":1708703705738,"id":"fltaujxqmeqiqxm","previousEventId":"n1qy8ehni2f8fuo","previousOperationId":"uic2rkl628g8ewe"}
{"type":"operationStart","subtype":"recipe","name":"chrome-pdf","timestamp":1708703705738,"id":"68adz1u1f3j2fmo","previousEventId":"fltaujxqmeqiqxm","operationId":"k2we73zioffuosj","previousOperationId":"uic2rkl628g8ewe"}
{"type":"log","timestamp":1708703705738,"level":"debug","message":"Executing recipe chrome-pdf","meta":{"rootId":"rkrc6643qarko5e","id":"rkrc6643qarko5e"},"id":"d3epo778rkxantk","previousOperationId":"k2we73zioffuosj"}
{"type":"log","timestamp":1708703706395,"level":"debug","message":"Converting with chrome HeadlessChrome/117.0.5938.149 using chrome-pool strategy","meta":{"rootId":"rkrc6643qarko5e","id":"rkrc6643qarko5e"},"id":"d1qy8odq2cvg87o","previousOperationId":"k2we73zioffuosj"}
{"type":"log","timestamp":1708703706749,"level":"debug","message":"Page request: GET (document) file:///C:/Users/Javier/AppData/Local/Temp/jsreport/autocleanup/c0561816-1be0-4d5b-a74a-e095d8563e3e-chrome-pdf.html","meta":{"rootId":"rkrc6643qarko5e","id":"rkrc6643qarko5e"},"id":"lps0cezdahij82z","previousOperationId":"k2we73zioffuosj"}
{"type":"log","timestamp":1708703706768,"level":"debug","message":"Page request: GET (stylesheet) https://cdnjs.cloudflare.com/ajax/libs/metro/4.1.5/css/metro.min.css","meta":{"rootId":"rkrc6643qarko5e","id":"rkrc6643qarko5e"},"id":"w3cqwvtema5kjnf","previousOperationId":"k2we73zioffuosj"}
{"type":"log","timestamp":1708703706768,"level":"debug","message":"Page request: GET (script) https://cdnjs.cloudflare.com/ajax/libs/Chart.js/2.7.2/Chart.min.js","meta":{"rootId":"rkrc6643qarko5e","id":"rkrc6643qarko5e"},"id":"9ox3q97jcjwtvii","previousOperationId":"k2we73zioffuosj"}
{"type":"log","timestamp":1708703706769,"level":"debug","message":"Page request finished: GET (document) 200 file:///C:/Users/Javier/AppData/Local/Temp/jsreport/autocleanup/c0561816-1be0-4d5b-a74a-e095d8563e3e-chrome-pdf.html","meta":{"rootId":"rkrc6643qarko5e","id":"rkrc6643qarko5e"},"id":"lcmykhvzl2i8f77","previousOperationId":"k2we73zioffuosj"}
{"type":"log","timestamp":1708703707050,"level":"debug","message":"Page request finished: GET (stylesheet) 200 https://cdnjs.cloudflare.com/ajax/libs/metro/4.1.5/css/metro.min.css","meta":{"rootId":"rkrc6643qarko5e","id":"rkrc6643qarko5e"},"id":"i5nhuwtwrquk2z2","previousOperationId":"k2we73zioffuosj"}
{"type":"log","timestamp":1708703707050,"level":"debug","message":"Page request finished: GET (script) 200 https://cdnjs.cloudflare.com/ajax/libs/Chart.js/2.7.2/Chart.min.js","meta":{"rootId":"rkrc6643qarko5e","id":"rkrc6643qarko5e"},"id":"d16s8mni5c6ltqc","previousOperationId":"k2we73zioffuosj"}
{"type":"log","timestamp":1708703707103,"level":"debug","message":"Running chrome with params {\"printBackground\":true,\"marginTop\":\"4cm\",\"marginRight\":\"1.5cm\",\"marginBottom\":\"1.5cm\",\"marginLeft\":\"1.5cm\",\"timeout\":58870,\"margin\":{\"top\":\"4cm\",\"right\":\"1.5cm\",\"bottom\":\"1.5cm\",\"left\":\"1.5cm\"}}","meta":{"rootId":"rkrc6643qarko5e","id":"rkrc6643qarko5e"},"id":"ss26dwnyj4yqt26","previousOperationId":"k2we73zioffuosj"}
{"type":"operationEnd","operationId":"k2we73zioffuosj","timestamp":1708703707187,"id":"i6n9q96s97cyy8u","previousEventId":"68adz1u1f3j2fmo","previousOperationId":"k2we73zioffuosj"}
{"type":"log","timestamp":1708703707187,"level":"info","message":"pdf-utils is starting pdf processing","meta":{"rootId":"rkrc6643qarko5e","id":"rkrc6643qarko5e"},"id":"4yqxyifo6e9cpfe","previousOperationId":"k2we73zioffuosj"}
{"type":"operationStart","subtype":"pdfUtils","name":"pdf utils","timestamp":1708703707425,"id":"uwsmlr7n72pifxr","previousEventId":"i6n9q96s97cyy8u","operationId":"bqnfmwsk0ca6mxw","previousOperationId":"k2we73zioffuosj"}
{"type":"log","timestamp":1708703707425,"level":"debug","message":"pdf-utils detected 1 pdf operation(s) to process","meta":{"rootId":"rkrc6643qarko5e","id":"rkrc6643qarko5e"},"id":"ckv10rqxgjtkb26","previousOperationId":"bqnfmwsk0ca6mxw"}
{"type":"log","timestamp":1708703707643,"level":"debug","message":"pdf-utils running pdf operation merge","meta":{"rootId":"rkrc6643qarko5e","id":"rkrc6643qarko5e"},"id":"9kw0vac2fgurp1m","previousOperationId":"bqnfmwsk0ca6mxw"}
{"type":"operationStart","subtype":"pdfUtilsMerge","name":"pdf utils merge","previousOperationId":"bqnfmwsk0ca6mxw","timestamp":1708703707643,"id":"takwkbm424n2soi","previousEventId":"uwsmlr7n72pifxr","operationId":"kyj8vjmumdsh9j8"}
{"type":"operationStart","subtype":"render","name":"schools-header","previousOperationId":"kyj8vjmumdsh9j8","timestamp":1708703707644,"id":"ggqjoxg1dy8vg0a","previousEventId":"takwkbm424n2soi","operationId":"9gmykw842c4o4c2"}
{"type":"log","timestamp":1708703707644,"level":"info","message":"Starting rendering (child) request","meta":{"rootId":"rkrc6643qarko5e","id":"nl8zvhi4zo1mimr"},"id":"caz4gnnp3woh3hu","previousOperationId":"9gmykw842c4o4c2"}
{"type":"log","timestamp":1708703707644,"level":"info","message":"Rendering template { name: schools-header, recipe: chrome-pdf, engine: handlebars, preview: false }","meta":{"rootId":"rkrc6643qarko5e","id":"nl8zvhi4zo1mimr"},"id":"69gsyu61y482qdf","previousOperationId":"9gmykw842c4o4c2"}
{"type":"log","timestamp":1708703707646,"level":"debug","message":"Inline data specified.","meta":{"rootId":"rkrc6643qarko5e","id":"nl8zvhi4zo1mimr"},"id":"jvyjatnwqub2jm1","previousOperationId":"9gmykw842c4o4c2"}
{"type":"log","timestamp":1708703707648,"level":"debug","message":"Base url not specified, skipping its injection.","meta":{"rootId":"rkrc6643qarko5e","id":"nl8zvhi4zo1mimr"},"id":"ff75fox907vsfrz","previousOperationId":"9gmykw842c4o4c2"}
{"type":"operationStart","subtype":"engine","name":"handlebars","timestamp":1708703707648,"id":"604w7mqcswycji7","previousEventId":"ggqjoxg1dy8vg0a","operationId":"mc35df86qgpkbol","previousOperationId":"9gmykw842c4o4c2"}
{"type":"log","timestamp":1708703707648,"level":"debug","message":"Rendering engine handlebars","meta":{"rootId":"rkrc6643qarko5e","id":"nl8zvhi4zo1mimr"},"id":"92z9648nv6k1vbd","previousOperationId":"mc35df86qgpkbol"}
{"type":"operationEnd","operationId":"mc35df86qgpkbol","timestamp":1708703707669,"id":"zd1kn3fm7t0xa3t","previousEventId":"604w7mqcswycji7","previousOperationId":"mc35df86qgpkbol"}
{"type":"operationStart","subtype":"recipe","name":"chrome-pdf","timestamp":1708703707669,"id":"f9ryxr8yc1ppzcl","previousEventId":"zd1kn3fm7t0xa3t","operationId":"72ao1jbqwm1fn5i","previousOperationId":"mc35df86qgpkbol"}
{"type":"log","timestamp":1708703707669,"level":"debug","message":"Executing recipe chrome-pdf","meta":{"rootId":"rkrc6643qarko5e","id":"nl8zvhi4zo1mimr"},"id":"9mix72e8sar7yst","previousOperationId":"72ao1jbqwm1fn5i"}
{"type":"log","timestamp":1708703707671,"level":"debug","message":"Converting with chrome HeadlessChrome/117.0.5938.149 using chrome-pool strategy","meta":{"rootId":"rkrc6643qarko5e","id":"nl8zvhi4zo1mimr"},"id":"k7p5ea6aqcnpje8","previousOperationId":"72ao1jbqwm1fn5i"}
{"type":"log","timestamp":1708703707748,"level":"debug","message":"Page request: GET (document) file:///C:/Users/Javier/AppData/Local/Temp/jsreport/autocleanup/877d76f0-71e6-4f49-b6c0-00946c431d19-chrome-pdf.html","meta":{"rootId":"rkrc6643qarko5e","id":"nl8zvhi4zo1mimr"},"id":"e6m6nmq2fsm959e","previousOperationId":"72ao1jbqwm1fn5i"}
{"type":"log","timestamp":1708703707767,"level":"debug","message":"Page request: GET (stylesheet) https://cdnjs.cloudflare.com/ajax/libs/metro/4.1.5/css/metro.min.css","meta":{"rootId":"rkrc6643qarko5e","id":"nl8zvhi4zo1mimr"},"id":"8kcaoi0m0tftedf","previousOperationId":"72ao1jbqwm1fn5i"}
{"type":"log","timestamp":1708703707768,"level":"debug","message":"Page request finished: GET (document) 200 file:///C:/Users/Javier/AppData/Local/Temp/jsreport/autocleanup/877d76f0-71e6-4f49-b6c0-00946c431d19-chrome-pdf.html","meta":{"rootId":"rkrc6643qarko5e","id":"nl8zvhi4zo1mimr"},"id":"arrhgvyd3hvb1k5","previousOperationId":"72ao1jbqwm1fn5i"}
{"type":"log","timestamp":1708703707783,"level":"debug","message":"Page request finished: GET (stylesheet) 200 https://cdnjs.cloudflare.com/ajax/libs/metro/4.1.5/css/metro.min.css","meta":{"rootId":"rkrc6643qarko5e","id":"nl8zvhi4zo1mimr"},"id":"u6gr8eks9p9eiwu","previousOperationId":"72ao1jbqwm1fn5i"}
{"type":"log","timestamp":1708703707802,"level":"debug","message":"Running chrome with params {\"printBackground\":true,\"marginTop\":\"1.5cm\",\"marginRight\":\"1.5cm\",\"marginLeft\":\"1.cm\",\"timeout\":57384,\"margin\":{\"top\":\"1.5cm\",\"right\":\"1.5cm\",\"left\":\"1.cm\"}}","meta":{"rootId":"rkrc6643qarko5e","id":"nl8zvhi4zo1mimr"},"id":"0b3ym6xy2p7p0c1","previousOperationId":"72ao1jbqwm1fn5i"}
{"type":"operationEnd","operationId":"72ao1jbqwm1fn5i","timestamp":1708703707836,"id":"0oc9mwyqo10lni5","previousEventId":"f9ryxr8yc1ppzcl","previousOperationId":"72ao1jbqwm1fn5i"}
{"type":"log","timestamp":1708703707837,"level":"debug","message":"Skipping storing report.","meta":{"rootId":"rkrc6643qarko5e","id":"nl8zvhi4zo1mimr"},"id":"6zwl7gslcmm5jem","previousOperationId":"72ao1jbqwm1fn5i"}
{"type":"log","timestamp":1708703707837,"level":"info","message":"Rendering (child) request finished in 2782 ms","meta":{"rootId":"rkrc6643qarko5e","id":"nl8zvhi4zo1mimr"},"id":"9q7e8ibqw8uax2v","previousOperationId":"72ao1jbqwm1fn5i"}
{"type":"operationEnd","subtype":"render","operationId":"9gmykw842c4o4c2","timestamp":1708703707837,"id":"knifl2yysy1hkw6","previousEventId":"0oc9mwyqo10lni5","previousOperationId":"72ao1jbqwm1fn5i"}
{"type":"operationEnd","operationId":"kyj8vjmumdsh9j8","timestamp":1708703707864,"id":"isysvxotjc41z74","previousEventId":"takwkbm424n2soi","previousOperationId":"kyj8vjmumdsh9j8"}
{"type":"log","timestamp":1708703707864,"level":"debug","message":"pdf-utils postproces start","meta":{"rootId":"rkrc6643qarko5e","id":"rkrc6643qarko5e"},"id":"892hvzppn2b17ff","previousOperationId":"kyj8vjmumdsh9j8"}
{"type":"log","timestamp":1708703707881,"level":"debug","message":"pdf-utils postproces end","meta":{"rootId":"rkrc6643qarko5e","id":"rkrc6643qarko5e"},"id":"8liihckhial7xwn","previousOperationId":"kyj8vjmumdsh9j8"}
{"type":"operationEnd","operationId":"bqnfmwsk0ca6mxw","timestamp":1708703707881,"id":"9vqd3qwjxk32wzg","previousEventId":"isysvxotjc41z74","previousOperationId":"kyj8vjmumdsh9j8"}
{"type":"log","timestamp":1708703707881,"level":"info","message":"pdf-utils pdf processing was finished","meta":{"rootId":"rkrc6643qarko5e","id":"rkrc6643qarko5e"},"id":"mfwko8v893okr8l","previousOperationId":"bqnfmwsk0ca6mxw"}
{"type":"log","timestamp":1708703707881,"level":"debug","message":"Skipping storing report.","meta":{"rootId":"rkrc6643qarko5e","id":"rkrc6643qarko5e"},"id":"fio6fmlghbdsng9","previousOperationId":"bqnfmwsk0ca6mxw"}
{"type":"log","timestamp":1708703707881,"level":"info","message":"Rendering request 2 finished in 2826 ms","meta":{"rootId":"rkrc6643qarko5e","id":"rkrc6643qarko5e"},"id":"k7q1vlims9tglet","previousOperationId":"bqnfmwsk0ca6mxw"}
{"type":"operationEnd","subtype":"render","operationId":"o942cklcxa15p3n","timestamp":1708703707881,"id":"sc1kjrwvjxgb4kl","previousEventId":"9vqd3qwjxk32wzg","previousOperationId":"bqnfmwsk0ca6mxw"}
{"type":"operationEnd","doDiffs":false,"previousEventId":"8ofkwjwk8p2yas4","previousOperationId":"7tqqscr0vd6mbzn","operationId":"7tqqscr0vd6mbzn","timestamp":1708703707890,"id":"vjwb3tvs927z9a0"}
