{"type":"operationStart","subtype":"profile","data":{"_id":"NoJF5I2RU1aLd1TW","timestamp":"2024-02-19T17:00:15.549Z","state":"queued","mode":"standard","creationDate":"2024-02-19T17:00:15.551Z","modificationDate":"2024-02-19T17:00:15.551Z","shortid":"91KFDpQ","$entitySet":"profiles"},"doDiffs":false,"timestamp":1708362015550,"id":"8kxdri5l2r3l1hy","previousOperationId":null,"operationId":"0mzvqcnavya57d8"}
{"type":"log","level":"info","message":"Render request 4 queued for execution and waiting for available worker","previousOperationId":"0mzvqcnavya57d8","timestamp":1708362015550,"id":"x93tru7hbgcix2c"}
{"type":"operationStart","subtype":"render","name":"schools-main","previousOperationId":"0mzvqcnavya57d8","timestamp":1708362015559,"id":"877b5ajl6km86ex","previousEventId":"8kxdri5l2r3l1hy","operationId":"mgmfjce8ardowff"}
{"type":"log","timestamp":1708362015560,"level":"info","message":"Starting rendering request 4","meta":{"rootId":"rtdrwjb32trqcvi","id":"rtdrwjb32trqcvi"},"id":"vqqldbnfe839vg7","previousOperationId":"mgmfjce8ardowff"}
{"type":"log","timestamp":1708362015561,"level":"info","message":"Rendering template { name: schools-main, recipe: chrome-pdf, engine: handlebars, preview: true }","meta":{"rootId":"rtdrwjb32trqcvi","id":"rtdrwjb32trqcvi"},"id":"ii3behek8hlpjzr","previousOperationId":"mgmfjce8ardowff"}
{"type":"log","timestamp":1708362015563,"level":"debug","message":"Data item not defined for this template.","meta":{"rootId":"rtdrwjb32trqcvi","id":"rtdrwjb32trqcvi"},"id":"x17sn0539a2o7gt","previousOperationId":"mgmfjce8ardowff"}
{"type":"log","timestamp":1708362015565,"level":"debug","message":"Executing script schools-script (beforeRender)","meta":{"rootId":"rtdrwjb32trqcvi","id":"rtdrwjb32trqcvi"},"id":"k40ddqx6ldga42n","previousOperationId":"mgmfjce8ardowff"}
{"type":"operationStart","subtype":"scriptsBeforeRender","name":"scripts beforeRender","timestamp":1708362015824,"id":"2kp500f0c5n05h5","previousEventId":"877b5ajl6km86ex","operationId":"huwoyw6yzmbdlz9","previousOperationId":"mgmfjce8ardowff"}
{"type":"operationStart","subtype":"script","name":"scripts schools-script","previousOperationId":"huwoyw6yzmbdlz9","timestamp":1708362015824,"id":"9brxawhw8ihmw8a","previousEventId":"2kp500f0c5n05h5","operationId":"dvz8o53kong94eb"}
{"type":"operationEnd","operationId":"dvz8o53kong94eb","timestamp":1708362015884,"id":"kmjome30vy8v7qn","previousEventId":"877b5ajl6km86ex","previousOperationId":"mgmfjce8ardowff"}
{"type":"operationEnd","operationId":"huwoyw6yzmbdlz9","timestamp":1708362015885,"id":"nqckwdwybqwfj5d","previousEventId":"kmjome30vy8v7qn","previousOperationId":"mgmfjce8ardowff"}
{"type":"log","timestamp":1708362015885,"level":"debug","message":"Base url not specified, skipping its injection.","meta":{"rootId":"rtdrwjb32trqcvi","id":"rtdrwjb32trqcvi"},"id":"z3ib1l6p01myri1","previousOperationId":"huwoyw6yzmbdlz9"}
{"type":"operationStart","subtype":"engine","name":"handlebars","timestamp":1708362015885,"id":"xvjr3rjgkujhpn1","previousEventId":"nqckwdwybqwfj5d","operationId":"xuy01ltozbmpukc","previousOperationId":"huwoyw6yzmbdlz9"}
{"type":"log","timestamp":1708362015885,"level":"debug","message":"Rendering engine handlebars","meta":{"rootId":"rtdrwjb32trqcvi","id":"rtdrwjb32trqcvi"},"id":"jh0dmwpo9c2yqp3","previousOperationId":"xuy01ltozbmpukc"}
{"type":"log","timestamp":1708362016153,"level":"debug","message":"(console:log) Pdf utils adding group field, value: \"IES Los Gladiolos\"","meta":{"userLevel":true,"rootId":"rtdrwjb32trqcvi","id":"rtdrwjb32trqcvi"},"id":"1pjic7eb712szb8","previousOperationId":"xuy01ltozbmpukc"}
{"type":"operationEnd","operationId":"xuy01ltozbmpukc","timestamp":1708362016154,"id":"qvtp165e1v779ne","previousEventId":"xvjr3rjgkujhpn1","previousOperationId":"xuy01ltozbmpukc"}
{"type":"operationStart","subtype":"recipe","name":"chrome-pdf","timestamp":1708362016155,"id":"o7un0bqp1s55dom","previousEventId":"qvtp165e1v779ne","operationId":"0tv1ucbekvap4od","previousOperationId":"xuy01ltozbmpukc"}
{"type":"log","timestamp":1708362016155,"level":"debug","message":"Executing recipe chrome-pdf","meta":{"rootId":"rtdrwjb32trqcvi","id":"rtdrwjb32trqcvi"},"id":"0cnc7od7ov0j0j1","previousOperationId":"0tv1ucbekvap4od"}
{"type":"log","timestamp":1708362017479,"level":"debug","message":"Converting with chrome HeadlessChrome/117.0.5938.149 using chrome-pool strategy","meta":{"rootId":"rtdrwjb32trqcvi","id":"rtdrwjb32trqcvi"},"id":"cq0v7t770xzsdvi","previousOperationId":"0tv1ucbekvap4od"}
{"type":"log","timestamp":1708362017966,"level":"debug","message":"Page request: GET (document) file:///C:/Users/elbom/AppData/Local/Temp/jsreport/autocleanup/02020b84-64d3-4ed3-b091-85aa7630b331-chrome-pdf.html","meta":{"rootId":"rtdrwjb32trqcvi","id":"rtdrwjb32trqcvi"},"id":"tfgwsy6ufmq6t51","previousOperationId":"0tv1ucbekvap4od"}
{"type":"log","timestamp":1708362017988,"level":"debug","message":"Page request: GET (stylesheet) https://cdnjs.cloudflare.com/ajax/libs/metro/4.1.5/css/metro.min.css","meta":{"rootId":"rtdrwjb32trqcvi","id":"rtdrwjb32trqcvi"},"id":"tl255v828zrspmj","previousOperationId":"0tv1ucbekvap4od"}
{"type":"log","timestamp":1708362017988,"level":"debug","message":"Page request: GET (script) https://cdnjs.cloudflare.com/ajax/libs/Chart.js/2.7.2/Chart.min.js","meta":{"rootId":"rtdrwjb32trqcvi","id":"rtdrwjb32trqcvi"},"id":"87xskom0cio9r4s","previousOperationId":"0tv1ucbekvap4od"}
{"type":"log","timestamp":1708362017989,"level":"debug","message":"Page request finished: GET (document) 200 file:///C:/Users/elbom/AppData/Local/Temp/jsreport/autocleanup/02020b84-64d3-4ed3-b091-85aa7630b331-chrome-pdf.html","meta":{"rootId":"rtdrwjb32trqcvi","id":"rtdrwjb32trqcvi"},"id":"50zb6wsyihm12z3","previousOperationId":"0tv1ucbekvap4od"}
{"type":"log","timestamp":1708362020894,"level":"debug","message":"Page request finished: GET (stylesheet) 200 https://cdnjs.cloudflare.com/ajax/libs/metro/4.1.5/css/metro.min.css","meta":{"rootId":"rtdrwjb32trqcvi","id":"rtdrwjb32trqcvi"},"id":"4pkzdmx3ja98f47","previousOperationId":"0tv1ucbekvap4od"}
{"type":"log","timestamp":1708362020901,"level":"debug","message":"Page request finished: GET (script) 200 https://cdnjs.cloudflare.com/ajax/libs/Chart.js/2.7.2/Chart.min.js","meta":{"rootId":"rtdrwjb32trqcvi","id":"rtdrwjb32trqcvi"},"id":"bomuosnn4ldeuod","previousOperationId":"0tv1ucbekvap4od"}
{"type":"log","timestamp":1708362020952,"level":"debug","message":"Running chrome with params {\"printBackground\":true,\"marginTop\":\"4cm\",\"marginRight\":\"1.5cm\",\"marginBottom\":\"1.5cm\",\"marginLeft\":\"1.5cm\",\"timeout\":58843,\"margin\":{\"top\":\"4cm\",\"right\":\"1.5cm\",\"bottom\":\"1.5cm\",\"left\":\"1.5cm\"}}","meta":{"rootId":"rtdrwjb32trqcvi","id":"rtdrwjb32trqcvi"},"id":"8w9cmhrg9stkol8","previousOperationId":"0tv1ucbekvap4od"}
{"type":"operationEnd","operationId":"0tv1ucbekvap4od","timestamp":1708362021025,"id":"m0mbo8iq31cqfcs","previousEventId":"o7un0bqp1s55dom","previousOperationId":"0tv1ucbekvap4od"}
{"type":"log","timestamp":1708362021025,"level":"info","message":"pdf-utils is starting pdf processing","meta":{"rootId":"rtdrwjb32trqcvi","id":"rtdrwjb32trqcvi"},"id":"e5g47luvesrwnnw","previousOperationId":"0tv1ucbekvap4od"}
{"type":"operationStart","subtype":"pdfUtils","name":"pdf utils","timestamp":1708362021261,"id":"lpykp5stt1udc6w","previousEventId":"m0mbo8iq31cqfcs","operationId":"3ln3tjh9zn2o80y","previousOperationId":"0tv1ucbekvap4od"}
{"type":"log","timestamp":1708362021261,"level":"debug","message":"pdf-utils detected 1 pdf operation(s) to process","meta":{"rootId":"rtdrwjb32trqcvi","id":"rtdrwjb32trqcvi"},"id":"1gyfgprcdet89j7","previousOperationId":"3ln3tjh9zn2o80y"}
{"type":"log","timestamp":1708362021449,"level":"debug","message":"pdf-utils running pdf operation merge","meta":{"rootId":"rtdrwjb32trqcvi","id":"rtdrwjb32trqcvi"},"id":"t4ont041dpk2lkr","previousOperationId":"3ln3tjh9zn2o80y"}
{"type":"operationStart","subtype":"pdfUtilsMerge","name":"pdf utils merge","previousOperationId":"3ln3tjh9zn2o80y","timestamp":1708362021449,"id":"w26prwex02exc7n","previousEventId":"lpykp5stt1udc6w","operationId":"lmxnvv9jc8k2yh0"}
{"type":"operationStart","subtype":"render","name":"schools-header","previousOperationId":"lmxnvv9jc8k2yh0","timestamp":1708362021451,"id":"0iwo8j8ifswt7ta","previousEventId":"w26prwex02exc7n","operationId":"hct2gkxw9yjrt6i"}
{"type":"log","timestamp":1708362021451,"level":"info","message":"Starting rendering (child) request","meta":{"rootId":"rtdrwjb32trqcvi","id":"4p0xaaq24mmrnpw"},"id":"fqaqp80ff0koj34","previousOperationId":"hct2gkxw9yjrt6i"}
{"type":"log","timestamp":1708362021451,"level":"info","message":"Rendering template { name: schools-header, recipe: chrome-pdf, engine: handlebars, preview: true }","meta":{"rootId":"rtdrwjb32trqcvi","id":"4p0xaaq24mmrnpw"},"id":"zvnk9ca8ulk919s","previousOperationId":"hct2gkxw9yjrt6i"}
{"type":"log","timestamp":1708362021454,"level":"debug","message":"Inline data specified.","meta":{"rootId":"rtdrwjb32trqcvi","id":"4p0xaaq24mmrnpw"},"id":"sma5tihu049d8at","previousOperationId":"hct2gkxw9yjrt6i"}
{"type":"log","timestamp":1708362021456,"level":"debug","message":"Base url not specified, skipping its injection.","meta":{"rootId":"rtdrwjb32trqcvi","id":"4p0xaaq24mmrnpw"},"id":"0e50254hbeh39jr","previousOperationId":"hct2gkxw9yjrt6i"}
{"type":"operationStart","subtype":"engine","name":"handlebars","timestamp":1708362021456,"id":"k0opysc8ynkj4g5","previousEventId":"0iwo8j8ifswt7ta","operationId":"0uypgzfrjee3k51","previousOperationId":"hct2gkxw9yjrt6i"}
{"type":"log","timestamp":1708362021456,"level":"debug","message":"Rendering engine handlebars","meta":{"rootId":"rtdrwjb32trqcvi","id":"4p0xaaq24mmrnpw"},"id":"9fp63yyttix80r8","previousOperationId":"0uypgzfrjee3k51"}
{"type":"operationEnd","operationId":"0uypgzfrjee3k51","timestamp":1708362021531,"id":"3kf5hevq2kez0m0","previousEventId":"k0opysc8ynkj4g5","previousOperationId":"0uypgzfrjee3k51"}
{"type":"operationStart","subtype":"recipe","name":"chrome-pdf","timestamp":1708362021531,"id":"tp5rp4x1t47gupq","previousEventId":"3kf5hevq2kez0m0","operationId":"lpa29w9orcruuad","previousOperationId":"0uypgzfrjee3k51"}
{"type":"log","timestamp":1708362021531,"level":"debug","message":"Executing recipe chrome-pdf","meta":{"rootId":"rtdrwjb32trqcvi","id":"4p0xaaq24mmrnpw"},"id":"elybxp6qvd3sdxn","previousOperationId":"lpa29w9orcruuad"}
{"type":"log","timestamp":1708362021533,"level":"debug","message":"Converting with chrome HeadlessChrome/117.0.5938.149 using chrome-pool strategy","meta":{"rootId":"rtdrwjb32trqcvi","id":"4p0xaaq24mmrnpw"},"id":"0qeke58u8vj4xss","previousOperationId":"lpa29w9orcruuad"}
{"type":"log","timestamp":1708362021615,"level":"debug","message":"Page request: GET (document) file:///C:/Users/elbom/AppData/Local/Temp/jsreport/autocleanup/05271e26-cf13-47c9-99b2-6c6f387400de-chrome-pdf.html","meta":{"rootId":"rtdrwjb32trqcvi","id":"4p0xaaq24mmrnpw"},"id":"hml307lqcgcy7iy","previousOperationId":"lpa29w9orcruuad"}
{"type":"log","timestamp":1708362021635,"level":"debug","message":"Page request: GET (stylesheet) https://cdnjs.cloudflare.com/ajax/libs/metro/4.1.5/css/metro.min.css","meta":{"rootId":"rtdrwjb32trqcvi","id":"4p0xaaq24mmrnpw"},"id":"ra0vr6gh2ppwotl","previousOperationId":"lpa29w9orcruuad"}
{"type":"log","timestamp":1708362021636,"level":"debug","message":"Page request finished: GET (document) 200 file:///C:/Users/elbom/AppData/Local/Temp/jsreport/autocleanup/05271e26-cf13-47c9-99b2-6c6f387400de-chrome-pdf.html","meta":{"rootId":"rtdrwjb32trqcvi","id":"4p0xaaq24mmrnpw"},"id":"fznkmudwkufgjhe","previousOperationId":"lpa29w9orcruuad"}
{"type":"log","timestamp":1708362021650,"level":"debug","message":"Page request finished: GET (stylesheet) 200 https://cdnjs.cloudflare.com/ajax/libs/metro/4.1.5/css/metro.min.css","meta":{"rootId":"rtdrwjb32trqcvi","id":"4p0xaaq24mmrnpw"},"id":"4kyw9dh5zn025w2","previousOperationId":"lpa29w9orcruuad"}
{"type":"log","timestamp":1708362021669,"level":"debug","message":"Running chrome with params {\"printBackground\":true,\"marginTop\":\"1.5cm\",\"marginRight\":\"1.5cm\",\"marginLeft\":\"1.cm\",\"timeout\":54017,\"margin\":{\"top\":\"1.5cm\",\"right\":\"1.5cm\",\"left\":\"1.cm\"}}","meta":{"rootId":"rtdrwjb32trqcvi","id":"4p0xaaq24mmrnpw"},"id":"9zsn9e5vmvfv1ac","previousOperationId":"lpa29w9orcruuad"}
{"type":"operationEnd","operationId":"lpa29w9orcruuad","timestamp":1708362021704,"id":"4tagk91rwxqt4yv","previousEventId":"tp5rp4x1t47gupq","previousOperationId":"lpa29w9orcruuad"}
{"type":"log","timestamp":1708362021705,"level":"debug","message":"Skipping storing report.","meta":{"rootId":"rtdrwjb32trqcvi","id":"4p0xaaq24mmrnpw"},"id":"6n6o2yscn46ixbj","previousOperationId":"lpa29w9orcruuad"}
{"type":"log","timestamp":1708362021705,"level":"info","message":"Rendering (child) request finished in 6156 ms","meta":{"rootId":"rtdrwjb32trqcvi","id":"4p0xaaq24mmrnpw"},"id":"67zuo4zwh43pqph","previousOperationId":"lpa29w9orcruuad"}
{"type":"operationEnd","subtype":"render","operationId":"hct2gkxw9yjrt6i","timestamp":1708362021705,"id":"7omkyus5s0809fm","previousEventId":"4tagk91rwxqt4yv","previousOperationId":"lpa29w9orcruuad"}
{"type":"operationEnd","operationId":"lmxnvv9jc8k2yh0","timestamp":1708362021732,"id":"bxejl8lmfx0sdsi","previousEventId":"w26prwex02exc7n","previousOperationId":"lmxnvv9jc8k2yh0"}
{"type":"log","timestamp":1708362021732,"level":"debug","message":"pdf-utils postproces start","meta":{"rootId":"rtdrwjb32trqcvi","id":"rtdrwjb32trqcvi"},"id":"7h6um8ybq2fhrim","previousOperationId":"lmxnvv9jc8k2yh0"}
{"type":"log","timestamp":1708362021750,"level":"debug","message":"pdf-utils postproces end","meta":{"rootId":"rtdrwjb32trqcvi","id":"rtdrwjb32trqcvi"},"id":"ar8yw1l7q7yssgs","previousOperationId":"lmxnvv9jc8k2yh0"}
{"type":"operationEnd","operationId":"3ln3tjh9zn2o80y","timestamp":1708362021750,"id":"zfz0ffvjiuewdfk","previousEventId":"bxejl8lmfx0sdsi","previousOperationId":"lmxnvv9jc8k2yh0"}
{"type":"log","timestamp":1708362021750,"level":"info","message":"pdf-utils pdf processing was finished","meta":{"rootId":"rtdrwjb32trqcvi","id":"rtdrwjb32trqcvi"},"id":"y4r4rerys2j7gyu","previousOperationId":"3ln3tjh9zn2o80y"}
{"type":"log","timestamp":1708362021750,"level":"debug","message":"Skipping storing report.","meta":{"rootId":"rtdrwjb32trqcvi","id":"rtdrwjb32trqcvi"},"id":"ean0ze3yzao9fur","previousOperationId":"3ln3tjh9zn2o80y"}
{"type":"log","timestamp":1708362021750,"level":"info","message":"Rendering request 4 finished in 6201 ms","meta":{"rootId":"rtdrwjb32trqcvi","id":"rtdrwjb32trqcvi"},"id":"ngeq832g0rgfd2i","previousOperationId":"3ln3tjh9zn2o80y"}
{"type":"operationEnd","subtype":"render","operationId":"mgmfjce8ardowff","timestamp":1708362021750,"id":"vfz3is9r86xh0lv","previousEventId":"zfz0ffvjiuewdfk","previousOperationId":"3ln3tjh9zn2o80y"}
{"type":"operationEnd","doDiffs":false,"previousEventId":"8kxdri5l2r3l1hy","previousOperationId":"0mzvqcnavya57d8","operationId":"0mzvqcnavya57d8","timestamp":1708362021759,"id":"oapdy40lgui35lx"}
