{"type":"operationStart","subtype":"profile","data":{"_id":"68ryMMZ9tzwnjS8V","timestamp":"2024-02-23T15:54:34.614Z","state":"queued","mode":"standard","creationDate":"2024-02-23T15:54:34.617Z","modificationDate":"2024-02-23T15:54:34.617Z","shortid":"-e6sqh8","$entitySet":"profiles"},"doDiffs":false,"timestamp":1708703674615,"id":"a5d750kjhqule15","previousOperationId":null,"operationId":"iu0fpfhpgp9bi5d"}
{"type":"log","level":"info","message":"Render request 1 queued for execution and waiting for available worker","previousOperationId":"iu0fpfhpgp9bi5d","timestamp":1708703674616,"id":"n1uo9j8iojw5shw"}
{"type":"operationStart","subtype":"render","name":"users-main","previousOperationId":"iu0fpfhpgp9bi5d","timestamp":1708703674644,"id":"x5kpaqeaxc3wzjw","previousEventId":"a5d750kjhqule15","operationId":"u2vwm8fl4atgq53"}
{"type":"log","timestamp":1708703674645,"level":"info","message":"Starting rendering request 1","meta":{"rootId":"nc1r1fiydti5l1o","id":"nc1r1fiydti5l1o"},"id":"hnklugsrvudns83","previousOperationId":"u2vwm8fl4atgq53"}
{"type":"log","timestamp":1708703674646,"level":"info","message":"Rendering template { name: users-main, recipe: chrome-pdf, engine: handlebars, preview: false }","meta":{"rootId":"nc1r1fiydti5l1o","id":"nc1r1fiydti5l1o"},"id":"s46xofarlzej5k4","previousOperationId":"u2vwm8fl4atgq53"}
{"type":"log","timestamp":1708703674649,"level":"debug","message":"Inline data specified.","meta":{"rootId":"nc1r1fiydti5l1o","id":"nc1r1fiydti5l1o"},"id":"hnq1dul7icyt4tt","previousOperationId":"u2vwm8fl4atgq53"}
{"type":"log","timestamp":1708703674652,"level":"debug","message":"Executing script users-main-script (beforeRender)","meta":{"rootId":"nc1r1fiydti5l1o","id":"nc1r1fiydti5l1o"},"id":"y08klsepft1mocv","previousOperationId":"u2vwm8fl4atgq53"}
{"type":"operationStart","subtype":"scriptsBeforeRender","name":"scripts beforeRender","timestamp":1708703675060,"id":"n8azvlfdmoop207","previousEventId":"x5kpaqeaxc3wzjw","operationId":"k8dqxahe9cvb8fc","previousOperationId":"u2vwm8fl4atgq53"}
{"type":"operationStart","subtype":"script","name":"scripts users-main-script","previousOperationId":"k8dqxahe9cvb8fc","timestamp":1708703675060,"id":"w7ngfi9e7xqx2x8","previousEventId":"n8azvlfdmoop207","operationId":"er4fixvssiihpyd"}
{"type":"operationEnd","operationId":"er4fixvssiihpyd","timestamp":1708703675095,"id":"fr0mdn9q1n44ne7","previousEventId":"x5kpaqeaxc3wzjw","previousOperationId":"u2vwm8fl4atgq53"}
{"type":"operationEnd","operationId":"k8dqxahe9cvb8fc","timestamp":1708703675095,"id":"sedw7ljipxb4fq3","previousEventId":"fr0mdn9q1n44ne7","previousOperationId":"u2vwm8fl4atgq53"}
{"type":"log","timestamp":1708703675095,"level":"debug","message":"Base url not specified, skipping its injection.","meta":{"rootId":"nc1r1fiydti5l1o","id":"nc1r1fiydti5l1o"},"id":"cmivkg0eg5t9ue0","previousOperationId":"k8dqxahe9cvb8fc"}
{"type":"operationStart","subtype":"engine","name":"handlebars","timestamp":1708703675096,"id":"wd460ww5rbfkhlf","previousEventId":"sedw7ljipxb4fq3","operationId":"xzzp8yonfgdm3b0","previousOperationId":"k8dqxahe9cvb8fc"}
{"type":"log","timestamp":1708703675097,"level":"debug","message":"Rendering engine handlebars","meta":{"rootId":"nc1r1fiydti5l1o","id":"nc1r1fiydti5l1o"},"id":"211uuw70ed3xasd","previousOperationId":"xzzp8yonfgdm3b0"}
{"type":"operationEnd","operationId":"xzzp8yonfgdm3b0","timestamp":1708703675504,"id":"sgr5fhjeuzafc0c","previousEventId":"wd460ww5rbfkhlf","previousOperationId":"xzzp8yonfgdm3b0"}
{"type":"operationStart","subtype":"recipe","name":"chrome-pdf","timestamp":1708703675505,"id":"6pcva4rk7l6rc8v","previousEventId":"sgr5fhjeuzafc0c","operationId":"wwlqr7dmuqbg3fu","previousOperationId":"xzzp8yonfgdm3b0"}
{"type":"log","timestamp":1708703675505,"level":"debug","message":"Executing recipe chrome-pdf","meta":{"rootId":"nc1r1fiydti5l1o","id":"nc1r1fiydti5l1o"},"id":"jx4vbg9ak76c6dm","previousOperationId":"wwlqr7dmuqbg3fu"}
{"type":"log","timestamp":1708703676954,"level":"debug","message":"Converting with chrome HeadlessChrome/117.0.5938.149 using chrome-pool strategy","meta":{"rootId":"nc1r1fiydti5l1o","id":"nc1r1fiydti5l1o"},"id":"9kchfeurn0i4qih","previousOperationId":"wwlqr7dmuqbg3fu"}
{"type":"log","timestamp":1708703677959,"level":"debug","message":"Page request: GET (document) file:///C:/Users/Javier/AppData/Local/Temp/jsreport/autocleanup/f466f840-1ace-41a1-8453-b7639e59533f-chrome-pdf.html","meta":{"rootId":"nc1r1fiydti5l1o","id":"nc1r1fiydti5l1o"},"id":"uxkj6cy8wl01khi","previousOperationId":"wwlqr7dmuqbg3fu"}
{"type":"log","timestamp":1708703677974,"level":"debug","message":"Page request: GET (stylesheet) https://cdnjs.cloudflare.com/ajax/libs/metro/4.1.5/css/metro.min.css","meta":{"rootId":"nc1r1fiydti5l1o","id":"nc1r1fiydti5l1o"},"id":"5ff4qgemmmhelb0","previousOperationId":"wwlqr7dmuqbg3fu"}
{"type":"log","timestamp":1708703677974,"level":"debug","message":"Page request: GET (script) https://cdnjs.cloudflare.com/ajax/libs/Chart.js/2.7.2/Chart.min.js","meta":{"rootId":"nc1r1fiydti5l1o","id":"nc1r1fiydti5l1o"},"id":"uvmqdeh4dbbym4u","previousOperationId":"wwlqr7dmuqbg3fu"}
{"type":"log","timestamp":1708703677975,"level":"debug","message":"Page request finished: GET (document) 200 file:///C:/Users/Javier/AppData/Local/Temp/jsreport/autocleanup/f466f840-1ace-41a1-8453-b7639e59533f-chrome-pdf.html","meta":{"rootId":"nc1r1fiydti5l1o","id":"nc1r1fiydti5l1o"},"id":"hukoornnhp7tbql","previousOperationId":"wwlqr7dmuqbg3fu"}
{"type":"log","timestamp":1708703678396,"level":"debug","message":"Page request finished: GET (script) 200 https://cdnjs.cloudflare.com/ajax/libs/Chart.js/2.7.2/Chart.min.js","meta":{"rootId":"nc1r1fiydti5l1o","id":"nc1r1fiydti5l1o"},"id":"2vv8ovzm0brda0t","previousOperationId":"wwlqr7dmuqbg3fu"}
{"type":"log","timestamp":1708703678511,"level":"debug","message":"Page request finished: GET (stylesheet) 200 https://cdnjs.cloudflare.com/ajax/libs/metro/4.1.5/css/metro.min.css","meta":{"rootId":"nc1r1fiydti5l1o","id":"nc1r1fiydti5l1o"},"id":"xlg6hgoj0wxcd2u","previousOperationId":"wwlqr7dmuqbg3fu"}
{"type":"log","timestamp":1708703678562,"level":"debug","message":"Running chrome with params {\"printBackground\":true,\"timeout\":58652,\"margin\":{}}","meta":{"rootId":"nc1r1fiydti5l1o","id":"nc1r1fiydti5l1o"},"id":"zozxoyatvzwb2ky","previousOperationId":"wwlqr7dmuqbg3fu"}
{"type":"operationEnd","operationId":"wwlqr7dmuqbg3fu","timestamp":1708703678659,"id":"7xokqguzljffs6s","previousEventId":"6pcva4rk7l6rc8v","previousOperationId":"wwlqr7dmuqbg3fu"}
{"type":"log","timestamp":1708703678661,"level":"debug","message":"Skipping storing report.","meta":{"rootId":"nc1r1fiydti5l1o","id":"nc1r1fiydti5l1o"},"id":"m8tl0apsg7l448f","previousOperationId":"wwlqr7dmuqbg3fu"}
{"type":"log","timestamp":1708703678661,"level":"info","message":"Rendering request 1 finished in 4048 ms","meta":{"rootId":"nc1r1fiydti5l1o","id":"nc1r1fiydti5l1o"},"id":"q3muatji5ebhmsu","previousOperationId":"wwlqr7dmuqbg3fu"}
{"type":"operationEnd","subtype":"render","operationId":"u2vwm8fl4atgq53","timestamp":1708703678661,"id":"aa6mg0t5zupmoeq","previousEventId":"7xokqguzljffs6s","previousOperationId":"wwlqr7dmuqbg3fu"}
{"type":"operationEnd","doDiffs":false,"previousEventId":"a5d750kjhqule15","previousOperationId":"iu0fpfhpgp9bi5d","operationId":"iu0fpfhpgp9bi5d","timestamp":1708703678665,"id":"wvtltxm6mrpimhe"}
