{"type":"operationStart","subtype":"profile","data":{"_id":"KZXE6XO9vTue6idr","timestamp":"2024-02-16T00:40:14.254Z","state":"queued","mode":"standard","creationDate":"2024-02-16T00:40:14.256Z","modificationDate":"2024-02-16T00:40:14.256Z","shortid":"3eA1EMT","$entitySet":"profiles"},"doDiffs":false,"timestamp":1708044014255,"id":"z5f2asthfh3r387","previousOperationId":null,"operationId":"j55d0h724l036yl"}
{"type":"log","level":"info","message":"Render request 15 queued for execution and waiting for available worker","previousOperationId":"j55d0h724l036yl","timestamp":1708044014255,"id":"298e4dn0xsyv58h"}
{"type":"operationStart","subtype":"render","name":"AveragePunctuation","previousOperationId":"j55d0h724l036yl","timestamp":1708044014266,"id":"2wrowi4vr93o487","previousEventId":"z5f2asthfh3r387","operationId":"9ii11e0by209nve"}
{"type":"log","timestamp":1708044014266,"level":"info","message":"Starting rendering request 15","meta":{"rootId":"0s8aa53aobn1f8t","id":"0s8aa53aobn1f8t"},"id":"d55vb5j3qdwo98r","previousOperationId":"9ii11e0by209nve"}
{"type":"log","timestamp":1708044014266,"level":"info","message":"Rendering template { name: AveragePunctuation, recipe: chrome-pdf, engine: handlebars, preview: true }","meta":{"rootId":"0s8aa53aobn1f8t","id":"0s8aa53aobn1f8t"},"id":"ghdsv4r1hn4jdzl","previousOperationId":"9ii11e0by209nve"}
{"type":"log","timestamp":1708044014267,"level":"debug","message":"Data item not defined for this template.","meta":{"rootId":"0s8aa53aobn1f8t","id":"0s8aa53aobn1f8t"},"id":"yx90ne4rcjy3k56","previousOperationId":"9ii11e0by209nve"}
{"type":"log","timestamp":1708044014270,"level":"debug","message":"Executing script AveragePunctuation-script (beforeRender)","meta":{"rootId":"0s8aa53aobn1f8t","id":"0s8aa53aobn1f8t"},"id":"eioe2mfr8utw4e2","previousOperationId":"9ii11e0by209nve"}
{"type":"operationStart","subtype":"scriptsBeforeRender","name":"scripts beforeRender","timestamp":1708044014286,"id":"mrgu0lmhsi2ix7l","previousEventId":"2wrowi4vr93o487","operationId":"9tf8j0r33lem25q","previousOperationId":"9ii11e0by209nve"}
{"type":"operationStart","subtype":"script","name":"scripts AveragePunctuation-script","previousOperationId":"9tf8j0r33lem25q","timestamp":1708044014286,"id":"g4qifvra0gom80s","previousEventId":"mrgu0lmhsi2ix7l","operationId":"basrcjrwiwvh6wt"}
{"type":"operationEnd","operationId":"basrcjrwiwvh6wt","timestamp":1708044014303,"id":"hdbjo1gmeajg2k2","previousEventId":"2wrowi4vr93o487","previousOperationId":"9ii11e0by209nve"}
{"type":"operationEnd","operationId":"9tf8j0r33lem25q","timestamp":1708044014303,"id":"3om0ham4orpvvd1","previousEventId":"hdbjo1gmeajg2k2","previousOperationId":"9ii11e0by209nve"}
{"type":"log","timestamp":1708044014303,"level":"debug","message":"Base url not specified, skipping its injection.","meta":{"rootId":"0s8aa53aobn1f8t","id":"0s8aa53aobn1f8t"},"id":"lhzuhuk5st2ldwu","previousOperationId":"9tf8j0r33lem25q"}
{"type":"operationStart","subtype":"engine","name":"handlebars","timestamp":1708044014303,"id":"i3u1yj05t9t50eq","previousEventId":"3om0ham4orpvvd1","operationId":"ovdvoq5g7mmwwtx","previousOperationId":"9tf8j0r33lem25q"}
{"type":"log","timestamp":1708044014303,"level":"debug","message":"Rendering engine handlebars","meta":{"rootId":"0s8aa53aobn1f8t","id":"0s8aa53aobn1f8t"},"id":"o75qimc4dfil5am","previousOperationId":"ovdvoq5g7mmwwtx"}
{"type":"operationEnd","operationId":"ovdvoq5g7mmwwtx","timestamp":1708044014325,"id":"44u1lq4ayp0r66b","previousEventId":"i3u1yj05t9t50eq","previousOperationId":"ovdvoq5g7mmwwtx"}
{"type":"operationStart","subtype":"recipe","name":"chrome-pdf","timestamp":1708044014326,"id":"2bvzcz97oq14dba","previousEventId":"44u1lq4ayp0r66b","operationId":"xnwc5yl6xczz7ak","previousOperationId":"ovdvoq5g7mmwwtx"}
{"type":"log","timestamp":1708044014326,"level":"debug","message":"Executing recipe chrome-pdf","meta":{"rootId":"0s8aa53aobn1f8t","id":"0s8aa53aobn1f8t"},"id":"jut3kw5zpi7cb0s","previousOperationId":"xnwc5yl6xczz7ak"}
{"type":"log","timestamp":1708044014329,"level":"debug","message":"Converting with chrome HeadlessChrome/117.0.5938.149 using chrome-pool strategy","meta":{"rootId":"0s8aa53aobn1f8t","id":"0s8aa53aobn1f8t"},"id":"g37z9iaxv56l3qh","previousOperationId":"xnwc5yl6xczz7ak"}
{"type":"log","timestamp":1708044014420,"level":"debug","message":"Page request: GET (document) file:///C:/Users/Javier/AppData/Local/Temp/jsreport/autocleanup/19ef5ce4-8731-43a8-8661-54e46c92dbfd-chrome-pdf.html","meta":{"rootId":"0s8aa53aobn1f8t","id":"0s8aa53aobn1f8t"},"id":"vh1dijnix3r048y","previousOperationId":"xnwc5yl6xczz7ak"}
{"type":"log","timestamp":1708044014463,"level":"debug","message":"Page request: GET (stylesheet) https://cdnjs.cloudflare.com/ajax/libs/metro/4.1.5/css/metro.min.css","meta":{"rootId":"0s8aa53aobn1f8t","id":"0s8aa53aobn1f8t"},"id":"vncb2ephonk0i8t","previousOperationId":"xnwc5yl6xczz7ak"}
{"type":"log","timestamp":1708044014463,"level":"debug","message":"Page request: GET (script) https://cdnjs.cloudflare.com/ajax/libs/Chart.js/2.7.2/Chart.min.js","meta":{"rootId":"0s8aa53aobn1f8t","id":"0s8aa53aobn1f8t"},"id":"j4ssoafm2jjlv5y","previousOperationId":"xnwc5yl6xczz7ak"}
{"type":"log","timestamp":1708044014464,"level":"debug","message":"Page request finished: GET (document) 200 file:///C:/Users/Javier/AppData/Local/Temp/jsreport/autocleanup/19ef5ce4-8731-43a8-8661-54e46c92dbfd-chrome-pdf.html","meta":{"rootId":"0s8aa53aobn1f8t","id":"0s8aa53aobn1f8t"},"id":"2rjbz2f6hym4z6o","previousOperationId":"xnwc5yl6xczz7ak"}
{"type":"log","timestamp":1708044014481,"level":"debug","message":"Page request finished: GET (stylesheet) 200 https://cdnjs.cloudflare.com/ajax/libs/metro/4.1.5/css/metro.min.css","meta":{"rootId":"0s8aa53aobn1f8t","id":"0s8aa53aobn1f8t"},"id":"7bf9lc5fepafvyu","previousOperationId":"xnwc5yl6xczz7ak"}
{"type":"log","timestamp":1708044014482,"level":"debug","message":"Page request finished: GET (script) 200 https://cdnjs.cloudflare.com/ajax/libs/Chart.js/2.7.2/Chart.min.js","meta":{"rootId":"0s8aa53aobn1f8t","id":"0s8aa53aobn1f8t"},"id":"f9ahbabx4rdufea","previousOperationId":"xnwc5yl6xczz7ak"}
{"type":"log","timestamp":1708044014550,"level":"debug","message":"Running chrome with params {\"printBackground\":true,\"timeout\":59926,\"margin\":{}}","meta":{"rootId":"0s8aa53aobn1f8t","id":"0s8aa53aobn1f8t"},"id":"howpgcwg748wqpg","previousOperationId":"xnwc5yl6xczz7ak"}
{"type":"operationEnd","operationId":"xnwc5yl6xczz7ak","timestamp":1708044014632,"id":"65213c88z271mjp","previousEventId":"2bvzcz97oq14dba","previousOperationId":"xnwc5yl6xczz7ak"}
{"type":"log","timestamp":1708044014632,"level":"debug","message":"Skipping storing report.","meta":{"rootId":"0s8aa53aobn1f8t","id":"0s8aa53aobn1f8t"},"id":"9jr2o74qry27yvw","previousOperationId":"xnwc5yl6xczz7ak"}
{"type":"log","timestamp":1708044014632,"level":"info","message":"Rendering request 15 finished in 378 ms","meta":{"rootId":"0s8aa53aobn1f8t","id":"0s8aa53aobn1f8t"},"id":"biczcjj5xlalt7w","previousOperationId":"xnwc5yl6xczz7ak"}
{"type":"operationEnd","subtype":"render","operationId":"9ii11e0by209nve","timestamp":1708044014632,"id":"44wfgi89aswxtdp","previousEventId":"65213c88z271mjp","previousOperationId":"xnwc5yl6xczz7ak"}
{"type":"operationEnd","doDiffs":false,"previousEventId":"z5f2asthfh3r387","previousOperationId":"j55d0h724l036yl","operationId":"j55d0h724l036yl","timestamp":1708044014636,"id":"zl298xyaroupdcq"}
