{"type":"operationStart","subtype":"profile","data":{"_id":"xjoAife1XkFXNTsl","timestamp":"2024-02-16T00:43:23.504Z","state":"queued","mode":"standard","creationDate":"2024-02-16T00:43:23.508Z","modificationDate":"2024-02-16T00:43:23.508Z","shortid":"RM8-vr1","$entitySet":"profiles"},"doDiffs":false,"timestamp":1708044203506,"id":"zinmwy0db072x5i","previousOperationId":null,"operationId":"5i73sm0gs92k4re"}
{"type":"log","level":"info","message":"Render request 22 queued for execution and waiting for available worker","previousOperationId":"5i73sm0gs92k4re","timestamp":1708044203506,"id":"ft4r9zto10b5fu7"}
{"type":"operationStart","subtype":"render","name":"AveragePunctuation","previousOperationId":"5i73sm0gs92k4re","timestamp":1708044203527,"id":"3eci6yso4j19bag","previousEventId":"zinmwy0db072x5i","operationId":"sok7nch758y0fkl"}
{"type":"log","timestamp":1708044203527,"level":"info","message":"Starting rendering request 22","meta":{"rootId":"0vr6cuuaacrffyw","id":"0vr6cuuaacrffyw"},"id":"s1hu2jx968q2l7d","previousOperationId":"sok7nch758y0fkl"}
{"type":"log","timestamp":1708044203528,"level":"info","message":"Rendering template { name: AveragePunctuation, recipe: chrome-pdf, engine: handlebars, preview: true }","meta":{"rootId":"0vr6cuuaacrffyw","id":"0vr6cuuaacrffyw"},"id":"z5cx9hv7zw4dy68","previousOperationId":"sok7nch758y0fkl"}
{"type":"log","timestamp":1708044203537,"level":"debug","message":"Data item not defined for this template.","meta":{"rootId":"0vr6cuuaacrffyw","id":"0vr6cuuaacrffyw"},"id":"13jmqwpz6gpkjd6","previousOperationId":"sok7nch758y0fkl"}
{"type":"log","timestamp":1708044203544,"level":"debug","message":"Executing script AveragePunctuation-script (beforeRender)","meta":{"rootId":"0vr6cuuaacrffyw","id":"0vr6cuuaacrffyw"},"id":"q41grqga79s6aa8","previousOperationId":"sok7nch758y0fkl"}
{"type":"operationStart","subtype":"scriptsBeforeRender","name":"scripts beforeRender","timestamp":1708044203608,"id":"zf6v9ayfhwyq98b","previousEventId":"3eci6yso4j19bag","operationId":"13vh9376p8afkem","previousOperationId":"sok7nch758y0fkl"}
{"type":"operationStart","subtype":"script","name":"scripts AveragePunctuation-script","previousOperationId":"13vh9376p8afkem","timestamp":1708044203608,"id":"zti8tvcd8bbzht1","previousEventId":"zf6v9ayfhwyq98b","operationId":"bl0sp7as7x8ajp7"}
{"type":"operationEnd","operationId":"bl0sp7as7x8ajp7","timestamp":1708044203678,"id":"cogfydfu1fdmtk3","previousEventId":"3eci6yso4j19bag","previousOperationId":"sok7nch758y0fkl"}
{"type":"operationEnd","operationId":"13vh9376p8afkem","timestamp":1708044203678,"id":"gmb4slxtifv87rm","previousEventId":"cogfydfu1fdmtk3","previousOperationId":"sok7nch758y0fkl"}
{"type":"log","timestamp":1708044203678,"level":"debug","message":"Base url not specified, skipping its injection.","meta":{"rootId":"0vr6cuuaacrffyw","id":"0vr6cuuaacrffyw"},"id":"xvz4kb6iait4a5n","previousOperationId":"13vh9376p8afkem"}
{"type":"operationStart","subtype":"engine","name":"handlebars","timestamp":1708044203678,"id":"m5c6epiuuc1af1k","previousEventId":"gmb4slxtifv87rm","operationId":"2sth04ox3bzdd45","previousOperationId":"13vh9376p8afkem"}
{"type":"log","timestamp":1708044203678,"level":"debug","message":"Rendering engine handlebars","meta":{"rootId":"0vr6cuuaacrffyw","id":"0vr6cuuaacrffyw"},"id":"5bjitr3vg9m570y","previousOperationId":"2sth04ox3bzdd45"}
{"type":"operationEnd","operationId":"2sth04ox3bzdd45","timestamp":1708044203716,"id":"fxbqicblsly26di","previousEventId":"m5c6epiuuc1af1k","previousOperationId":"2sth04ox3bzdd45"}
{"type":"operationStart","subtype":"recipe","name":"chrome-pdf","timestamp":1708044203718,"id":"gzzwfurr4iyqa7r","previousEventId":"fxbqicblsly26di","operationId":"01p7w60zhbq8674","previousOperationId":"2sth04ox3bzdd45"}
{"type":"log","timestamp":1708044203718,"level":"debug","message":"Executing recipe chrome-pdf","meta":{"rootId":"0vr6cuuaacrffyw","id":"0vr6cuuaacrffyw"},"id":"z1q11d8ba8efcyj","previousOperationId":"01p7w60zhbq8674"}
{"type":"log","timestamp":1708044203724,"level":"debug","message":"Converting with chrome HeadlessChrome/117.0.5938.149 using chrome-pool strategy","meta":{"rootId":"0vr6cuuaacrffyw","id":"0vr6cuuaacrffyw"},"id":"wvnkoxqtpjnny4x","previousOperationId":"01p7w60zhbq8674"}
{"type":"log","timestamp":1708044203833,"level":"debug","message":"Page request: GET (document) file:///C:/Users/Javier/AppData/Local/Temp/jsreport/autocleanup/70ca1ad0-036f-42db-ab51-efb3236bd818-chrome-pdf.html","meta":{"rootId":"0vr6cuuaacrffyw","id":"0vr6cuuaacrffyw"},"id":"vfvhliv23s9ok94","previousOperationId":"01p7w60zhbq8674"}
{"type":"log","timestamp":1708044203840,"level":"debug","message":"Page request: GET (stylesheet) https://cdnjs.cloudflare.com/ajax/libs/metro/4.1.5/css/metro.min.css","meta":{"rootId":"0vr6cuuaacrffyw","id":"0vr6cuuaacrffyw"},"id":"j49n3jqpheklyql","previousOperationId":"01p7w60zhbq8674"}
{"type":"log","timestamp":1708044203840,"level":"debug","message":"Page request: GET (script) https://cdnjs.cloudflare.com/ajax/libs/Chart.js/2.7.2/Chart.min.js","meta":{"rootId":"0vr6cuuaacrffyw","id":"0vr6cuuaacrffyw"},"id":"yyw05297r30c6v8","previousOperationId":"01p7w60zhbq8674"}
{"type":"log","timestamp":1708044203840,"level":"debug","message":"Page request finished: GET (document) 200 file:///C:/Users/Javier/AppData/Local/Temp/jsreport/autocleanup/70ca1ad0-036f-42db-ab51-efb3236bd818-chrome-pdf.html","meta":{"rootId":"0vr6cuuaacrffyw","id":"0vr6cuuaacrffyw"},"id":"rshdrj2t1noiu64","previousOperationId":"01p7w60zhbq8674"}
{"type":"log","timestamp":1708044203844,"level":"debug","message":"Page request finished: GET (script) 200 https://cdnjs.cloudflare.com/ajax/libs/Chart.js/2.7.2/Chart.min.js","meta":{"rootId":"0vr6cuuaacrffyw","id":"0vr6cuuaacrffyw"},"id":"31ebtba9i5b9qe3","previousOperationId":"01p7w60zhbq8674"}
{"type":"log","timestamp":1708044203854,"level":"debug","message":"Page request finished: GET (stylesheet) 200 https://cdnjs.cloudflare.com/ajax/libs/metro/4.1.5/css/metro.min.css","meta":{"rootId":"0vr6cuuaacrffyw","id":"0vr6cuuaacrffyw"},"id":"ujkswkz4477fijw","previousOperationId":"01p7w60zhbq8674"}
{"type":"log","timestamp":1708044203911,"level":"debug","message":"Running chrome with params {\"printBackground\":true,\"timeout\":59784,\"margin\":{}}","meta":{"rootId":"0vr6cuuaacrffyw","id":"0vr6cuuaacrffyw"},"id":"3rbi11wzqk8xn4j","previousOperationId":"01p7w60zhbq8674"}
{"type":"operationEnd","operationId":"01p7w60zhbq8674","timestamp":1708044204002,"id":"pq939t62s6vmeax","previousEventId":"gzzwfurr4iyqa7r","previousOperationId":"01p7w60zhbq8674"}
{"type":"log","timestamp":1708044204002,"level":"debug","message":"Skipping storing report.","meta":{"rootId":"0vr6cuuaacrffyw","id":"0vr6cuuaacrffyw"},"id":"77qfw9u7jmhmaot","previousOperationId":"01p7w60zhbq8674"}
{"type":"log","timestamp":1708044204002,"level":"info","message":"Rendering request 22 finished in 498 ms","meta":{"rootId":"0vr6cuuaacrffyw","id":"0vr6cuuaacrffyw"},"id":"ppt0ahj4zz05b4o","previousOperationId":"01p7w60zhbq8674"}
{"type":"operationEnd","subtype":"render","operationId":"sok7nch758y0fkl","timestamp":1708044204002,"id":"yedlnb4ri3e5xzx","previousEventId":"pq939t62s6vmeax","previousOperationId":"01p7w60zhbq8674"}
{"type":"operationEnd","doDiffs":false,"previousEventId":"zinmwy0db072x5i","previousOperationId":"5i73sm0gs92k4re","operationId":"5i73sm0gs92k4re","timestamp":1708044204006,"id":"s2yl1id0umij3nb"}
