{"type":"operationStart","subtype":"profile","data":{"_id":"p6D6ASovjhOqfz3h","timestamp":"2024-02-16T00:57:11.563Z","state":"queued","mode":"standard","creationDate":"2024-02-16T00:57:11.565Z","modificationDate":"2024-02-16T00:57:11.565Z","shortid":"HtRvkAG","$entitySet":"profiles"},"doDiffs":false,"timestamp":1708045031564,"id":"d0f0roif0sjbxti","previousOperationId":null,"operationId":"e737ebmipd06tfk"}
{"type":"log","level":"info","message":"Render request 29 queued for execution and waiting for available worker","previousOperationId":"e737ebmipd06tfk","timestamp":1708045031564,"id":"urn1lh9beknttqg"}
{"type":"operationStart","subtype":"render","name":"AveragePunctuation","previousOperationId":"e737ebmipd06tfk","timestamp":1708045031572,"id":"rlmv4nn4byh8kt7","previousEventId":"d0f0roif0sjbxti","operationId":"szuocmdo7vv65od"}
{"type":"log","timestamp":1708045031572,"level":"info","message":"Starting rendering request 29","meta":{"rootId":"28gagx05pu9rh3p","id":"28gagx05pu9rh3p"},"id":"o66izj8huy6mip5","previousOperationId":"szuocmdo7vv65od"}
{"type":"log","timestamp":1708045031572,"level":"info","message":"Rendering template { name: AveragePunctuation, recipe: chrome-pdf, engine: handlebars, preview: false }","meta":{"rootId":"28gagx05pu9rh3p","id":"28gagx05pu9rh3p"},"id":"0jgud5y12bzuabx","previousOperationId":"szuocmdo7vv65od"}
{"type":"log","timestamp":1708045031573,"level":"debug","message":"Inline data specified.","meta":{"rootId":"28gagx05pu9rh3p","id":"28gagx05pu9rh3p"},"id":"mz2dcyswdrizqwx","previousOperationId":"szuocmdo7vv65od"}
{"type":"log","timestamp":1708045031575,"level":"debug","message":"Executing script AveragePunctuation-script (beforeRender)","meta":{"rootId":"28gagx05pu9rh3p","id":"28gagx05pu9rh3p"},"id":"819poawn0qprwb9","previousOperationId":"szuocmdo7vv65od"}
{"type":"operationStart","subtype":"scriptsBeforeRender","name":"scripts beforeRender","timestamp":1708045031595,"id":"ra37jvjrg9pmrm6","previousEventId":"rlmv4nn4byh8kt7","operationId":"3hcngbkr54d13ga","previousOperationId":"szuocmdo7vv65od"}
{"type":"operationStart","subtype":"script","name":"scripts AveragePunctuation-script","previousOperationId":"3hcngbkr54d13ga","timestamp":1708045031595,"id":"ppuu8ebjmzjmw73","previousEventId":"ra37jvjrg9pmrm6","operationId":"xhauoxox429jity"}
{"type":"operationEnd","operationId":"xhauoxox429jity","timestamp":1708045031617,"id":"37chfzl3to4su22","previousEventId":"rlmv4nn4byh8kt7","previousOperationId":"szuocmdo7vv65od"}
{"type":"operationEnd","operationId":"3hcngbkr54d13ga","timestamp":1708045031617,"id":"aztj8ji23ji0qko","previousEventId":"37chfzl3to4su22","previousOperationId":"szuocmdo7vv65od"}
{"type":"log","timestamp":1708045031617,"level":"debug","message":"Base url not specified, skipping its injection.","meta":{"rootId":"28gagx05pu9rh3p","id":"28gagx05pu9rh3p"},"id":"4g08pf3w2lg3698","previousOperationId":"3hcngbkr54d13ga"}
{"type":"operationStart","subtype":"engine","name":"handlebars","timestamp":1708045031618,"id":"hr3n9ixpprha7ll","previousEventId":"aztj8ji23ji0qko","operationId":"cjo6ad39v1l0j66","previousOperationId":"3hcngbkr54d13ga"}
{"type":"log","timestamp":1708045031618,"level":"debug","message":"Rendering engine handlebars","meta":{"rootId":"28gagx05pu9rh3p","id":"28gagx05pu9rh3p"},"id":"7g7a0z7alstxdua","previousOperationId":"cjo6ad39v1l0j66"}
{"type":"operationEnd","operationId":"cjo6ad39v1l0j66","timestamp":1708045031628,"id":"lu0j4ps0ajsvmjo","previousEventId":"hr3n9ixpprha7ll","previousOperationId":"cjo6ad39v1l0j66"}
{"type":"operationStart","subtype":"recipe","name":"chrome-pdf","timestamp":1708045031628,"id":"mzjtjvawfg9ihhf","previousEventId":"lu0j4ps0ajsvmjo","operationId":"pltoox8mgp71mzw","previousOperationId":"cjo6ad39v1l0j66"}
{"type":"log","timestamp":1708045031628,"level":"debug","message":"Executing recipe chrome-pdf","meta":{"rootId":"28gagx05pu9rh3p","id":"28gagx05pu9rh3p"},"id":"7z6kcyfoq8npqis","previousOperationId":"pltoox8mgp71mzw"}
{"type":"log","timestamp":1708045031632,"level":"debug","message":"Converting with chrome HeadlessChrome/117.0.5938.149 using chrome-pool strategy","meta":{"rootId":"28gagx05pu9rh3p","id":"28gagx05pu9rh3p"},"id":"n3ntjg14g8gl2js","previousOperationId":"pltoox8mgp71mzw"}
{"type":"log","timestamp":1708045031719,"level":"debug","message":"Page request: GET (document) file:///C:/Users/Javier/AppData/Local/Temp/jsreport/autocleanup/79e73740-d0a4-4e64-86d6-e37c7b225394-chrome-pdf.html","meta":{"rootId":"28gagx05pu9rh3p","id":"28gagx05pu9rh3p"},"id":"ggw6vsj6anplzvr","previousOperationId":"pltoox8mgp71mzw"}
{"type":"log","timestamp":1708045031727,"level":"debug","message":"Page request: GET (stylesheet) https://cdnjs.cloudflare.com/ajax/libs/metro/4.1.5/css/metro.min.css","meta":{"rootId":"28gagx05pu9rh3p","id":"28gagx05pu9rh3p"},"id":"xs64dug0k0csmbr","previousOperationId":"pltoox8mgp71mzw"}
{"type":"log","timestamp":1708045031728,"level":"debug","message":"Page request: GET (script) https://cdnjs.cloudflare.com/ajax/libs/Chart.js/2.7.2/Chart.min.js","meta":{"rootId":"28gagx05pu9rh3p","id":"28gagx05pu9rh3p"},"id":"kevrkc84ce955wo","previousOperationId":"pltoox8mgp71mzw"}
{"type":"log","timestamp":1708045031729,"level":"debug","message":"Page request finished: GET (document) 200 file:///C:/Users/Javier/AppData/Local/Temp/jsreport/autocleanup/79e73740-d0a4-4e64-86d6-e37c7b225394-chrome-pdf.html","meta":{"rootId":"28gagx05pu9rh3p","id":"28gagx05pu9rh3p"},"id":"g5vh80lnfirorot","previousOperationId":"pltoox8mgp71mzw"}
{"type":"log","timestamp":1708045031734,"level":"debug","message":"Page request finished: GET (script) 200 https://cdnjs.cloudflare.com/ajax/libs/Chart.js/2.7.2/Chart.min.js","meta":{"rootId":"28gagx05pu9rh3p","id":"28gagx05pu9rh3p"},"id":"d2poh007qwt440q","previousOperationId":"pltoox8mgp71mzw"}
{"type":"log","timestamp":1708045031745,"level":"debug","message":"Page request finished: GET (stylesheet) 200 https://cdnjs.cloudflare.com/ajax/libs/metro/4.1.5/css/metro.min.css","meta":{"rootId":"28gagx05pu9rh3p","id":"28gagx05pu9rh3p"},"id":"7yv6bptw3cu9hgp","previousOperationId":"pltoox8mgp71mzw"}
{"type":"log","timestamp":1708045031809,"level":"debug","message":"Running chrome with params {\"printBackground\":true,\"timeout\":59932,\"margin\":{}}","meta":{"rootId":"28gagx05pu9rh3p","id":"28gagx05pu9rh3p"},"id":"6r5n5xh2f7relb2","previousOperationId":"pltoox8mgp71mzw"}
{"type":"operationEnd","operationId":"pltoox8mgp71mzw","timestamp":1708045031926,"id":"oi9gcklk7jxwyby","previousEventId":"mzjtjvawfg9ihhf","previousOperationId":"pltoox8mgp71mzw"}
{"type":"log","timestamp":1708045031926,"level":"debug","message":"Skipping storing report.","meta":{"rootId":"28gagx05pu9rh3p","id":"28gagx05pu9rh3p"},"id":"edbee1bzlb23aio","previousOperationId":"pltoox8mgp71mzw"}
{"type":"log","timestamp":1708045031926,"level":"info","message":"Rendering request 29 finished in 364 ms","meta":{"rootId":"28gagx05pu9rh3p","id":"28gagx05pu9rh3p"},"id":"gffrbqo3fmur6wa","previousOperationId":"pltoox8mgp71mzw"}
{"type":"operationEnd","subtype":"render","operationId":"szuocmdo7vv65od","timestamp":1708045031926,"id":"bii7wjrw3y5aa3p","previousEventId":"oi9gcklk7jxwyby","previousOperationId":"pltoox8mgp71mzw"}
{"type":"operationEnd","doDiffs":false,"previousEventId":"d0f0roif0sjbxti","previousOperationId":"e737ebmipd06tfk","operationId":"e737ebmipd06tfk","timestamp":1708045031928,"id":"v30bpp3ds24vc9l"}
