{"type":"operationStart","subtype":"profile","data":{"_id":"gAF3Baqh9ph0BdyG","timestamp":"2024-02-16T00:36:17.661Z","state":"queued","mode":"standard","creationDate":"2024-02-16T00:36:17.664Z","modificationDate":"2024-02-16T00:36:17.664Z","shortid":"VX5ZX9b","$entitySet":"profiles"},"doDiffs":false,"timestamp":1708043777662,"id":"gcrmn682vtple7n","previousOperationId":null,"operationId":"hni650ntxxws3zn"}
{"type":"log","level":"info","message":"Render request 10 queued for execution and waiting for available worker","previousOperationId":"hni650ntxxws3zn","timestamp":1708043777663,"id":"4srbowzygwf3phc"}
{"type":"operationStart","subtype":"render","name":"AveragePunctuation","previousOperationId":"hni650ntxxws3zn","timestamp":1708043777681,"id":"elasr9aalotpxvq","previousEventId":"gcrmn682vtple7n","operationId":"bqgj5st23ekkeqq"}
{"type":"log","timestamp":1708043777681,"level":"info","message":"Starting rendering request 10","meta":{"rootId":"3bqkflcsihnftmk","id":"3bqkflcsihnftmk"},"id":"s9p9ot8czorxzef","previousOperationId":"bqgj5st23ekkeqq"}
{"type":"log","timestamp":1708043777682,"level":"info","message":"Rendering template { name: AveragePunctuation, recipe: chrome-pdf, engine: handlebars, preview: true }","meta":{"rootId":"3bqkflcsihnftmk","id":"3bqkflcsihnftmk"},"id":"rdom2r3n2czaouv","previousOperationId":"bqgj5st23ekkeqq"}
{"type":"log","timestamp":1708043777683,"level":"debug","message":"Data item not defined for this template.","meta":{"rootId":"3bqkflcsihnftmk","id":"3bqkflcsihnftmk"},"id":"7gpygrmmlkmxprj","previousOperationId":"bqgj5st23ekkeqq"}
{"type":"log","timestamp":1708043777687,"level":"debug","message":"Executing script AveragePunctuation-script (beforeRender)","meta":{"rootId":"3bqkflcsihnftmk","id":"3bqkflcsihnftmk"},"id":"31pwo3qy5sr2hmj","previousOperationId":"bqgj5st23ekkeqq"}
{"type":"operationStart","subtype":"scriptsBeforeRender","name":"scripts beforeRender","timestamp":1708043777737,"id":"0l9cnezwon140j5","previousEventId":"elasr9aalotpxvq","operationId":"au12qsmxdarw44d","previousOperationId":"bqgj5st23ekkeqq"}
{"type":"operationStart","subtype":"script","name":"scripts AveragePunctuation-script","previousOperationId":"au12qsmxdarw44d","timestamp":1708043777737,"id":"5xkq3kw99vzys4o","previousEventId":"0l9cnezwon140j5","operationId":"hq6ysmvjd1dzbqd"}
{"type":"operationEnd","operationId":"hq6ysmvjd1dzbqd","timestamp":1708043777785,"id":"poe4xi3pv832g7f","previousEventId":"elasr9aalotpxvq","previousOperationId":"bqgj5st23ekkeqq"}
{"type":"operationEnd","operationId":"au12qsmxdarw44d","timestamp":1708043777785,"id":"5oigq12ec6ci7at","previousEventId":"poe4xi3pv832g7f","previousOperationId":"bqgj5st23ekkeqq"}
{"type":"log","timestamp":1708043777785,"level":"debug","message":"Base url not specified, skipping its injection.","meta":{"rootId":"3bqkflcsihnftmk","id":"3bqkflcsihnftmk"},"id":"zu7pbhuw9mrs3yc","previousOperationId":"au12qsmxdarw44d"}
{"type":"operationStart","subtype":"engine","name":"handlebars","timestamp":1708043777787,"id":"mq9z2rugdxumd1a","previousEventId":"5oigq12ec6ci7at","operationId":"cq4swvem3ua31kf","previousOperationId":"au12qsmxdarw44d"}
{"type":"log","timestamp":1708043777787,"level":"debug","message":"Rendering engine handlebars","meta":{"rootId":"3bqkflcsihnftmk","id":"3bqkflcsihnftmk"},"id":"c48h1vww7oppd35","previousOperationId":"cq4swvem3ua31kf"}
{"type":"operationEnd","operationId":"cq4swvem3ua31kf","timestamp":1708043778358,"id":"2a9jqkks8ep2jz9","previousEventId":"mq9z2rugdxumd1a","previousOperationId":"cq4swvem3ua31kf"}
{"type":"operationStart","subtype":"recipe","name":"chrome-pdf","timestamp":1708043778360,"id":"s765s37qsmp7dx9","previousEventId":"2a9jqkks8ep2jz9","operationId":"7r4urcp0l7dvh6f","previousOperationId":"cq4swvem3ua31kf"}
{"type":"log","timestamp":1708043778360,"level":"debug","message":"Executing recipe chrome-pdf","meta":{"rootId":"3bqkflcsihnftmk","id":"3bqkflcsihnftmk"},"id":"ayrkubxsunvxxcn","previousOperationId":"7r4urcp0l7dvh6f"}
{"type":"log","timestamp":1708043779049,"level":"debug","message":"Converting with chrome HeadlessChrome/117.0.5938.149 using chrome-pool strategy","meta":{"rootId":"3bqkflcsihnftmk","id":"3bqkflcsihnftmk"},"id":"79uvkjiw06fp2q7","previousOperationId":"7r4urcp0l7dvh6f"}
{"type":"log","timestamp":1708043779896,"level":"debug","message":"Page request: GET (document) file:///C:/Users/Javier/AppData/Local/Temp/jsreport/autocleanup/f5fc9e9a-50d9-40e5-8429-fa2c39424df2-chrome-pdf.html","meta":{"rootId":"3bqkflcsihnftmk","id":"3bqkflcsihnftmk"},"id":"pqky6cwjkxzado0","previousOperationId":"7r4urcp0l7dvh6f"}
{"type":"log","timestamp":1708043779953,"level":"debug","message":"Page request: GET (stylesheet) https://cdnjs.cloudflare.com/ajax/libs/metro/4.1.5/css/metro.min.css","meta":{"rootId":"3bqkflcsihnftmk","id":"3bqkflcsihnftmk"},"id":"g65wmzvf1iwdxtw","previousOperationId":"7r4urcp0l7dvh6f"}
{"type":"log","timestamp":1708043779953,"level":"debug","message":"Page request finished: GET (document) 200 file:///C:/Users/Javier/AppData/Local/Temp/jsreport/autocleanup/f5fc9e9a-50d9-40e5-8429-fa2c39424df2-chrome-pdf.html","meta":{"rootId":"3bqkflcsihnftmk","id":"3bqkflcsihnftmk"},"id":"bo733xxakvemy2q","previousOperationId":"7r4urcp0l7dvh6f"}
{"type":"log","timestamp":1708043779954,"level":"debug","message":"Page request: GET (script) https://cdnjs.cloudflare.com/ajax/libs/Chart.js/2.7.2/Chart.min.js","meta":{"rootId":"3bqkflcsihnftmk","id":"3bqkflcsihnftmk"},"id":"aqd24199srf4gmd","previousOperationId":"7r4urcp0l7dvh6f"}
{"type":"log","timestamp":1708043780182,"level":"debug","message":"Page request finished: GET (script) 200 https://cdnjs.cloudflare.com/ajax/libs/Chart.js/2.7.2/Chart.min.js","meta":{"rootId":"3bqkflcsihnftmk","id":"3bqkflcsihnftmk"},"id":"g297y7g9bczq5t6","previousOperationId":"7r4urcp0l7dvh6f"}
{"type":"log","timestamp":1708043780280,"level":"debug","message":"Page request finished: GET (stylesheet) 200 https://cdnjs.cloudflare.com/ajax/libs/metro/4.1.5/css/metro.min.css","meta":{"rootId":"3bqkflcsihnftmk","id":"3bqkflcsihnftmk"},"id":"fzk7yaoi51amnyf","previousOperationId":"7r4urcp0l7dvh6f"}
{"type":"log","timestamp":1708043780354,"level":"debug","message":"Running chrome with params {\"printBackground\":true,\"timeout\":58829,\"margin\":{}}","meta":{"rootId":"3bqkflcsihnftmk","id":"3bqkflcsihnftmk"},"id":"yzxxyd8f7c0uh88","previousOperationId":"7r4urcp0l7dvh6f"}
{"type":"operationEnd","operationId":"7r4urcp0l7dvh6f","timestamp":1708043780462,"id":"qmnnvh9n8qbbv0k","previousEventId":"s765s37qsmp7dx9","previousOperationId":"7r4urcp0l7dvh6f"}
{"type":"log","timestamp":1708043780463,"level":"debug","message":"Skipping storing report.","meta":{"rootId":"3bqkflcsihnftmk","id":"3bqkflcsihnftmk"},"id":"qf4fy3snuq9pphz","previousOperationId":"7r4urcp0l7dvh6f"}
{"type":"log","timestamp":1708043780463,"level":"info","message":"Rendering request 10 finished in 2803 ms","meta":{"rootId":"3bqkflcsihnftmk","id":"3bqkflcsihnftmk"},"id":"idcvmafend5mqz4","previousOperationId":"7r4urcp0l7dvh6f"}
{"type":"operationEnd","subtype":"render","operationId":"bqgj5st23ekkeqq","timestamp":1708043780463,"id":"grycn7s7bdtuf7n","previousEventId":"qmnnvh9n8qbbv0k","previousOperationId":"7r4urcp0l7dvh6f"}
{"type":"operationEnd","doDiffs":false,"previousEventId":"gcrmn682vtple7n","previousOperationId":"hni650ntxxws3zn","operationId":"hni650ntxxws3zn","timestamp":1708043780469,"id":"0to40p4pdiyg86u"}
