{"type":"operationStart","subtype":"profile","data":{"_id":"hs03XTS9RFeO1bAJ","timestamp":"2024-02-16T00:32:52.063Z","state":"queued","mode":"standard","creationDate":"2024-02-16T00:32:52.065Z","modificationDate":"2024-02-16T00:32:52.065Z","shortid":"W89fwJN","$entitySet":"profiles"},"doDiffs":false,"timestamp":1708043572064,"id":"y03wpq2qhngm78x","previousOperationId":null,"operationId":"da7syickg12mz9e"}
{"type":"log","level":"info","message":"Render request 9 queued for execution and waiting for available worker","previousOperationId":"da7syickg12mz9e","timestamp":1708043572064,"id":"065c9ikhzmaj316"}
{"type":"operationStart","subtype":"render","name":"AveragePunctuation","previousOperationId":"da7syickg12mz9e","timestamp":1708043572072,"id":"t3oulnzq0rttnqc","previousEventId":"y03wpq2qhngm78x","operationId":"jglvjz45y6qiuud"}
{"type":"log","timestamp":1708043572072,"level":"info","message":"Starting rendering request 9","meta":{"rootId":"63fhpvzpxq094e8","id":"63fhpvzpxq094e8"},"id":"39aekvnvpdjk5za","previousOperationId":"jglvjz45y6qiuud"}
{"type":"log","timestamp":1708043572072,"level":"info","message":"Rendering template { name: AveragePunctuation, recipe: chrome-pdf, engine: handlebars, preview: true }","meta":{"rootId":"63fhpvzpxq094e8","id":"63fhpvzpxq094e8"},"id":"iex0riymo8dyihh","previousOperationId":"jglvjz45y6qiuud"}
{"type":"log","timestamp":1708043572073,"level":"debug","message":"Data item not defined for this template.","meta":{"rootId":"63fhpvzpxq094e8","id":"63fhpvzpxq094e8"},"id":"jco1q36saygbtsm","previousOperationId":"jglvjz45y6qiuud"}
{"type":"log","timestamp":1708043572075,"level":"debug","message":"Executing script AveragePunctuation-script (beforeRender)","meta":{"rootId":"63fhpvzpxq094e8","id":"63fhpvzpxq094e8"},"id":"cn4ojmspk7jysb1","previousOperationId":"jglvjz45y6qiuud"}
{"type":"operationStart","subtype":"scriptsBeforeRender","name":"scripts beforeRender","timestamp":1708043572091,"id":"2657tplc7mi5rl3","previousEventId":"t3oulnzq0rttnqc","operationId":"7kbm7wrf5twngg9","previousOperationId":"jglvjz45y6qiuud"}
{"type":"operationStart","subtype":"script","name":"scripts AveragePunctuation-script","previousOperationId":"7kbm7wrf5twngg9","timestamp":1708043572091,"id":"5o3jpw1uthkgxky","previousEventId":"2657tplc7mi5rl3","operationId":"jp72tkyui9ss4xc"}
{"type":"operationEnd","operationId":"jp72tkyui9ss4xc","timestamp":1708043572129,"id":"hujzocwyzdbgz9l","previousEventId":"t3oulnzq0rttnqc","previousOperationId":"jglvjz45y6qiuud"}
{"type":"operationEnd","operationId":"7kbm7wrf5twngg9","timestamp":1708043572129,"id":"p5xkkgtevv7dsmj","previousEventId":"hujzocwyzdbgz9l","previousOperationId":"jglvjz45y6qiuud"}
{"type":"log","timestamp":1708043572129,"level":"debug","message":"Base url not specified, skipping its injection.","meta":{"rootId":"63fhpvzpxq094e8","id":"63fhpvzpxq094e8"},"id":"xpy5dveerv628xv","previousOperationId":"7kbm7wrf5twngg9"}
{"type":"operationStart","subtype":"engine","name":"handlebars","timestamp":1708043572131,"id":"ouondup1pwtbf4i","previousEventId":"p5xkkgtevv7dsmj","operationId":"vrs8hxo3rzsy2su","previousOperationId":"7kbm7wrf5twngg9"}
{"type":"log","timestamp":1708043572131,"level":"debug","message":"Rendering engine handlebars","meta":{"rootId":"63fhpvzpxq094e8","id":"63fhpvzpxq094e8"},"id":"9gez115qa646rvq","previousOperationId":"vrs8hxo3rzsy2su"}
{"type":"operationEnd","operationId":"vrs8hxo3rzsy2su","timestamp":1708043572609,"id":"ekrzfnr0porpjvn","previousEventId":"ouondup1pwtbf4i","previousOperationId":"vrs8hxo3rzsy2su"}
{"type":"operationStart","subtype":"recipe","name":"chrome-pdf","timestamp":1708043572609,"id":"4xyutjifmwsfhs7","previousEventId":"ekrzfnr0porpjvn","operationId":"73i60yyu3yqez21","previousOperationId":"vrs8hxo3rzsy2su"}
{"type":"log","timestamp":1708043572609,"level":"debug","message":"Executing recipe chrome-pdf","meta":{"rootId":"63fhpvzpxq094e8","id":"63fhpvzpxq094e8"},"id":"vmap9eqfuge5g1r","previousOperationId":"73i60yyu3yqez21"}
{"type":"log","timestamp":1708043573867,"level":"debug","message":"Converting with chrome HeadlessChrome/117.0.5938.149 using chrome-pool strategy","meta":{"rootId":"63fhpvzpxq094e8","id":"63fhpvzpxq094e8"},"id":"z2gpltgxe52o5yq","previousOperationId":"73i60yyu3yqez21"}
{"type":"log","timestamp":1708043574824,"level":"debug","message":"Page request: GET (document) file:///C:/Users/Javier/AppData/Local/Temp/jsreport/autocleanup/27198945-cebb-485e-b08e-bd5493c026cf-chrome-pdf.html","meta":{"rootId":"63fhpvzpxq094e8","id":"63fhpvzpxq094e8"},"id":"jdnumyxbv6qvede","previousOperationId":"73i60yyu3yqez21"}
{"type":"log","timestamp":1708043574870,"level":"debug","message":"Page request: GET (stylesheet) https://cdnjs.cloudflare.com/ajax/libs/metro/4.1.5/css/metro.min.css","meta":{"rootId":"63fhpvzpxq094e8","id":"63fhpvzpxq094e8"},"id":"2pi7fddobku38in","previousOperationId":"73i60yyu3yqez21"}
{"type":"log","timestamp":1708043574870,"level":"debug","message":"Page request: GET (script) https://cdnjs.cloudflare.com/ajax/libs/Chart.js/2.7.2/Chart.min.js","meta":{"rootId":"63fhpvzpxq094e8","id":"63fhpvzpxq094e8"},"id":"ckl93b6zm8v90wn","previousOperationId":"73i60yyu3yqez21"}
{"type":"log","timestamp":1708043574871,"level":"debug","message":"Page request finished: GET (document) 200 file:///C:/Users/Javier/AppData/Local/Temp/jsreport/autocleanup/27198945-cebb-485e-b08e-bd5493c026cf-chrome-pdf.html","meta":{"rootId":"63fhpvzpxq094e8","id":"63fhpvzpxq094e8"},"id":"4axwlpxp8j2j3tn","previousOperationId":"73i60yyu3yqez21"}
{"type":"log","timestamp":1708043575151,"level":"debug","message":"Page request finished: GET (stylesheet) 200 https://cdnjs.cloudflare.com/ajax/libs/metro/4.1.5/css/metro.min.css","meta":{"rootId":"63fhpvzpxq094e8","id":"63fhpvzpxq094e8"},"id":"gueye2julftjm60","previousOperationId":"73i60yyu3yqez21"}
{"type":"log","timestamp":1708043575152,"level":"debug","message":"Page request finished: GET (script) 200 https://cdnjs.cloudflare.com/ajax/libs/Chart.js/2.7.2/Chart.min.js","meta":{"rootId":"63fhpvzpxq094e8","id":"63fhpvzpxq094e8"},"id":"17rmqml7tv3a3aq","previousOperationId":"73i60yyu3yqez21"}
{"type":"log","timestamp":1708043575234,"level":"debug","message":"Running chrome with params {\"printBackground\":true,\"timeout\":59083,\"margin\":{}}","meta":{"rootId":"63fhpvzpxq094e8","id":"63fhpvzpxq094e8"},"id":"ebak7ctifv65w8z","previousOperationId":"73i60yyu3yqez21"}
{"type":"operationEnd","operationId":"73i60yyu3yqez21","timestamp":1708043575328,"id":"h7b09sxa2h9g5r7","previousEventId":"4xyutjifmwsfhs7","previousOperationId":"73i60yyu3yqez21"}
{"type":"log","timestamp":1708043575328,"level":"debug","message":"Skipping storing report.","meta":{"rootId":"63fhpvzpxq094e8","id":"63fhpvzpxq094e8"},"id":"khi68xpf5u09aoe","previousOperationId":"73i60yyu3yqez21"}
{"type":"log","timestamp":1708043575328,"level":"info","message":"Rendering request 9 finished in 3265 ms","meta":{"rootId":"63fhpvzpxq094e8","id":"63fhpvzpxq094e8"},"id":"dnalz06xn6tldid","previousOperationId":"73i60yyu3yqez21"}
{"type":"operationEnd","subtype":"render","operationId":"jglvjz45y6qiuud","timestamp":1708043575328,"id":"4lapxo7anl9m9dz","previousEventId":"h7b09sxa2h9g5r7","previousOperationId":"73i60yyu3yqez21"}
{"type":"operationEnd","doDiffs":false,"previousEventId":"y03wpq2qhngm78x","previousOperationId":"da7syickg12mz9e","operationId":"da7syickg12mz9e","timestamp":1708043575334,"id":"narinr7vsj15dpv"}
