{"type":"operationStart","subtype":"profile","data":{"_id":"o3i6WhiFn7OuF9ZR","timestamp":"2024-02-16T00:44:15.243Z","state":"queued","mode":"standard","creationDate":"2024-02-16T00:44:15.246Z","modificationDate":"2024-02-16T00:44:15.246Z","shortid":"lwTYDu_","$entitySet":"profiles"},"doDiffs":false,"timestamp":1708044255245,"id":"c13iaa623qjtp0b","previousOperationId":null,"operationId":"pdwv8olthtpkx9u"}
{"type":"log","level":"info","message":"Render request 23 queued for execution and waiting for available worker","previousOperationId":"pdwv8olthtpkx9u","timestamp":1708044255245,"id":"kj7qpajfbi664wq"}
{"type":"operationStart","subtype":"render","name":"AveragePunctuation","previousOperationId":"pdwv8olthtpkx9u","timestamp":1708044255260,"id":"3xb88wwe3zbidqy","previousEventId":"c13iaa623qjtp0b","operationId":"xbl6770rnpb37gw"}
{"type":"log","timestamp":1708044255260,"level":"info","message":"Starting rendering request 23","meta":{"rootId":"dns63mazmrvhptz","id":"dns63mazmrvhptz"},"id":"azhs4vw6vds4w55","previousOperationId":"xbl6770rnpb37gw"}
{"type":"log","timestamp":1708044255260,"level":"info","message":"Rendering template { name: AveragePunctuation, recipe: chrome-pdf, engine: handlebars, preview: true }","meta":{"rootId":"dns63mazmrvhptz","id":"dns63mazmrvhptz"},"id":"iihyui8ire6d23p","previousOperationId":"xbl6770rnpb37gw"}
{"type":"log","timestamp":1708044255261,"level":"debug","message":"Data item not defined for this template.","meta":{"rootId":"dns63mazmrvhptz","id":"dns63mazmrvhptz"},"id":"b2mye79zmouj9fd","previousOperationId":"xbl6770rnpb37gw"}
{"type":"log","timestamp":1708044255272,"level":"debug","message":"Executing script AveragePunctuation-script (beforeRender)","meta":{"rootId":"dns63mazmrvhptz","id":"dns63mazmrvhptz"},"id":"k4u0gwioa3po3co","previousOperationId":"xbl6770rnpb37gw"}
{"type":"operationStart","subtype":"scriptsBeforeRender","name":"scripts beforeRender","timestamp":1708044255309,"id":"zelc08ioxd03z4l","previousEventId":"3xb88wwe3zbidqy","operationId":"h97x8j8m78u0ci2","previousOperationId":"xbl6770rnpb37gw"}
{"type":"operationStart","subtype":"script","name":"scripts AveragePunctuation-script","previousOperationId":"h97x8j8m78u0ci2","timestamp":1708044255310,"id":"o5hx6z91mvsq6ne","previousEventId":"zelc08ioxd03z4l","operationId":"1gbez1apllx49el"}
{"type":"operationEnd","operationId":"1gbez1apllx49el","timestamp":1708044255357,"id":"6fu16ycr9qqkuqt","previousEventId":"3xb88wwe3zbidqy","previousOperationId":"xbl6770rnpb37gw"}
{"type":"operationEnd","operationId":"h97x8j8m78u0ci2","timestamp":1708044255357,"id":"cp64ubui6gq56ui","previousEventId":"6fu16ycr9qqkuqt","previousOperationId":"xbl6770rnpb37gw"}
{"type":"log","timestamp":1708044255357,"level":"debug","message":"Base url not specified, skipping its injection.","meta":{"rootId":"dns63mazmrvhptz","id":"dns63mazmrvhptz"},"id":"thhm1g6e1iiqb7a","previousOperationId":"h97x8j8m78u0ci2"}
{"type":"operationStart","subtype":"engine","name":"handlebars","timestamp":1708044255357,"id":"wouyrj6bwsxcf8i","previousEventId":"cp64ubui6gq56ui","operationId":"7pab8bc63w1aopd","previousOperationId":"h97x8j8m78u0ci2"}
{"type":"log","timestamp":1708044255357,"level":"debug","message":"Rendering engine handlebars","meta":{"rootId":"dns63mazmrvhptz","id":"dns63mazmrvhptz"},"id":"hdo1kt1zjp6da2p","previousOperationId":"7pab8bc63w1aopd"}
{"type":"operationEnd","operationId":"7pab8bc63w1aopd","timestamp":1708044255372,"id":"h78r42zxr7vmbei","previousEventId":"wouyrj6bwsxcf8i","previousOperationId":"7pab8bc63w1aopd"}
{"type":"operationStart","subtype":"recipe","name":"chrome-pdf","timestamp":1708044255372,"id":"lkwrm97yqzcdi8v","previousEventId":"h78r42zxr7vmbei","operationId":"4awj6sqkr26odeh","previousOperationId":"7pab8bc63w1aopd"}
{"type":"log","timestamp":1708044255372,"level":"debug","message":"Executing recipe chrome-pdf","meta":{"rootId":"dns63mazmrvhptz","id":"dns63mazmrvhptz"},"id":"6ntmboib9q9hz7g","previousOperationId":"4awj6sqkr26odeh"}
{"type":"log","timestamp":1708044255375,"level":"debug","message":"Converting with chrome HeadlessChrome/117.0.5938.149 using chrome-pool strategy","meta":{"rootId":"dns63mazmrvhptz","id":"dns63mazmrvhptz"},"id":"l6vqhnd0mknwqpr","previousOperationId":"4awj6sqkr26odeh"}
{"type":"log","timestamp":1708044255495,"level":"debug","message":"Page request: GET (document) file:///C:/Users/Javier/AppData/Local/Temp/jsreport/autocleanup/5883112c-bf54-47d3-a96b-765aaf2c410b-chrome-pdf.html","meta":{"rootId":"dns63mazmrvhptz","id":"dns63mazmrvhptz"},"id":"xypqz4o4858pt9y","previousOperationId":"4awj6sqkr26odeh"}
{"type":"log","timestamp":1708044255536,"level":"debug","message":"Page request: GET (stylesheet) https://cdnjs.cloudflare.com/ajax/libs/metro/4.1.5/css/metro.min.css","meta":{"rootId":"dns63mazmrvhptz","id":"dns63mazmrvhptz"},"id":"d2eo4nf1dosp2ot","previousOperationId":"4awj6sqkr26odeh"}
{"type":"log","timestamp":1708044255536,"level":"debug","message":"Page request: GET (script) https://cdnjs.cloudflare.com/ajax/libs/Chart.js/2.7.2/Chart.min.js","meta":{"rootId":"dns63mazmrvhptz","id":"dns63mazmrvhptz"},"id":"u45t0bi8x95zjpt","previousOperationId":"4awj6sqkr26odeh"}
{"type":"log","timestamp":1708044255536,"level":"debug","message":"Page request finished: GET (document) 200 file:///C:/Users/Javier/AppData/Local/Temp/jsreport/autocleanup/5883112c-bf54-47d3-a96b-765aaf2c410b-chrome-pdf.html","meta":{"rootId":"dns63mazmrvhptz","id":"dns63mazmrvhptz"},"id":"qo8la6a7ogwfg9o","previousOperationId":"4awj6sqkr26odeh"}
{"type":"log","timestamp":1708044255541,"level":"debug","message":"Page request finished: GET (script) 200 https://cdnjs.cloudflare.com/ajax/libs/Chart.js/2.7.2/Chart.min.js","meta":{"rootId":"dns63mazmrvhptz","id":"dns63mazmrvhptz"},"id":"djexvzpeuv8h1ed","previousOperationId":"4awj6sqkr26odeh"}
{"type":"log","timestamp":1708044255550,"level":"debug","message":"Page request finished: GET (stylesheet) 200 https://cdnjs.cloudflare.com/ajax/libs/metro/4.1.5/css/metro.min.css","meta":{"rootId":"dns63mazmrvhptz","id":"dns63mazmrvhptz"},"id":"yrl86mn67rirbhv","previousOperationId":"4awj6sqkr26odeh"}
{"type":"log","timestamp":1708044255602,"level":"debug","message":"Running chrome with params {\"printBackground\":true,\"timeout\":59869,\"margin\":{}}","meta":{"rootId":"dns63mazmrvhptz","id":"dns63mazmrvhptz"},"id":"yw0udxqs6w6lc82","previousOperationId":"4awj6sqkr26odeh"}
{"type":"operationEnd","operationId":"4awj6sqkr26odeh","timestamp":1708044255692,"id":"q0blhzyrrhs3gu5","previousEventId":"lkwrm97yqzcdi8v","previousOperationId":"4awj6sqkr26odeh"}
{"type":"log","timestamp":1708044255692,"level":"debug","message":"Skipping storing report.","meta":{"rootId":"dns63mazmrvhptz","id":"dns63mazmrvhptz"},"id":"2jk8l2i2f7bbaln","previousOperationId":"4awj6sqkr26odeh"}
{"type":"log","timestamp":1708044255692,"level":"info","message":"Rendering request 23 finished in 449 ms","meta":{"rootId":"dns63mazmrvhptz","id":"dns63mazmrvhptz"},"id":"qkk1uuvi095wk0q","previousOperationId":"4awj6sqkr26odeh"}
{"type":"operationEnd","subtype":"render","operationId":"xbl6770rnpb37gw","timestamp":1708044255692,"id":"5d55zcjfpomksl8","previousEventId":"q0blhzyrrhs3gu5","previousOperationId":"4awj6sqkr26odeh"}
{"type":"operationEnd","doDiffs":false,"previousEventId":"c13iaa623qjtp0b","previousOperationId":"pdwv8olthtpkx9u","operationId":"pdwv8olthtpkx9u","timestamp":1708044255695,"id":"oylwpi6io4jleaz"}
