{"type":"operationStart","subtype":"profile","data":{"_id":"lpRYsnvP9g3mr1DZ","timestamp":"2024-02-16T00:46:37.415Z","state":"queued","mode":"standard","creationDate":"2024-02-16T00:46:37.416Z","modificationDate":"2024-02-16T00:46:37.416Z","shortid":"cBpqDfa","$entitySet":"profiles"},"doDiffs":false,"timestamp":1708044397416,"id":"qaqgfsqlt9blnas","previousOperationId":null,"operationId":"xb207et7175blby"}
{"type":"log","level":"info","message":"Render request 25 queued for execution and waiting for available worker","previousOperationId":"xb207et7175blby","timestamp":1708044397416,"id":"6v0kpgxr2ug5jgz"}
{"type":"operationStart","subtype":"render","name":"AveragePunctuation","previousOperationId":"xb207et7175blby","timestamp":1708044397424,"id":"6gc675bp26ktwln","previousEventId":"qaqgfsqlt9blnas","operationId":"9hyz9ybntnbyo86"}
{"type":"log","timestamp":1708044397424,"level":"info","message":"Starting rendering request 25","meta":{"rootId":"e7d49lqfydh1q33","id":"e7d49lqfydh1q33"},"id":"xnub172y37hzl63","previousOperationId":"9hyz9ybntnbyo86"}
{"type":"log","timestamp":1708044397424,"level":"info","message":"Rendering template { name: AveragePunctuation, recipe: chrome-pdf, engine: handlebars, preview: false }","meta":{"rootId":"e7d49lqfydh1q33","id":"e7d49lqfydh1q33"},"id":"qpgfrhy5errmg0w","previousOperationId":"9hyz9ybntnbyo86"}
{"type":"log","timestamp":1708044397425,"level":"debug","message":"Inline data specified.","meta":{"rootId":"e7d49lqfydh1q33","id":"e7d49lqfydh1q33"},"id":"3704hpc5kzqswmb","previousOperationId":"9hyz9ybntnbyo86"}
{"type":"log","timestamp":1708044397428,"level":"debug","message":"Executing script AveragePunctuation-script (beforeRender)","meta":{"rootId":"e7d49lqfydh1q33","id":"e7d49lqfydh1q33"},"id":"8te1r8zeypoagpl","previousOperationId":"9hyz9ybntnbyo86"}
{"type":"operationStart","subtype":"scriptsBeforeRender","name":"scripts beforeRender","timestamp":1708044397452,"id":"acwo38pfk3jkucb","previousEventId":"6gc675bp26ktwln","operationId":"otuxwiyan6hphzt","previousOperationId":"9hyz9ybntnbyo86"}
{"type":"operationStart","subtype":"script","name":"scripts AveragePunctuation-script","previousOperationId":"otuxwiyan6hphzt","timestamp":1708044397452,"id":"b3ezj20797k35s0","previousEventId":"acwo38pfk3jkucb","operationId":"jpq5xck67argi2x"}
{"type":"operationEnd","operationId":"jpq5xck67argi2x","timestamp":1708044397465,"id":"122g4l6lmzhqqd8","previousEventId":"6gc675bp26ktwln","previousOperationId":"9hyz9ybntnbyo86"}
{"type":"operationEnd","operationId":"otuxwiyan6hphzt","timestamp":1708044397465,"id":"jhi3dj45valhpgu","previousEventId":"122g4l6lmzhqqd8","previousOperationId":"9hyz9ybntnbyo86"}
{"type":"log","timestamp":1708044397465,"level":"debug","message":"Base url not specified, skipping its injection.","meta":{"rootId":"e7d49lqfydh1q33","id":"e7d49lqfydh1q33"},"id":"8k2utpgn5gr8wqn","previousOperationId":"otuxwiyan6hphzt"}
{"type":"operationStart","subtype":"engine","name":"handlebars","timestamp":1708044397465,"id":"rluab0lbyrb85c9","previousEventId":"jhi3dj45valhpgu","operationId":"9p0min3at55fdme","previousOperationId":"otuxwiyan6hphzt"}
{"type":"log","timestamp":1708044397465,"level":"debug","message":"Rendering engine handlebars","meta":{"rootId":"e7d49lqfydh1q33","id":"e7d49lqfydh1q33"},"id":"z0d04kogcxyzkod","previousOperationId":"9p0min3at55fdme"}
{"type":"operationEnd","operationId":"9p0min3at55fdme","timestamp":1708044397472,"id":"1aiall6vqqdir50","previousEventId":"rluab0lbyrb85c9","previousOperationId":"9p0min3at55fdme"}
{"type":"operationStart","subtype":"recipe","name":"chrome-pdf","timestamp":1708044397472,"id":"wtvmb82e12kvmay","previousEventId":"1aiall6vqqdir50","operationId":"n99azypyzi7oro5","previousOperationId":"9p0min3at55fdme"}
{"type":"log","timestamp":1708044397472,"level":"debug","message":"Executing recipe chrome-pdf","meta":{"rootId":"e7d49lqfydh1q33","id":"e7d49lqfydh1q33"},"id":"sh4msa2i6j2z8fx","previousOperationId":"n99azypyzi7oro5"}
{"type":"log","timestamp":1708044397474,"level":"debug","message":"Converting with chrome HeadlessChrome/117.0.5938.149 using chrome-pool strategy","meta":{"rootId":"e7d49lqfydh1q33","id":"e7d49lqfydh1q33"},"id":"yo9qor7irc9rhlc","previousOperationId":"n99azypyzi7oro5"}
{"type":"log","timestamp":1708044397621,"level":"debug","message":"Page request: GET (document) file:///C:/Users/Javier/AppData/Local/Temp/jsreport/autocleanup/53ff1a19-c1e1-4b7b-b765-950e7283c9d7-chrome-pdf.html","meta":{"rootId":"e7d49lqfydh1q33","id":"e7d49lqfydh1q33"},"id":"2efxydgpxzkudt0","previousOperationId":"n99azypyzi7oro5"}
{"type":"log","timestamp":1708044397630,"level":"debug","message":"Page request: GET (stylesheet) https://cdnjs.cloudflare.com/ajax/libs/metro/4.1.5/css/metro.min.css","meta":{"rootId":"e7d49lqfydh1q33","id":"e7d49lqfydh1q33"},"id":"0hmh34ehzl0hc2f","previousOperationId":"n99azypyzi7oro5"}
{"type":"log","timestamp":1708044397631,"level":"debug","message":"Page request: GET (script) https://cdnjs.cloudflare.com/ajax/libs/Chart.js/2.7.2/Chart.min.js","meta":{"rootId":"e7d49lqfydh1q33","id":"e7d49lqfydh1q33"},"id":"94i1zgnucao54q4","previousOperationId":"n99azypyzi7oro5"}
{"type":"log","timestamp":1708044397631,"level":"debug","message":"Page request finished: GET (document) 200 file:///C:/Users/Javier/AppData/Local/Temp/jsreport/autocleanup/53ff1a19-c1e1-4b7b-b765-950e7283c9d7-chrome-pdf.html","meta":{"rootId":"e7d49lqfydh1q33","id":"e7d49lqfydh1q33"},"id":"6x3rwpvnmvup8qp","previousOperationId":"n99azypyzi7oro5"}
{"type":"log","timestamp":1708044397636,"level":"debug","message":"Page request finished: GET (script) 200 https://cdnjs.cloudflare.com/ajax/libs/Chart.js/2.7.2/Chart.min.js","meta":{"rootId":"e7d49lqfydh1q33","id":"e7d49lqfydh1q33"},"id":"lkh9ghhaagctvj3","previousOperationId":"n99azypyzi7oro5"}
{"type":"log","timestamp":1708044397651,"level":"debug","message":"Page request finished: GET (stylesheet) 200 https://cdnjs.cloudflare.com/ajax/libs/metro/4.1.5/css/metro.min.css","meta":{"rootId":"e7d49lqfydh1q33","id":"e7d49lqfydh1q33"},"id":"54erijl925cwlj5","previousOperationId":"n99azypyzi7oro5"}
{"type":"log","timestamp":1708044397718,"level":"debug","message":"Running chrome with params {\"printBackground\":true,\"timeout\":59941,\"margin\":{}}","meta":{"rootId":"e7d49lqfydh1q33","id":"e7d49lqfydh1q33"},"id":"gv84bl196zttbpr","previousOperationId":"n99azypyzi7oro5"}
{"type":"operationEnd","operationId":"n99azypyzi7oro5","timestamp":1708044397832,"id":"od7xe4a3cs2d62a","previousEventId":"wtvmb82e12kvmay","previousOperationId":"n99azypyzi7oro5"}
{"type":"log","timestamp":1708044397832,"level":"debug","message":"Skipping storing report.","meta":{"rootId":"e7d49lqfydh1q33","id":"e7d49lqfydh1q33"},"id":"kwsvjmqwjv7981x","previousOperationId":"n99azypyzi7oro5"}
{"type":"log","timestamp":1708044397832,"level":"info","message":"Rendering request 25 finished in 418 ms","meta":{"rootId":"e7d49lqfydh1q33","id":"e7d49lqfydh1q33"},"id":"y2kgg6b2o0yecg7","previousOperationId":"n99azypyzi7oro5"}
{"type":"operationEnd","subtype":"render","operationId":"9hyz9ybntnbyo86","timestamp":1708044397832,"id":"thm892vvx9fqck8","previousEventId":"od7xe4a3cs2d62a","previousOperationId":"n99azypyzi7oro5"}
{"type":"operationEnd","doDiffs":false,"previousEventId":"qaqgfsqlt9blnas","previousOperationId":"xb207et7175blby","operationId":"xb207et7175blby","timestamp":1708044397835,"id":"p20chm65befi5cw"}
