{"type":"operationStart","subtype":"profile","data":{"_id":"aEbYBWullipjqpcI","timestamp":"2024-02-16T00:51:28.456Z","state":"queued","mode":"standard","creationDate":"2024-02-16T00:51:28.458Z","modificationDate":"2024-02-16T00:51:28.458Z","shortid":"cBXNFb1","$entitySet":"profiles"},"doDiffs":false,"timestamp":1708044688458,"id":"jh9lvenzhuh9q2c","previousOperationId":null,"operationId":"cgu45f4q8nlxdlu"}
{"type":"log","level":"info","message":"Render request 26 queued for execution and waiting for available worker","previousOperationId":"cgu45f4q8nlxdlu","timestamp":1708044688458,"id":"sg7wtksr7uvxgy8"}
{"type":"operationStart","subtype":"render","name":"AveragePunctuation","previousOperationId":"cgu45f4q8nlxdlu","timestamp":1708044688474,"id":"ym9j6p318bf62ge","previousEventId":"jh9lvenzhuh9q2c","operationId":"vvpw2r1jaf5noiz"}
{"type":"log","timestamp":1708044688476,"level":"info","message":"Starting rendering request 26","meta":{"rootId":"hq9viui7na79okm","id":"hq9viui7na79okm"},"id":"9k6rhcjeqo3j0x8","previousOperationId":"vvpw2r1jaf5noiz"}
{"type":"log","timestamp":1708044688476,"level":"info","message":"Rendering template { name: AveragePunctuation, recipe: chrome-pdf, engine: handlebars, preview: false }","meta":{"rootId":"hq9viui7na79okm","id":"hq9viui7na79okm"},"id":"7rgb47hn9yz3qdf","previousOperationId":"vvpw2r1jaf5noiz"}
{"type":"log","timestamp":1708044688479,"level":"debug","message":"Inline data specified.","meta":{"rootId":"hq9viui7na79okm","id":"hq9viui7na79okm"},"id":"czabtqa4saao075","previousOperationId":"vvpw2r1jaf5noiz"}
{"type":"log","timestamp":1708044688483,"level":"debug","message":"Executing script AveragePunctuation-script (beforeRender)","meta":{"rootId":"hq9viui7na79okm","id":"hq9viui7na79okm"},"id":"mbhucci9wn5gl5g","previousOperationId":"vvpw2r1jaf5noiz"}
{"type":"operationStart","subtype":"scriptsBeforeRender","name":"scripts beforeRender","timestamp":1708044688519,"id":"21ls6hd8lh4hyvj","previousEventId":"ym9j6p318bf62ge","operationId":"4d650h8u39a5pah","previousOperationId":"vvpw2r1jaf5noiz"}
{"type":"operationStart","subtype":"script","name":"scripts AveragePunctuation-script","previousOperationId":"4d650h8u39a5pah","timestamp":1708044688519,"id":"lfu1so0df11ud6x","previousEventId":"21ls6hd8lh4hyvj","operationId":"gz6yfgnpt63nqo6"}
{"type":"operationEnd","operationId":"gz6yfgnpt63nqo6","timestamp":1708044688535,"id":"cs9uo3d49x61xsz","previousEventId":"ym9j6p318bf62ge","previousOperationId":"vvpw2r1jaf5noiz"}
{"type":"operationEnd","operationId":"4d650h8u39a5pah","timestamp":1708044688535,"id":"xdb5t23jiegxud1","previousEventId":"cs9uo3d49x61xsz","previousOperationId":"vvpw2r1jaf5noiz"}
{"type":"log","timestamp":1708044688535,"level":"debug","message":"Base url not specified, skipping its injection.","meta":{"rootId":"hq9viui7na79okm","id":"hq9viui7na79okm"},"id":"s5ew0eny5rbb0se","previousOperationId":"4d650h8u39a5pah"}
{"type":"operationStart","subtype":"engine","name":"handlebars","timestamp":1708044688535,"id":"mtduo5gtylua8qv","previousEventId":"xdb5t23jiegxud1","operationId":"f9l8yofzfyhhu14","previousOperationId":"4d650h8u39a5pah"}
{"type":"log","timestamp":1708044688535,"level":"debug","message":"Rendering engine handlebars","meta":{"rootId":"hq9viui7na79okm","id":"hq9viui7na79okm"},"id":"js76y6pdw8cfb8r","previousOperationId":"f9l8yofzfyhhu14"}
{"type":"operationEnd","operationId":"f9l8yofzfyhhu14","timestamp":1708044688547,"id":"uv8lhxglpnsqp13","previousEventId":"mtduo5gtylua8qv","previousOperationId":"f9l8yofzfyhhu14"}
{"type":"operationStart","subtype":"recipe","name":"chrome-pdf","timestamp":1708044688548,"id":"z80zxwwjd9tnmzd","previousEventId":"uv8lhxglpnsqp13","operationId":"2ojddqxr1b5g583","previousOperationId":"f9l8yofzfyhhu14"}
{"type":"log","timestamp":1708044688548,"level":"debug","message":"Executing recipe chrome-pdf","meta":{"rootId":"hq9viui7na79okm","id":"hq9viui7na79okm"},"id":"3zlbg33730um58t","previousOperationId":"2ojddqxr1b5g583"}
{"type":"log","timestamp":1708044688551,"level":"debug","message":"Converting with chrome HeadlessChrome/117.0.5938.149 using chrome-pool strategy","meta":{"rootId":"hq9viui7na79okm","id":"hq9viui7na79okm"},"id":"wsfu67v698kvydd","previousOperationId":"2ojddqxr1b5g583"}
{"type":"log","timestamp":1708044688642,"level":"debug","message":"Page request: GET (document) file:///C:/Users/Javier/AppData/Local/Temp/jsreport/autocleanup/50137cfd-9f78-410c-9423-47430b68cf24-chrome-pdf.html","meta":{"rootId":"hq9viui7na79okm","id":"hq9viui7na79okm"},"id":"iawma2r8nwad7cz","previousOperationId":"2ojddqxr1b5g583"}
{"type":"log","timestamp":1708044688688,"level":"debug","message":"Page request finished: GET (document) 200 file:///C:/Users/Javier/AppData/Local/Temp/jsreport/autocleanup/50137cfd-9f78-410c-9423-47430b68cf24-chrome-pdf.html","meta":{"rootId":"hq9viui7na79okm","id":"hq9viui7na79okm"},"id":"lgnfdxqpjpew78d","previousOperationId":"2ojddqxr1b5g583"}
{"type":"log","timestamp":1708044688690,"level":"debug","message":"Page request: GET (stylesheet) https://cdnjs.cloudflare.com/ajax/libs/metro/4.1.5/css/metro.min.css","meta":{"rootId":"hq9viui7na79okm","id":"hq9viui7na79okm"},"id":"zsmz6k2bxzkt1sf","previousOperationId":"2ojddqxr1b5g583"}
{"type":"log","timestamp":1708044688690,"level":"debug","message":"Page request: GET (script) https://cdnjs.cloudflare.com/ajax/libs/Chart.js/2.7.2/Chart.min.js","meta":{"rootId":"hq9viui7na79okm","id":"hq9viui7na79okm"},"id":"4jdef4unpr3z2ck","previousOperationId":"2ojddqxr1b5g583"}
{"type":"log","timestamp":1708044688695,"level":"debug","message":"Page request finished: GET (script) 200 https://cdnjs.cloudflare.com/ajax/libs/Chart.js/2.7.2/Chart.min.js","meta":{"rootId":"hq9viui7na79okm","id":"hq9viui7na79okm"},"id":"600o8rugasmenxz","previousOperationId":"2ojddqxr1b5g583"}
{"type":"log","timestamp":1708044688709,"level":"debug","message":"Page request finished: GET (stylesheet) 200 https://cdnjs.cloudflare.com/ajax/libs/metro/4.1.5/css/metro.min.css","meta":{"rootId":"hq9viui7na79okm","id":"hq9viui7na79okm"},"id":"fbdelz2u2j83og0","previousOperationId":"2ojddqxr1b5g583"}
{"type":"log","timestamp":1708044688788,"level":"debug","message":"Running chrome with params {\"printBackground\":true,\"timeout\":59907,\"margin\":{}}","meta":{"rootId":"hq9viui7na79okm","id":"hq9viui7na79okm"},"id":"l2170x8ck1o5wt6","previousOperationId":"2ojddqxr1b5g583"}
{"type":"operationEnd","operationId":"2ojddqxr1b5g583","timestamp":1708044688881,"id":"uaab5tcwnzymlc0","previousEventId":"z80zxwwjd9tnmzd","previousOperationId":"2ojddqxr1b5g583"}
{"type":"log","timestamp":1708044688881,"level":"debug","message":"Skipping storing report.","meta":{"rootId":"hq9viui7na79okm","id":"hq9viui7na79okm"},"id":"nyt5mkgggpohsu7","previousOperationId":"2ojddqxr1b5g583"}
{"type":"log","timestamp":1708044688881,"level":"info","message":"Rendering request 26 finished in 425 ms","meta":{"rootId":"hq9viui7na79okm","id":"hq9viui7na79okm"},"id":"qr92j10jwp3o6iy","previousOperationId":"2ojddqxr1b5g583"}
{"type":"operationEnd","subtype":"render","operationId":"vvpw2r1jaf5noiz","timestamp":1708044688881,"id":"gq0zpc46b7vhjst","previousEventId":"uaab5tcwnzymlc0","previousOperationId":"2ojddqxr1b5g583"}
{"type":"operationEnd","doDiffs":false,"previousEventId":"jh9lvenzhuh9q2c","previousOperationId":"cgu45f4q8nlxdlu","operationId":"cgu45f4q8nlxdlu","timestamp":1708044688883,"id":"j9mc9gph4fzlr7a"}
