{"type":"operationStart","subtype":"profile","data":{"_id":"YujtLbfsvm9X4pPf","timestamp":"2024-02-16T00:55:35.597Z","state":"queued","mode":"standard","creationDate":"2024-02-16T00:55:35.599Z","modificationDate":"2024-02-16T00:55:35.599Z","shortid":"iacqlxd","$entitySet":"profiles"},"doDiffs":false,"timestamp":1708044935598,"id":"kyhiyb6omz7q4qj","previousOperationId":null,"operationId":"rsfgha4722x83yf"}
{"type":"log","level":"info","message":"Render request 28 queued for execution and waiting for available worker","previousOperationId":"rsfgha4722x83yf","timestamp":1708044935598,"id":"l1ev1z2w976j3bj"}
{"type":"operationStart","subtype":"render","name":"AveragePunctuation","previousOperationId":"rsfgha4722x83yf","timestamp":1708044935606,"id":"qb0mr8xahwu33ij","previousEventId":"kyhiyb6omz7q4qj","operationId":"0uxlk6qmrmggza3"}
{"type":"log","timestamp":1708044935606,"level":"info","message":"Starting rendering request 28","meta":{"rootId":"itzkh1mjf68xwz0","id":"itzkh1mjf68xwz0"},"id":"5ql4k9lrhxwnqlx","previousOperationId":"0uxlk6qmrmggza3"}
{"type":"log","timestamp":1708044935606,"level":"info","message":"Rendering template { name: AveragePunctuation, recipe: chrome-pdf, engine: handlebars, preview: false }","meta":{"rootId":"itzkh1mjf68xwz0","id":"itzkh1mjf68xwz0"},"id":"w0fam4o6bkk8ib3","previousOperationId":"0uxlk6qmrmggza3"}
{"type":"log","timestamp":1708044935608,"level":"debug","message":"Inline data specified.","meta":{"rootId":"itzkh1mjf68xwz0","id":"itzkh1mjf68xwz0"},"id":"wb0pxrsl73lufeb","previousOperationId":"0uxlk6qmrmggza3"}
{"type":"log","timestamp":1708044935612,"level":"debug","message":"Executing script AveragePunctuation-script (beforeRender)","meta":{"rootId":"itzkh1mjf68xwz0","id":"itzkh1mjf68xwz0"},"id":"4qp2hx7r7f6jk9k","previousOperationId":"0uxlk6qmrmggza3"}
{"type":"operationStart","subtype":"scriptsBeforeRender","name":"scripts beforeRender","timestamp":1708044935630,"id":"nieu8msm09uhtth","previousEventId":"qb0mr8xahwu33ij","operationId":"xsvlbbko0tx7nds","previousOperationId":"0uxlk6qmrmggza3"}
{"type":"operationStart","subtype":"script","name":"scripts AveragePunctuation-script","previousOperationId":"xsvlbbko0tx7nds","timestamp":1708044935630,"id":"m8840xyk0yo753a","previousEventId":"nieu8msm09uhtth","operationId":"99ddngzr9dbay3q"}
{"type":"operationEnd","operationId":"99ddngzr9dbay3q","timestamp":1708044935648,"id":"jfl2kp7xvs9eiaw","previousEventId":"qb0mr8xahwu33ij","previousOperationId":"0uxlk6qmrmggza3"}
{"type":"operationEnd","operationId":"xsvlbbko0tx7nds","timestamp":1708044935648,"id":"a31d1cc5iffwx51","previousEventId":"jfl2kp7xvs9eiaw","previousOperationId":"0uxlk6qmrmggza3"}
{"type":"log","timestamp":1708044935648,"level":"debug","message":"Base url not specified, skipping its injection.","meta":{"rootId":"itzkh1mjf68xwz0","id":"itzkh1mjf68xwz0"},"id":"bp3blvfrkgx0vxa","previousOperationId":"xsvlbbko0tx7nds"}
{"type":"operationStart","subtype":"engine","name":"handlebars","timestamp":1708044935648,"id":"pjlcxq7y9ufkmq1","previousEventId":"a31d1cc5iffwx51","operationId":"ldc02bdpeo0pwjt","previousOperationId":"xsvlbbko0tx7nds"}
{"type":"log","timestamp":1708044935648,"level":"debug","message":"Rendering engine handlebars","meta":{"rootId":"itzkh1mjf68xwz0","id":"itzkh1mjf68xwz0"},"id":"8urzo1ykckqakhb","previousOperationId":"ldc02bdpeo0pwjt"}
{"type":"operationEnd","operationId":"ldc02bdpeo0pwjt","timestamp":1708044935660,"id":"80cwhmh2f62nu4p","previousEventId":"pjlcxq7y9ufkmq1","previousOperationId":"ldc02bdpeo0pwjt"}
{"type":"operationStart","subtype":"recipe","name":"chrome-pdf","timestamp":1708044935660,"id":"wx3zcom4nj0pugq","previousEventId":"80cwhmh2f62nu4p","operationId":"08ie8jlhwu828me","previousOperationId":"ldc02bdpeo0pwjt"}
{"type":"log","timestamp":1708044935660,"level":"debug","message":"Executing recipe chrome-pdf","meta":{"rootId":"itzkh1mjf68xwz0","id":"itzkh1mjf68xwz0"},"id":"5di4lhsup9611ht","previousOperationId":"08ie8jlhwu828me"}
{"type":"log","timestamp":1708044935662,"level":"debug","message":"Converting with chrome HeadlessChrome/117.0.5938.149 using chrome-pool strategy","meta":{"rootId":"itzkh1mjf68xwz0","id":"itzkh1mjf68xwz0"},"id":"rv8kt2oazf9vxa9","previousOperationId":"08ie8jlhwu828me"}
{"type":"log","timestamp":1708044935753,"level":"debug","message":"Page request: GET (document) file:///C:/Users/Javier/AppData/Local/Temp/jsreport/autocleanup/066c3d86-f937-4ab0-a90d-8e6f8c4713bb-chrome-pdf.html","meta":{"rootId":"itzkh1mjf68xwz0","id":"itzkh1mjf68xwz0"},"id":"9o0i2i4q1oz2l0s","previousOperationId":"08ie8jlhwu828me"}
{"type":"log","timestamp":1708044935764,"level":"debug","message":"Page request: GET (stylesheet) https://cdnjs.cloudflare.com/ajax/libs/metro/4.1.5/css/metro.min.css","meta":{"rootId":"itzkh1mjf68xwz0","id":"itzkh1mjf68xwz0"},"id":"4vcovp6huxdj1sf","previousOperationId":"08ie8jlhwu828me"}
{"type":"log","timestamp":1708044935764,"level":"debug","message":"Page request finished: GET (document) 200 file:///C:/Users/Javier/AppData/Local/Temp/jsreport/autocleanup/066c3d86-f937-4ab0-a90d-8e6f8c4713bb-chrome-pdf.html","meta":{"rootId":"itzkh1mjf68xwz0","id":"itzkh1mjf68xwz0"},"id":"e9fsyj8qyf99t5g","previousOperationId":"08ie8jlhwu828me"}
{"type":"log","timestamp":1708044935764,"level":"debug","message":"Page request: GET (script) https://cdnjs.cloudflare.com/ajax/libs/Chart.js/2.7.2/Chart.min.js","meta":{"rootId":"itzkh1mjf68xwz0","id":"itzkh1mjf68xwz0"},"id":"atzqmw9zohmh64d","previousOperationId":"08ie8jlhwu828me"}
{"type":"log","timestamp":1708044935783,"level":"debug","message":"Page request finished: GET (stylesheet) 200 https://cdnjs.cloudflare.com/ajax/libs/metro/4.1.5/css/metro.min.css","meta":{"rootId":"itzkh1mjf68xwz0","id":"itzkh1mjf68xwz0"},"id":"2la0mfzqz89tpto","previousOperationId":"08ie8jlhwu828me"}
{"type":"log","timestamp":1708044935784,"level":"debug","message":"Page request finished: GET (script) 200 https://cdnjs.cloudflare.com/ajax/libs/Chart.js/2.7.2/Chart.min.js","meta":{"rootId":"itzkh1mjf68xwz0","id":"itzkh1mjf68xwz0"},"id":"gksdfovsjzgob89","previousOperationId":"08ie8jlhwu828me"}
{"type":"log","timestamp":1708044935849,"level":"debug","message":"Running chrome with params {\"printBackground\":true,\"timeout\":59935,\"margin\":{}}","meta":{"rootId":"itzkh1mjf68xwz0","id":"itzkh1mjf68xwz0"},"id":"v5tj849ki7e1k9r","previousOperationId":"08ie8jlhwu828me"}
{"type":"operationEnd","operationId":"08ie8jlhwu828me","timestamp":1708044935950,"id":"ni3etxbldp2x9gy","previousEventId":"wx3zcom4nj0pugq","previousOperationId":"08ie8jlhwu828me"}
{"type":"log","timestamp":1708044935950,"level":"debug","message":"Skipping storing report.","meta":{"rootId":"itzkh1mjf68xwz0","id":"itzkh1mjf68xwz0"},"id":"q2c5ftq3a8plpyr","previousOperationId":"08ie8jlhwu828me"}
{"type":"log","timestamp":1708044935950,"level":"info","message":"Rendering request 28 finished in 353 ms","meta":{"rootId":"itzkh1mjf68xwz0","id":"itzkh1mjf68xwz0"},"id":"v09bjg6bjzfvcui","previousOperationId":"08ie8jlhwu828me"}
{"type":"operationEnd","subtype":"render","operationId":"0uxlk6qmrmggza3","timestamp":1708044935950,"id":"2cs3j562vrcskcp","previousEventId":"ni3etxbldp2x9gy","previousOperationId":"08ie8jlhwu828me"}
{"type":"operationEnd","doDiffs":false,"previousEventId":"kyhiyb6omz7q4qj","previousOperationId":"rsfgha4722x83yf","operationId":"rsfgha4722x83yf","timestamp":1708044935953,"id":"0z4m9reb60oz53e"}
