{"type":"operationStart","subtype":"profile","data":{"_id":"2nnzWCrhjQ0qjF88","timestamp":"2024-02-16T00:43:09.673Z","state":"queued","mode":"standard","creationDate":"2024-02-16T00:43:09.676Z","modificationDate":"2024-02-16T00:43:09.676Z","shortid":"YEhW09H","$entitySet":"profiles"},"doDiffs":false,"timestamp":1708044189674,"id":"vwlaz0ak5zl81ch","previousOperationId":null,"operationId":"1juqf636k127pqr"}
{"type":"log","level":"info","message":"Render request 21 queued for execution and waiting for available worker","previousOperationId":"1juqf636k127pqr","timestamp":1708044189675,"id":"7nejdi4l9dun1x3"}
{"type":"operationStart","subtype":"render","name":"AveragePunctuation","previousOperationId":"1juqf636k127pqr","timestamp":1708044189685,"id":"etdry5y0gjqw1lc","previousEventId":"vwlaz0ak5zl81ch","operationId":"oiocxh5iiwvgd8t"}
{"type":"log","timestamp":1708044189685,"level":"info","message":"Starting rendering request 21","meta":{"rootId":"noepi2qwz2m3eb1","id":"noepi2qwz2m3eb1"},"id":"d9464cnf8pcxsiv","previousOperationId":"oiocxh5iiwvgd8t"}
{"type":"log","timestamp":1708044189685,"level":"info","message":"Rendering template { name: AveragePunctuation, recipe: chrome-pdf, engine: handlebars, preview: true }","meta":{"rootId":"noepi2qwz2m3eb1","id":"noepi2qwz2m3eb1"},"id":"ao7uzlzrwg3qq5p","previousOperationId":"oiocxh5iiwvgd8t"}
{"type":"log","timestamp":1708044189686,"level":"debug","message":"Data item not defined for this template.","meta":{"rootId":"noepi2qwz2m3eb1","id":"noepi2qwz2m3eb1"},"id":"4lxe2n9wxyt24q2","previousOperationId":"oiocxh5iiwvgd8t"}
{"type":"log","timestamp":1708044189689,"level":"debug","message":"Executing script AveragePunctuation-script (beforeRender)","meta":{"rootId":"noepi2qwz2m3eb1","id":"noepi2qwz2m3eb1"},"id":"1utnlpwew9d3uap","previousOperationId":"oiocxh5iiwvgd8t"}
{"type":"operationStart","subtype":"scriptsBeforeRender","name":"scripts beforeRender","timestamp":1708044189714,"id":"ch9jtsp0l98161h","previousEventId":"etdry5y0gjqw1lc","operationId":"v4nwdxf2jgula4x","previousOperationId":"oiocxh5iiwvgd8t"}
{"type":"operationStart","subtype":"script","name":"scripts AveragePunctuation-script","previousOperationId":"v4nwdxf2jgula4x","timestamp":1708044189714,"id":"1hn3sdfwejz3cde","previousEventId":"ch9jtsp0l98161h","operationId":"aojr9d7nv4z2ele"}
{"type":"operationEnd","operationId":"aojr9d7nv4z2ele","timestamp":1708044189732,"id":"ixj7jq6o2ac548s","previousEventId":"etdry5y0gjqw1lc","previousOperationId":"oiocxh5iiwvgd8t"}
{"type":"operationEnd","operationId":"v4nwdxf2jgula4x","timestamp":1708044189733,"id":"ouw6ycq2arfika0","previousEventId":"ixj7jq6o2ac548s","previousOperationId":"oiocxh5iiwvgd8t"}
{"type":"log","timestamp":1708044189733,"level":"debug","message":"Base url not specified, skipping its injection.","meta":{"rootId":"noepi2qwz2m3eb1","id":"noepi2qwz2m3eb1"},"id":"n5kfhue1ctla5l7","previousOperationId":"v4nwdxf2jgula4x"}
{"type":"operationStart","subtype":"engine","name":"handlebars","timestamp":1708044189733,"id":"bme6fy6cp0x2dw1","previousEventId":"ouw6ycq2arfika0","operationId":"vbzl543ayxf3fh1","previousOperationId":"v4nwdxf2jgula4x"}
{"type":"log","timestamp":1708044189733,"level":"debug","message":"Rendering engine handlebars","meta":{"rootId":"noepi2qwz2m3eb1","id":"noepi2qwz2m3eb1"},"id":"48jsg7fw23u7xvp","previousOperationId":"vbzl543ayxf3fh1"}
{"type":"operationEnd","operationId":"vbzl543ayxf3fh1","timestamp":1708044189749,"id":"2sj419ul9fpjb7b","previousEventId":"bme6fy6cp0x2dw1","previousOperationId":"vbzl543ayxf3fh1"}
{"type":"operationStart","subtype":"recipe","name":"chrome-pdf","timestamp":1708044189749,"id":"0zc3ri2jirniw3l","previousEventId":"2sj419ul9fpjb7b","operationId":"v3s5xs7fa7vf89d","previousOperationId":"vbzl543ayxf3fh1"}
{"type":"log","timestamp":1708044189749,"level":"debug","message":"Executing recipe chrome-pdf","meta":{"rootId":"noepi2qwz2m3eb1","id":"noepi2qwz2m3eb1"},"id":"18wi9xgb9p1v996","previousOperationId":"v3s5xs7fa7vf89d"}
{"type":"log","timestamp":1708044189753,"level":"debug","message":"Converting with chrome HeadlessChrome/117.0.5938.149 using chrome-pool strategy","meta":{"rootId":"noepi2qwz2m3eb1","id":"noepi2qwz2m3eb1"},"id":"shj69at00cr7zer","previousOperationId":"v3s5xs7fa7vf89d"}
{"type":"log","timestamp":1708044189852,"level":"debug","message":"Page request: GET (document) file:///C:/Users/Javier/AppData/Local/Temp/jsreport/autocleanup/c6da31c7-a977-4794-abbb-3a4e5e82efda-chrome-pdf.html","meta":{"rootId":"noepi2qwz2m3eb1","id":"noepi2qwz2m3eb1"},"id":"keaui57z1ngocei","previousOperationId":"v3s5xs7fa7vf89d"}
{"type":"log","timestamp":1708044189900,"level":"debug","message":"Page request: GET (stylesheet) https://cdnjs.cloudflare.com/ajax/libs/metro/4.1.5/css/metro.min.css","meta":{"rootId":"noepi2qwz2m3eb1","id":"noepi2qwz2m3eb1"},"id":"t4scaikpqtatdx1","previousOperationId":"v3s5xs7fa7vf89d"}
{"type":"log","timestamp":1708044189901,"level":"debug","message":"Page request: GET (script) https://cdnjs.cloudflare.com/ajax/libs/Chart.js/2.7.2/Chart.min.js","meta":{"rootId":"noepi2qwz2m3eb1","id":"noepi2qwz2m3eb1"},"id":"xpwh05s9ohbywaw","previousOperationId":"v3s5xs7fa7vf89d"}
{"type":"log","timestamp":1708044189901,"level":"debug","message":"Page request finished: GET (document) 200 file:///C:/Users/Javier/AppData/Local/Temp/jsreport/autocleanup/c6da31c7-a977-4794-abbb-3a4e5e82efda-chrome-pdf.html","meta":{"rootId":"noepi2qwz2m3eb1","id":"noepi2qwz2m3eb1"},"id":"vtxbzxth4cwjuln","previousOperationId":"v3s5xs7fa7vf89d"}
{"type":"log","timestamp":1708044189906,"level":"debug","message":"Page request finished: GET (script) 200 https://cdnjs.cloudflare.com/ajax/libs/Chart.js/2.7.2/Chart.min.js","meta":{"rootId":"noepi2qwz2m3eb1","id":"noepi2qwz2m3eb1"},"id":"fdlio1x83mntn60","previousOperationId":"v3s5xs7fa7vf89d"}
{"type":"log","timestamp":1708044189917,"level":"debug","message":"Page request finished: GET (stylesheet) 200 https://cdnjs.cloudflare.com/ajax/libs/metro/4.1.5/css/metro.min.css","meta":{"rootId":"noepi2qwz2m3eb1","id":"noepi2qwz2m3eb1"},"id":"e48ugfpigiyy4ng","previousOperationId":"v3s5xs7fa7vf89d"}
{"type":"log","timestamp":1708044189969,"level":"debug","message":"Running chrome with params {\"printBackground\":true,\"timeout\":59921,\"margin\":{}}","meta":{"rootId":"noepi2qwz2m3eb1","id":"noepi2qwz2m3eb1"},"id":"vc48wt54tbd8atz","previousOperationId":"v3s5xs7fa7vf89d"}
{"type":"operationEnd","operationId":"v3s5xs7fa7vf89d","timestamp":1708044190058,"id":"36stloi8nagv0m5","previousEventId":"0zc3ri2jirniw3l","previousOperationId":"v3s5xs7fa7vf89d"}
{"type":"log","timestamp":1708044190058,"level":"debug","message":"Skipping storing report.","meta":{"rootId":"noepi2qwz2m3eb1","id":"noepi2qwz2m3eb1"},"id":"k95ely1k9uma4vc","previousOperationId":"v3s5xs7fa7vf89d"}
{"type":"log","timestamp":1708044190058,"level":"info","message":"Rendering request 21 finished in 385 ms","meta":{"rootId":"noepi2qwz2m3eb1","id":"noepi2qwz2m3eb1"},"id":"8gkpnatdzokueqj","previousOperationId":"v3s5xs7fa7vf89d"}
{"type":"operationEnd","subtype":"render","operationId":"oiocxh5iiwvgd8t","timestamp":1708044190058,"id":"vnb661d9d0xfvih","previousEventId":"36stloi8nagv0m5","previousOperationId":"v3s5xs7fa7vf89d"}
{"type":"operationEnd","doDiffs":false,"previousEventId":"vwlaz0ak5zl81ch","previousOperationId":"1juqf636k127pqr","operationId":"1juqf636k127pqr","timestamp":1708044190062,"id":"6zi9w2may5dy4o8"}
