{"type":"operationStart","subtype":"profile","data":{"_id":"QFKT32FceCNZKrvd","timestamp":"2024-02-16T00:45:16.578Z","state":"queued","mode":"standard","creationDate":"2024-02-16T00:45:16.584Z","modificationDate":"2024-02-16T00:45:16.584Z","shortid":"1gNEgji","$entitySet":"profiles"},"doDiffs":false,"timestamp":1708044316581,"id":"kx1g5p7y3gf4eab","previousOperationId":null,"operationId":"8ow6pt2my58fp30"}
{"type":"log","level":"info","message":"Render request 24 queued for execution and waiting for available worker","previousOperationId":"8ow6pt2my58fp30","timestamp":1708044316581,"id":"vrb0jzmjtx25k5p"}
{"type":"operationStart","subtype":"render","name":"AveragePunctuation","previousOperationId":"8ow6pt2my58fp30","timestamp":1708044316606,"id":"ucgrli8v2bkfsk2","previousEventId":"kx1g5p7y3gf4eab","operationId":"fq20cirf42coxiq"}
{"type":"log","timestamp":1708044316607,"level":"info","message":"Starting rendering request 24","meta":{"rootId":"pzxdsw0o2hhpvcr","id":"pzxdsw0o2hhpvcr"},"id":"5q75kzsr96up7yi","previousOperationId":"fq20cirf42coxiq"}
{"type":"log","timestamp":1708044316608,"level":"info","message":"Rendering template { name: AveragePunctuation, recipe: chrome-pdf, engine: handlebars, preview: false }","meta":{"rootId":"pzxdsw0o2hhpvcr","id":"pzxdsw0o2hhpvcr"},"id":"bkpccpma4vgthq3","previousOperationId":"fq20cirf42coxiq"}
{"type":"log","timestamp":1708044316611,"level":"debug","message":"Inline data specified.","meta":{"rootId":"pzxdsw0o2hhpvcr","id":"pzxdsw0o2hhpvcr"},"id":"w18yeznrpnv5ovv","previousOperationId":"fq20cirf42coxiq"}
{"type":"log","timestamp":1708044316619,"level":"debug","message":"Executing script AveragePunctuation-script (beforeRender)","meta":{"rootId":"pzxdsw0o2hhpvcr","id":"pzxdsw0o2hhpvcr"},"id":"fvz7f4vbdpufuel","previousOperationId":"fq20cirf42coxiq"}
{"type":"operationStart","subtype":"scriptsBeforeRender","name":"scripts beforeRender","timestamp":1708044316650,"id":"2tzw0s92qrcmcdo","previousEventId":"ucgrli8v2bkfsk2","operationId":"e4kyqn1lzlmdtl7","previousOperationId":"fq20cirf42coxiq"}
{"type":"operationStart","subtype":"script","name":"scripts AveragePunctuation-script","previousOperationId":"e4kyqn1lzlmdtl7","timestamp":1708044316650,"id":"u4vtt9tt1o9mp2c","previousEventId":"2tzw0s92qrcmcdo","operationId":"5jcgd2a7gxdmh0g"}
{"type":"operationEnd","operationId":"5jcgd2a7gxdmh0g","timestamp":1708044316666,"id":"hpepqto1hfiewhu","previousEventId":"ucgrli8v2bkfsk2","previousOperationId":"fq20cirf42coxiq"}
{"type":"operationEnd","operationId":"e4kyqn1lzlmdtl7","timestamp":1708044316666,"id":"wme7hk9px7putdq","previousEventId":"hpepqto1hfiewhu","previousOperationId":"fq20cirf42coxiq"}
{"type":"log","timestamp":1708044316666,"level":"debug","message":"Base url not specified, skipping its injection.","meta":{"rootId":"pzxdsw0o2hhpvcr","id":"pzxdsw0o2hhpvcr"},"id":"x2rl2iepquljc7g","previousOperationId":"e4kyqn1lzlmdtl7"}
{"type":"operationStart","subtype":"engine","name":"handlebars","timestamp":1708044316666,"id":"7a0av6q3htovojm","previousEventId":"wme7hk9px7putdq","operationId":"1j1ika8lj48osvf","previousOperationId":"e4kyqn1lzlmdtl7"}
{"type":"log","timestamp":1708044316666,"level":"debug","message":"Rendering engine handlebars","meta":{"rootId":"pzxdsw0o2hhpvcr","id":"pzxdsw0o2hhpvcr"},"id":"7dmjo4dyyqfrhe0","previousOperationId":"1j1ika8lj48osvf"}
{"type":"operationEnd","operationId":"1j1ika8lj48osvf","timestamp":1708044316678,"id":"7on8phm32kcorn4","previousEventId":"7a0av6q3htovojm","previousOperationId":"1j1ika8lj48osvf"}
{"type":"operationStart","subtype":"recipe","name":"chrome-pdf","timestamp":1708044316678,"id":"w79zuodwk7cv9zd","previousEventId":"7on8phm32kcorn4","operationId":"qh35wptwwiob03t","previousOperationId":"1j1ika8lj48osvf"}
{"type":"log","timestamp":1708044316678,"level":"debug","message":"Executing recipe chrome-pdf","meta":{"rootId":"pzxdsw0o2hhpvcr","id":"pzxdsw0o2hhpvcr"},"id":"b4pd7dkeens3zj8","previousOperationId":"qh35wptwwiob03t"}
{"type":"log","timestamp":1708044316681,"level":"debug","message":"Converting with chrome HeadlessChrome/117.0.5938.149 using chrome-pool strategy","meta":{"rootId":"pzxdsw0o2hhpvcr","id":"pzxdsw0o2hhpvcr"},"id":"s8ixlk47wzhbxz4","previousOperationId":"qh35wptwwiob03t"}
{"type":"log","timestamp":1708044316775,"level":"debug","message":"Page request: GET (document) file:///C:/Users/Javier/AppData/Local/Temp/jsreport/autocleanup/4150113d-77ef-4fb2-abce-e87d931f4e9b-chrome-pdf.html","meta":{"rootId":"pzxdsw0o2hhpvcr","id":"pzxdsw0o2hhpvcr"},"id":"06311mddj688jqh","previousOperationId":"qh35wptwwiob03t"}
{"type":"log","timestamp":1708044316785,"level":"debug","message":"Page request: GET (stylesheet) https://cdnjs.cloudflare.com/ajax/libs/metro/4.1.5/css/metro.min.css","meta":{"rootId":"pzxdsw0o2hhpvcr","id":"pzxdsw0o2hhpvcr"},"id":"mloqk2txp9jrgfx","previousOperationId":"qh35wptwwiob03t"}
{"type":"log","timestamp":1708044316785,"level":"debug","message":"Page request: GET (script) https://cdnjs.cloudflare.com/ajax/libs/Chart.js/2.7.2/Chart.min.js","meta":{"rootId":"pzxdsw0o2hhpvcr","id":"pzxdsw0o2hhpvcr"},"id":"pfwzwxxh3ohhqvu","previousOperationId":"qh35wptwwiob03t"}
{"type":"log","timestamp":1708044316785,"level":"debug","message":"Page request finished: GET (document) 200 file:///C:/Users/Javier/AppData/Local/Temp/jsreport/autocleanup/4150113d-77ef-4fb2-abce-e87d931f4e9b-chrome-pdf.html","meta":{"rootId":"pzxdsw0o2hhpvcr","id":"pzxdsw0o2hhpvcr"},"id":"gu2zcl7d6lslfz0","previousOperationId":"qh35wptwwiob03t"}
{"type":"log","timestamp":1708044316791,"level":"debug","message":"Page request finished: GET (script) 200 https://cdnjs.cloudflare.com/ajax/libs/Chart.js/2.7.2/Chart.min.js","meta":{"rootId":"pzxdsw0o2hhpvcr","id":"pzxdsw0o2hhpvcr"},"id":"55280u1u89vmbot","previousOperationId":"qh35wptwwiob03t"}
{"type":"log","timestamp":1708044316803,"level":"debug","message":"Page request finished: GET (stylesheet) 200 https://cdnjs.cloudflare.com/ajax/libs/metro/4.1.5/css/metro.min.css","meta":{"rootId":"pzxdsw0o2hhpvcr","id":"pzxdsw0o2hhpvcr"},"id":"aissv3inj94ifg9","previousOperationId":"qh35wptwwiob03t"}
{"type":"log","timestamp":1708044316866,"level":"debug","message":"Running chrome with params {\"printBackground\":true,\"timeout\":59897,\"margin\":{}}","meta":{"rootId":"pzxdsw0o2hhpvcr","id":"pzxdsw0o2hhpvcr"},"id":"ncrqlq0bkcavq76","previousOperationId":"qh35wptwwiob03t"}
{"type":"operationEnd","operationId":"qh35wptwwiob03t","timestamp":1708044316973,"id":"s778nc2nsxezt3o","previousEventId":"w79zuodwk7cv9zd","previousOperationId":"qh35wptwwiob03t"}
{"type":"log","timestamp":1708044316973,"level":"debug","message":"Skipping storing report.","meta":{"rootId":"pzxdsw0o2hhpvcr","id":"pzxdsw0o2hhpvcr"},"id":"xjoe7mzw91tgvzs","previousOperationId":"qh35wptwwiob03t"}
{"type":"log","timestamp":1708044316973,"level":"info","message":"Rendering request 24 finished in 396 ms","meta":{"rootId":"pzxdsw0o2hhpvcr","id":"pzxdsw0o2hhpvcr"},"id":"4n70758cahed1ky","previousOperationId":"qh35wptwwiob03t"}
{"type":"operationEnd","subtype":"render","operationId":"fq20cirf42coxiq","timestamp":1708044316973,"id":"4kawswax3xtw8p8","previousEventId":"s778nc2nsxezt3o","previousOperationId":"qh35wptwwiob03t"}
{"type":"operationEnd","doDiffs":false,"previousEventId":"kx1g5p7y3gf4eab","previousOperationId":"8ow6pt2my58fp30","operationId":"8ow6pt2my58fp30","timestamp":1708044316976,"id":"h5sfmp3oi245j0u"}
