{"type":"operationStart","subtype":"profile","data":{"_id":"8By8ALX7OCb7Hcaw","timestamp":"2024-02-16T00:52:30.101Z","state":"queued","mode":"standard","creationDate":"2024-02-16T00:52:30.106Z","modificationDate":"2024-02-16T00:52:30.106Z","shortid":"_kj7Kcw","$entitySet":"profiles"},"doDiffs":false,"timestamp":1708044750104,"id":"9sbli28x7xggflw","previousOperationId":null,"operationId":"xlvoi1o7tn9k7b4"}
{"type":"log","level":"info","message":"Render request 27 queued for execution and waiting for available worker","previousOperationId":"xlvoi1o7tn9k7b4","timestamp":1708044750105,"id":"3wcgpdfo82acobb"}
{"type":"operationStart","subtype":"render","name":"AveragePunctuation","previousOperationId":"xlvoi1o7tn9k7b4","timestamp":1708044750140,"id":"7d3olsju3o8av7q","previousEventId":"9sbli28x7xggflw","operationId":"3rerwiwizqazanj"}
{"type":"log","timestamp":1708044750140,"level":"info","message":"Starting rendering request 27","meta":{"rootId":"qzz17gih9l3d6eb","id":"qzz17gih9l3d6eb"},"id":"db9v9k7rewweq4s","previousOperationId":"3rerwiwizqazanj"}
{"type":"log","timestamp":1708044750140,"level":"info","message":"Rendering template { name: AveragePunctuation, recipe: chrome-pdf, engine: handlebars, preview: false }","meta":{"rootId":"qzz17gih9l3d6eb","id":"qzz17gih9l3d6eb"},"id":"72344hv3vuw9g0y","previousOperationId":"3rerwiwizqazanj"}
{"type":"log","timestamp":1708044750145,"level":"debug","message":"Inline data specified.","meta":{"rootId":"qzz17gih9l3d6eb","id":"qzz17gih9l3d6eb"},"id":"3tqbfln83xq0pyp","previousOperationId":"3rerwiwizqazanj"}
{"type":"log","timestamp":1708044750154,"level":"debug","message":"Executing script AveragePunctuation-script (beforeRender)","meta":{"rootId":"qzz17gih9l3d6eb","id":"qzz17gih9l3d6eb"},"id":"3m11x3kouwpqztl","previousOperationId":"3rerwiwizqazanj"}
{"type":"operationStart","subtype":"scriptsBeforeRender","name":"scripts beforeRender","timestamp":1708044750207,"id":"l6u7imrl6u0s3jj","previousEventId":"7d3olsju3o8av7q","operationId":"nmjjuy4nh5i7p7s","previousOperationId":"3rerwiwizqazanj"}
{"type":"operationStart","subtype":"script","name":"scripts AveragePunctuation-script","previousOperationId":"nmjjuy4nh5i7p7s","timestamp":1708044750207,"id":"bzfevnj24dat0l2","previousEventId":"l6u7imrl6u0s3jj","operationId":"62acc4gkr205hxv"}
{"type":"operationEnd","operationId":"62acc4gkr205hxv","timestamp":1708044750246,"id":"80quzj4pgzh601d","previousEventId":"7d3olsju3o8av7q","previousOperationId":"3rerwiwizqazanj"}
{"type":"operationEnd","operationId":"nmjjuy4nh5i7p7s","timestamp":1708044750247,"id":"eh0qhhhtarw71p0","previousEventId":"80quzj4pgzh601d","previousOperationId":"3rerwiwizqazanj"}
{"type":"log","timestamp":1708044750247,"level":"debug","message":"Base url not specified, skipping its injection.","meta":{"rootId":"qzz17gih9l3d6eb","id":"qzz17gih9l3d6eb"},"id":"gsw5w91tbzdz03p","previousOperationId":"nmjjuy4nh5i7p7s"}
{"type":"operationStart","subtype":"engine","name":"handlebars","timestamp":1708044750247,"id":"rogqmrfx6byrbey","previousEventId":"eh0qhhhtarw71p0","operationId":"gp15jbnfmjcd22r","previousOperationId":"nmjjuy4nh5i7p7s"}
{"type":"log","timestamp":1708044750247,"level":"debug","message":"Rendering engine handlebars","meta":{"rootId":"qzz17gih9l3d6eb","id":"qzz17gih9l3d6eb"},"id":"at65v7gbw1vzvjl","previousOperationId":"gp15jbnfmjcd22r"}
{"type":"operationEnd","operationId":"gp15jbnfmjcd22r","timestamp":1708044750266,"id":"v7ohxy1hr5fi4fr","previousEventId":"rogqmrfx6byrbey","previousOperationId":"gp15jbnfmjcd22r"}
{"type":"operationStart","subtype":"recipe","name":"chrome-pdf","timestamp":1708044750266,"id":"1ks0dhcavcxvay3","previousEventId":"v7ohxy1hr5fi4fr","operationId":"ech4z25m1zasoas","previousOperationId":"gp15jbnfmjcd22r"}
{"type":"log","timestamp":1708044750266,"level":"debug","message":"Executing recipe chrome-pdf","meta":{"rootId":"qzz17gih9l3d6eb","id":"qzz17gih9l3d6eb"},"id":"jnqwfox7mb36iym","previousOperationId":"ech4z25m1zasoas"}
{"type":"log","timestamp":1708044750271,"level":"debug","message":"Converting with chrome HeadlessChrome/117.0.5938.149 using chrome-pool strategy","meta":{"rootId":"qzz17gih9l3d6eb","id":"qzz17gih9l3d6eb"},"id":"pquv8k8s2xursro","previousOperationId":"ech4z25m1zasoas"}
{"type":"log","timestamp":1708044750442,"level":"debug","message":"Page request: GET (document) file:///C:/Users/Javier/AppData/Local/Temp/jsreport/autocleanup/b612c902-79c9-409c-991c-1cf60009530c-chrome-pdf.html","meta":{"rootId":"qzz17gih9l3d6eb","id":"qzz17gih9l3d6eb"},"id":"7zevy1z3wdb6ike","previousOperationId":"ech4z25m1zasoas"}
{"type":"log","timestamp":1708044750460,"level":"debug","message":"Page request: GET (stylesheet) https://cdnjs.cloudflare.com/ajax/libs/metro/4.1.5/css/metro.min.css","meta":{"rootId":"qzz17gih9l3d6eb","id":"qzz17gih9l3d6eb"},"id":"napeytqutundst1","previousOperationId":"ech4z25m1zasoas"}
{"type":"log","timestamp":1708044750461,"level":"debug","message":"Page request: GET (script) https://cdnjs.cloudflare.com/ajax/libs/Chart.js/2.7.2/Chart.min.js","meta":{"rootId":"qzz17gih9l3d6eb","id":"qzz17gih9l3d6eb"},"id":"tbbv42bxzyp9wcs","previousOperationId":"ech4z25m1zasoas"}
{"type":"log","timestamp":1708044750462,"level":"debug","message":"Page request finished: GET (document) 200 file:///C:/Users/Javier/AppData/Local/Temp/jsreport/autocleanup/b612c902-79c9-409c-991c-1cf60009530c-chrome-pdf.html","meta":{"rootId":"qzz17gih9l3d6eb","id":"qzz17gih9l3d6eb"},"id":"6ixeijde8nkka2s","previousOperationId":"ech4z25m1zasoas"}
{"type":"log","timestamp":1708044750473,"level":"debug","message":"Page request finished: GET (script) 200 https://cdnjs.cloudflare.com/ajax/libs/Chart.js/2.7.2/Chart.min.js","meta":{"rootId":"qzz17gih9l3d6eb","id":"qzz17gih9l3d6eb"},"id":"6if3yy68n11apii","previousOperationId":"ech4z25m1zasoas"}
{"type":"log","timestamp":1708044750499,"level":"debug","message":"Page request finished: GET (stylesheet) 200 https://cdnjs.cloudflare.com/ajax/libs/metro/4.1.5/css/metro.min.css","meta":{"rootId":"qzz17gih9l3d6eb","id":"qzz17gih9l3d6eb"},"id":"kcuy5skpzzkayhf","previousOperationId":"ech4z25m1zasoas"}
{"type":"log","timestamp":1708044750639,"level":"debug","message":"Running chrome with params {\"printBackground\":true,\"timeout\":59831,\"margin\":{}}","meta":{"rootId":"qzz17gih9l3d6eb","id":"qzz17gih9l3d6eb"},"id":"vmz5m9eb4m0kust","previousOperationId":"ech4z25m1zasoas"}
{"type":"operationEnd","operationId":"ech4z25m1zasoas","timestamp":1708044750788,"id":"q6qilj5wstfw5vs","previousEventId":"1ks0dhcavcxvay3","previousOperationId":"ech4z25m1zasoas"}
{"type":"log","timestamp":1708044750788,"level":"debug","message":"Skipping storing report.","meta":{"rootId":"qzz17gih9l3d6eb","id":"qzz17gih9l3d6eb"},"id":"g6085fpmy2yvaou","previousOperationId":"ech4z25m1zasoas"}
{"type":"log","timestamp":1708044750788,"level":"info","message":"Rendering request 27 finished in 688 ms","meta":{"rootId":"qzz17gih9l3d6eb","id":"qzz17gih9l3d6eb"},"id":"u906ih6xvvbz7v5","previousOperationId":"ech4z25m1zasoas"}
{"type":"operationEnd","subtype":"render","operationId":"3rerwiwizqazanj","timestamp":1708044750788,"id":"7skllcio8yalym5","previousEventId":"q6qilj5wstfw5vs","previousOperationId":"ech4z25m1zasoas"}
{"type":"operationEnd","doDiffs":false,"previousEventId":"9sbli28x7xggflw","previousOperationId":"xlvoi1o7tn9k7b4","operationId":"xlvoi1o7tn9k7b4","timestamp":1708044750790,"id":"5fiw7240bio06xn"}
