{"type":"operationStart","subtype":"profile","data":{"_id":"AhAOW2W2zxDZiPXC","timestamp":"2024-02-16T00:42:27.456Z","state":"queued","mode":"standard","creationDate":"2024-02-16T00:42:27.458Z","modificationDate":"2024-02-16T00:42:27.458Z","shortid":"cwm1KQO","$entitySet":"profiles"},"doDiffs":false,"timestamp":1708044147457,"id":"063util3xfvuh9h","previousOperationId":null,"operationId":"ljast2ycbylwj68"}
{"type":"log","level":"info","message":"Render request 20 queued for execution and waiting for available worker","previousOperationId":"ljast2ycbylwj68","timestamp":1708044147457,"id":"t0tjqy5y69p7d3b"}
{"type":"operationStart","subtype":"render","name":"AveragePunctuation","previousOperationId":"ljast2ycbylwj68","timestamp":1708044147466,"id":"zcc7qsjnsaxfd8d","previousEventId":"063util3xfvuh9h","operationId":"zz7s91zq15g6ogf"}
{"type":"log","timestamp":1708044147466,"level":"info","message":"Starting rendering request 20","meta":{"rootId":"ra2rqc6xlzi05iv","id":"ra2rqc6xlzi05iv"},"id":"iwfhs13uauuhqfx","previousOperationId":"zz7s91zq15g6ogf"}
{"type":"log","timestamp":1708044147466,"level":"info","message":"Rendering template { name: AveragePunctuation, recipe: chrome-pdf, engine: handlebars, preview: true }","meta":{"rootId":"ra2rqc6xlzi05iv","id":"ra2rqc6xlzi05iv"},"id":"fou30h2pe0k0k93","previousOperationId":"zz7s91zq15g6ogf"}
{"type":"log","timestamp":1708044147466,"level":"debug","message":"Data item not defined for this template.","meta":{"rootId":"ra2rqc6xlzi05iv","id":"ra2rqc6xlzi05iv"},"id":"w98ch6b1ljvdkwj","previousOperationId":"zz7s91zq15g6ogf"}
{"type":"log","timestamp":1708044147468,"level":"debug","message":"Executing script AveragePunctuation-script (beforeRender)","meta":{"rootId":"ra2rqc6xlzi05iv","id":"ra2rqc6xlzi05iv"},"id":"ihcz7av71op44n2","previousOperationId":"zz7s91zq15g6ogf"}
{"type":"operationStart","subtype":"scriptsBeforeRender","name":"scripts beforeRender","timestamp":1708044147483,"id":"nh05rqx8qh4qaez","previousEventId":"zcc7qsjnsaxfd8d","operationId":"ebz780fgq8mve1q","previousOperationId":"zz7s91zq15g6ogf"}
{"type":"operationStart","subtype":"script","name":"scripts AveragePunctuation-script","previousOperationId":"ebz780fgq8mve1q","timestamp":1708044147483,"id":"alvq5cl4wuqyqpv","previousEventId":"nh05rqx8qh4qaez","operationId":"4gthk2uzlke708g"}
{"type":"operationEnd","operationId":"4gthk2uzlke708g","timestamp":1708044147499,"id":"l0d7zrhbp61eaeo","previousEventId":"zcc7qsjnsaxfd8d","previousOperationId":"zz7s91zq15g6ogf"}
{"type":"operationEnd","operationId":"ebz780fgq8mve1q","timestamp":1708044147499,"id":"egl8j9jrxm92q84","previousEventId":"l0d7zrhbp61eaeo","previousOperationId":"zz7s91zq15g6ogf"}
{"type":"log","timestamp":1708044147499,"level":"debug","message":"Base url not specified, skipping its injection.","meta":{"rootId":"ra2rqc6xlzi05iv","id":"ra2rqc6xlzi05iv"},"id":"a4qojjqvebs53fu","previousOperationId":"ebz780fgq8mve1q"}
{"type":"operationStart","subtype":"engine","name":"handlebars","timestamp":1708044147499,"id":"31vdaa4unapxx0d","previousEventId":"egl8j9jrxm92q84","operationId":"6p637nmlrzsk90v","previousOperationId":"ebz780fgq8mve1q"}
{"type":"log","timestamp":1708044147499,"level":"debug","message":"Rendering engine handlebars","meta":{"rootId":"ra2rqc6xlzi05iv","id":"ra2rqc6xlzi05iv"},"id":"ygs1k3qmyni1epn","previousOperationId":"6p637nmlrzsk90v"}
{"type":"operationEnd","operationId":"6p637nmlrzsk90v","timestamp":1708044147513,"id":"ttfog5gi02l99ny","previousEventId":"31vdaa4unapxx0d","previousOperationId":"6p637nmlrzsk90v"}
{"type":"operationStart","subtype":"recipe","name":"chrome-pdf","timestamp":1708044147513,"id":"yu6iakzcehnmkic","previousEventId":"ttfog5gi02l99ny","operationId":"fwjumpqgsui9yga","previousOperationId":"6p637nmlrzsk90v"}
{"type":"log","timestamp":1708044147513,"level":"debug","message":"Executing recipe chrome-pdf","meta":{"rootId":"ra2rqc6xlzi05iv","id":"ra2rqc6xlzi05iv"},"id":"x0t6nbciu1b4d4g","previousOperationId":"fwjumpqgsui9yga"}
{"type":"log","timestamp":1708044147519,"level":"debug","message":"Converting with chrome HeadlessChrome/117.0.5938.149 using chrome-pool strategy","meta":{"rootId":"ra2rqc6xlzi05iv","id":"ra2rqc6xlzi05iv"},"id":"9juz9hujhylx2tp","previousOperationId":"fwjumpqgsui9yga"}
{"type":"log","timestamp":1708044147603,"level":"debug","message":"Page request: GET (document) file:///C:/Users/Javier/AppData/Local/Temp/jsreport/autocleanup/d88340d7-5e21-4a9f-bc21-d275a93af126-chrome-pdf.html","meta":{"rootId":"ra2rqc6xlzi05iv","id":"ra2rqc6xlzi05iv"},"id":"cw7a0r28qs7842e","previousOperationId":"fwjumpqgsui9yga"}
{"type":"log","timestamp":1708044147648,"level":"debug","message":"Page request: GET (stylesheet) https://cdnjs.cloudflare.com/ajax/libs/metro/4.1.5/css/metro.min.css","meta":{"rootId":"ra2rqc6xlzi05iv","id":"ra2rqc6xlzi05iv"},"id":"ehw14w0f3cuxfw6","previousOperationId":"fwjumpqgsui9yga"}
{"type":"log","timestamp":1708044147649,"level":"debug","message":"Page request: GET (script) https://cdnjs.cloudflare.com/ajax/libs/Chart.js/2.7.2/Chart.min.js","meta":{"rootId":"ra2rqc6xlzi05iv","id":"ra2rqc6xlzi05iv"},"id":"isfzxpkk9mfp552","previousOperationId":"fwjumpqgsui9yga"}
{"type":"log","timestamp":1708044147649,"level":"debug","message":"Page request finished: GET (document) 200 file:///C:/Users/Javier/AppData/Local/Temp/jsreport/autocleanup/d88340d7-5e21-4a9f-bc21-d275a93af126-chrome-pdf.html","meta":{"rootId":"ra2rqc6xlzi05iv","id":"ra2rqc6xlzi05iv"},"id":"km43fd6ku2v9fae","previousOperationId":"fwjumpqgsui9yga"}
{"type":"log","timestamp":1708044147654,"level":"debug","message":"Page request finished: GET (script) 200 https://cdnjs.cloudflare.com/ajax/libs/Chart.js/2.7.2/Chart.min.js","meta":{"rootId":"ra2rqc6xlzi05iv","id":"ra2rqc6xlzi05iv"},"id":"dx369xgi2os5lkw","previousOperationId":"fwjumpqgsui9yga"}
{"type":"log","timestamp":1708044147666,"level":"debug","message":"Page request finished: GET (stylesheet) 200 https://cdnjs.cloudflare.com/ajax/libs/metro/4.1.5/css/metro.min.css","meta":{"rootId":"ra2rqc6xlzi05iv","id":"ra2rqc6xlzi05iv"},"id":"yb4vnrmr44dz4eg","previousOperationId":"fwjumpqgsui9yga"}
{"type":"log","timestamp":1708044147730,"level":"debug","message":"Running chrome with params {\"printBackground\":true,\"timeout\":59941,\"margin\":{}}","meta":{"rootId":"ra2rqc6xlzi05iv","id":"ra2rqc6xlzi05iv"},"id":"gd5l804h03zd242","previousOperationId":"fwjumpqgsui9yga"}
{"type":"operationEnd","operationId":"fwjumpqgsui9yga","timestamp":1708044147834,"id":"h1s8yw3ou7e345z","previousEventId":"yu6iakzcehnmkic","previousOperationId":"fwjumpqgsui9yga"}
{"type":"log","timestamp":1708044147834,"level":"debug","message":"Skipping storing report.","meta":{"rootId":"ra2rqc6xlzi05iv","id":"ra2rqc6xlzi05iv"},"id":"wgn653iz2pq9i02","previousOperationId":"fwjumpqgsui9yga"}
{"type":"log","timestamp":1708044147834,"level":"info","message":"Rendering request 20 finished in 378 ms","meta":{"rootId":"ra2rqc6xlzi05iv","id":"ra2rqc6xlzi05iv"},"id":"zrji1j8nl8cpimc","previousOperationId":"fwjumpqgsui9yga"}
{"type":"operationEnd","subtype":"render","operationId":"zz7s91zq15g6ogf","timestamp":1708044147834,"id":"vgtskz1a1ap8cag","previousEventId":"h1s8yw3ou7e345z","previousOperationId":"fwjumpqgsui9yga"}
{"type":"operationEnd","doDiffs":false,"previousEventId":"063util3xfvuh9h","previousOperationId":"ljast2ycbylwj68","operationId":"ljast2ycbylwj68","timestamp":1708044147837,"id":"xbgx888jny1tyts"}
