{"type":"operationStart","subtype":"profile","data":{"_id":"QIf6nWsFAUKuFHpS","timestamp":"2024-02-16T00:41:26.154Z","state":"queued","mode":"standard","creationDate":"2024-02-16T00:41:26.160Z","modificationDate":"2024-02-16T00:41:26.160Z","shortid":"AIki9NU","$entitySet":"profiles"},"doDiffs":false,"timestamp":1708044086157,"id":"oecg72fwz8hk6tb","previousOperationId":null,"operationId":"124bo97qjp0dd7a"}
{"type":"log","level":"info","message":"Render request 17 queued for execution and waiting for available worker","previousOperationId":"124bo97qjp0dd7a","timestamp":1708044086158,"id":"70rxtnam5j1k3ap"}
{"type":"operationStart","subtype":"render","name":"AveragePunctuation","previousOperationId":"124bo97qjp0dd7a","timestamp":1708044086190,"id":"8qi1l2cqtb59vm7","previousEventId":"oecg72fwz8hk6tb","operationId":"n9jkszssoo12cs5"}
{"type":"log","timestamp":1708044086190,"level":"info","message":"Starting rendering request 17","meta":{"rootId":"rj16ttc0khipfjh","id":"rj16ttc0khipfjh"},"id":"6fvpd8f638abncq","previousOperationId":"n9jkszssoo12cs5"}
{"type":"log","timestamp":1708044086191,"level":"info","message":"Rendering template { name: AveragePunctuation, recipe: chrome-pdf, engine: handlebars, preview: true }","meta":{"rootId":"rj16ttc0khipfjh","id":"rj16ttc0khipfjh"},"id":"lc2bj2wg7kfdy4l","previousOperationId":"n9jkszssoo12cs5"}
{"type":"log","timestamp":1708044086196,"level":"debug","message":"Data item not defined for this template.","meta":{"rootId":"rj16ttc0khipfjh","id":"rj16ttc0khipfjh"},"id":"vovxaqen26ww5gi","previousOperationId":"n9jkszssoo12cs5"}
{"type":"log","timestamp":1708044086223,"level":"debug","message":"Executing script AveragePunctuation-script (beforeRender)","meta":{"rootId":"rj16ttc0khipfjh","id":"rj16ttc0khipfjh"},"id":"7hphrpuxywzoby3","previousOperationId":"n9jkszssoo12cs5"}
{"type":"operationStart","subtype":"scriptsBeforeRender","name":"scripts beforeRender","timestamp":1708044086253,"id":"1356gcr8aqj8if5","previousEventId":"8qi1l2cqtb59vm7","operationId":"0rpkgax4397o52w","previousOperationId":"n9jkszssoo12cs5"}
{"type":"operationStart","subtype":"script","name":"scripts AveragePunctuation-script","previousOperationId":"0rpkgax4397o52w","timestamp":1708044086253,"id":"70gn18viazx0bfn","previousEventId":"1356gcr8aqj8if5","operationId":"w1fc7x257a1po3w"}
{"type":"operationEnd","operationId":"w1fc7x257a1po3w","timestamp":1708044086285,"id":"61zcebtnyt72rwm","previousEventId":"8qi1l2cqtb59vm7","previousOperationId":"n9jkszssoo12cs5"}
{"type":"operationEnd","operationId":"0rpkgax4397o52w","timestamp":1708044086285,"id":"9pkbno2brggayl2","previousEventId":"61zcebtnyt72rwm","previousOperationId":"n9jkszssoo12cs5"}
{"type":"log","timestamp":1708044086285,"level":"debug","message":"Base url not specified, skipping its injection.","meta":{"rootId":"rj16ttc0khipfjh","id":"rj16ttc0khipfjh"},"id":"a5h3a885ks305vm","previousOperationId":"0rpkgax4397o52w"}
{"type":"operationStart","subtype":"engine","name":"handlebars","timestamp":1708044086286,"id":"63euenqp1q24rlm","previousEventId":"9pkbno2brggayl2","operationId":"cn7o0s3vfe3ma71","previousOperationId":"0rpkgax4397o52w"}
{"type":"log","timestamp":1708044086286,"level":"debug","message":"Rendering engine handlebars","meta":{"rootId":"rj16ttc0khipfjh","id":"rj16ttc0khipfjh"},"id":"7i7w6jznjbkvtca","previousOperationId":"cn7o0s3vfe3ma71"}
{"type":"operationEnd","operationId":"cn7o0s3vfe3ma71","timestamp":1708044086322,"id":"9eo51krx0duy6mv","previousEventId":"63euenqp1q24rlm","previousOperationId":"cn7o0s3vfe3ma71"}
{"type":"operationStart","subtype":"recipe","name":"chrome-pdf","timestamp":1708044086323,"id":"8h45ra3eo2f77g4","previousEventId":"9eo51krx0duy6mv","operationId":"t5p0e4yq8whq3e8","previousOperationId":"cn7o0s3vfe3ma71"}
{"type":"log","timestamp":1708044086323,"level":"debug","message":"Executing recipe chrome-pdf","meta":{"rootId":"rj16ttc0khipfjh","id":"rj16ttc0khipfjh"},"id":"2yc4i348c3fm47j","previousOperationId":"t5p0e4yq8whq3e8"}
{"type":"log","timestamp":1708044086326,"level":"debug","message":"Converting with chrome HeadlessChrome/117.0.5938.149 using chrome-pool strategy","meta":{"rootId":"rj16ttc0khipfjh","id":"rj16ttc0khipfjh"},"id":"9ubjamczref8o8d","previousOperationId":"t5p0e4yq8whq3e8"}
{"type":"log","timestamp":1708044086437,"level":"debug","message":"Page request: GET (document) file:///C:/Users/Javier/AppData/Local/Temp/jsreport/autocleanup/af391c8a-0da5-4ba0-93bd-7fa45298417e-chrome-pdf.html","meta":{"rootId":"rj16ttc0khipfjh","id":"rj16ttc0khipfjh"},"id":"eopat6ntdvessdf","previousOperationId":"t5p0e4yq8whq3e8"}
{"type":"log","timestamp":1708044086483,"level":"debug","message":"Page request: GET (stylesheet) https://cdnjs.cloudflare.com/ajax/libs/metro/4.1.5/css/metro.min.css","meta":{"rootId":"rj16ttc0khipfjh","id":"rj16ttc0khipfjh"},"id":"s59esjy5eaiv4ss","previousOperationId":"t5p0e4yq8whq3e8"}
{"type":"log","timestamp":1708044086483,"level":"debug","message":"Page request: GET (script) https://cdnjs.cloudflare.com/ajax/libs/Chart.js/2.7.2/Chart.min.js","meta":{"rootId":"rj16ttc0khipfjh","id":"rj16ttc0khipfjh"},"id":"a1p1yj8856ik616","previousOperationId":"t5p0e4yq8whq3e8"}
{"type":"log","timestamp":1708044086484,"level":"debug","message":"Page request finished: GET (document) 200 file:///C:/Users/Javier/AppData/Local/Temp/jsreport/autocleanup/af391c8a-0da5-4ba0-93bd-7fa45298417e-chrome-pdf.html","meta":{"rootId":"rj16ttc0khipfjh","id":"rj16ttc0khipfjh"},"id":"o057y008szjlup6","previousOperationId":"t5p0e4yq8whq3e8"}
{"type":"log","timestamp":1708044086488,"level":"debug","message":"Page request finished: GET (script) 200 https://cdnjs.cloudflare.com/ajax/libs/Chart.js/2.7.2/Chart.min.js","meta":{"rootId":"rj16ttc0khipfjh","id":"rj16ttc0khipfjh"},"id":"4subnbow8vfqvxc","previousOperationId":"t5p0e4yq8whq3e8"}
{"type":"log","timestamp":1708044086498,"level":"debug","message":"Page request finished: GET (stylesheet) 200 https://cdnjs.cloudflare.com/ajax/libs/metro/4.1.5/css/metro.min.css","meta":{"rootId":"rj16ttc0khipfjh","id":"rj16ttc0khipfjh"},"id":"aetih1uavxjwauo","previousOperationId":"t5p0e4yq8whq3e8"}
{"type":"log","timestamp":1708044086548,"level":"debug","message":"Running chrome with params {\"printBackground\":true,\"timeout\":59829,\"margin\":{}}","meta":{"rootId":"rj16ttc0khipfjh","id":"rj16ttc0khipfjh"},"id":"c2xv3lehfgz007c","previousOperationId":"t5p0e4yq8whq3e8"}
{"type":"operationEnd","operationId":"t5p0e4yq8whq3e8","timestamp":1708044086632,"id":"db1hhuri66ifcbq","previousEventId":"8h45ra3eo2f77g4","previousOperationId":"t5p0e4yq8whq3e8"}
{"type":"log","timestamp":1708044086632,"level":"debug","message":"Skipping storing report.","meta":{"rootId":"rj16ttc0khipfjh","id":"rj16ttc0khipfjh"},"id":"4ih469w0kggq67l","previousOperationId":"t5p0e4yq8whq3e8"}
{"type":"log","timestamp":1708044086632,"level":"info","message":"Rendering request 17 finished in 478 ms","meta":{"rootId":"rj16ttc0khipfjh","id":"rj16ttc0khipfjh"},"id":"fu32yzxksp9kl2v","previousOperationId":"t5p0e4yq8whq3e8"}
{"type":"operationEnd","subtype":"render","operationId":"n9jkszssoo12cs5","timestamp":1708044086632,"id":"07mfmyzminydj1c","previousEventId":"db1hhuri66ifcbq","previousOperationId":"t5p0e4yq8whq3e8"}
{"type":"operationEnd","doDiffs":false,"previousEventId":"oecg72fwz8hk6tb","previousOperationId":"124bo97qjp0dd7a","operationId":"124bo97qjp0dd7a","timestamp":1708044086635,"id":"hqnm6mx5h525az9"}
