{"type":"operationStart","subtype":"profile","data":{"_id":"u8fjIBTG3u7AvsZE","timestamp":"2024-02-16T00:41:47.745Z","state":"queued","mode":"standard","creationDate":"2024-02-16T00:41:47.752Z","modificationDate":"2024-02-16T00:41:47.752Z","shortid":"QAfxSNH","$entitySet":"profiles"},"doDiffs":false,"timestamp":1708044107749,"id":"tfyl0oo70bikh1w","previousOperationId":null,"operationId":"otkk6v7oaonc716"}
{"type":"log","level":"info","message":"Render request 18 queued for execution and waiting for available worker","previousOperationId":"otkk6v7oaonc716","timestamp":1708044107750,"id":"gwoip1kq4owibxw"}
{"type":"operationStart","subtype":"render","name":"AveragePunctuation","previousOperationId":"otkk6v7oaonc716","timestamp":1708044107784,"id":"ofbekd3geaqhcun","previousEventId":"tfyl0oo70bikh1w","operationId":"7a8cypn2ekvu3py"}
{"type":"log","timestamp":1708044107785,"level":"info","message":"Starting rendering request 18","meta":{"rootId":"rqw0tlygn5z5psi","id":"rqw0tlygn5z5psi"},"id":"3c3n9quhcnc3naj","previousOperationId":"7a8cypn2ekvu3py"}
{"type":"log","timestamp":1708044107785,"level":"info","message":"Rendering template { name: AveragePunctuation, recipe: chrome-pdf, engine: handlebars, preview: true }","meta":{"rootId":"rqw0tlygn5z5psi","id":"rqw0tlygn5z5psi"},"id":"uljjdav2mec8q0n","previousOperationId":"7a8cypn2ekvu3py"}
{"type":"log","timestamp":1708044107789,"level":"debug","message":"Data item not defined for this template.","meta":{"rootId":"rqw0tlygn5z5psi","id":"rqw0tlygn5z5psi"},"id":"sl0gqdcf6wdfufx","previousOperationId":"7a8cypn2ekvu3py"}
{"type":"log","timestamp":1708044107797,"level":"debug","message":"Executing script AveragePunctuation-script (beforeRender)","meta":{"rootId":"rqw0tlygn5z5psi","id":"rqw0tlygn5z5psi"},"id":"yf9gh1lqct4byqp","previousOperationId":"7a8cypn2ekvu3py"}
{"type":"operationStart","subtype":"scriptsBeforeRender","name":"scripts beforeRender","timestamp":1708044107820,"id":"1em0c5u1l5cv0jz","previousEventId":"ofbekd3geaqhcun","operationId":"gktp58qmka1fmom","previousOperationId":"7a8cypn2ekvu3py"}
{"type":"operationStart","subtype":"script","name":"scripts AveragePunctuation-script","previousOperationId":"gktp58qmka1fmom","timestamp":1708044107820,"id":"lftotyfvbplni1w","previousEventId":"1em0c5u1l5cv0jz","operationId":"9fcdh00qkx5i2zl"}
{"type":"operationEnd","operationId":"9fcdh00qkx5i2zl","timestamp":1708044107837,"id":"qqrn7khwhlez2in","previousEventId":"ofbekd3geaqhcun","previousOperationId":"7a8cypn2ekvu3py"}
{"type":"operationEnd","operationId":"gktp58qmka1fmom","timestamp":1708044107837,"id":"n08w0ptblmpu22j","previousEventId":"qqrn7khwhlez2in","previousOperationId":"7a8cypn2ekvu3py"}
{"type":"log","timestamp":1708044107837,"level":"debug","message":"Base url not specified, skipping its injection.","meta":{"rootId":"rqw0tlygn5z5psi","id":"rqw0tlygn5z5psi"},"id":"3k33p2yl2ddanc7","previousOperationId":"gktp58qmka1fmom"}
{"type":"operationStart","subtype":"engine","name":"handlebars","timestamp":1708044107837,"id":"22xconzzh3hdlp3","previousEventId":"n08w0ptblmpu22j","operationId":"vem6ktgrs4m4ch2","previousOperationId":"gktp58qmka1fmom"}
{"type":"log","timestamp":1708044107837,"level":"debug","message":"Rendering engine handlebars","meta":{"rootId":"rqw0tlygn5z5psi","id":"rqw0tlygn5z5psi"},"id":"29uwkf48yuchlds","previousOperationId":"vem6ktgrs4m4ch2"}
{"type":"operationEnd","operationId":"vem6ktgrs4m4ch2","timestamp":1708044107852,"id":"48s3r8rqouba3st","previousEventId":"22xconzzh3hdlp3","previousOperationId":"vem6ktgrs4m4ch2"}
{"type":"operationStart","subtype":"recipe","name":"chrome-pdf","timestamp":1708044107853,"id":"r7s09dflpz4xakb","previousEventId":"48s3r8rqouba3st","operationId":"6xunwy46gk8an8e","previousOperationId":"vem6ktgrs4m4ch2"}
{"type":"log","timestamp":1708044107853,"level":"debug","message":"Executing recipe chrome-pdf","meta":{"rootId":"rqw0tlygn5z5psi","id":"rqw0tlygn5z5psi"},"id":"5f887cj00p0rp9n","previousOperationId":"6xunwy46gk8an8e"}
{"type":"log","timestamp":1708044107856,"level":"debug","message":"Converting with chrome HeadlessChrome/117.0.5938.149 using chrome-pool strategy","meta":{"rootId":"rqw0tlygn5z5psi","id":"rqw0tlygn5z5psi"},"id":"0spx7aexp5tg5oj","previousOperationId":"6xunwy46gk8an8e"}
{"type":"log","timestamp":1708044107940,"level":"debug","message":"Page request: GET (document) file:///C:/Users/Javier/AppData/Local/Temp/jsreport/autocleanup/37010249-ee8f-4c90-bb16-aa38d397122a-chrome-pdf.html","meta":{"rootId":"rqw0tlygn5z5psi","id":"rqw0tlygn5z5psi"},"id":"fkftv8qmazqqejh","previousOperationId":"6xunwy46gk8an8e"}
{"type":"log","timestamp":1708044107984,"level":"debug","message":"Page request: GET (stylesheet) https://cdnjs.cloudflare.com/ajax/libs/metro/4.1.5/css/metro.min.css","meta":{"rootId":"rqw0tlygn5z5psi","id":"rqw0tlygn5z5psi"},"id":"4t9sv0r9d3fuizo","previousOperationId":"6xunwy46gk8an8e"}
{"type":"log","timestamp":1708044107985,"level":"debug","message":"Page request: GET (script) https://cdnjs.cloudflare.com/ajax/libs/Chart.js/2.7.2/Chart.min.js","meta":{"rootId":"rqw0tlygn5z5psi","id":"rqw0tlygn5z5psi"},"id":"qfmkml1y67wmmr7","previousOperationId":"6xunwy46gk8an8e"}
{"type":"log","timestamp":1708044107985,"level":"debug","message":"Page request finished: GET (document) 200 file:///C:/Users/Javier/AppData/Local/Temp/jsreport/autocleanup/37010249-ee8f-4c90-bb16-aa38d397122a-chrome-pdf.html","meta":{"rootId":"rqw0tlygn5z5psi","id":"rqw0tlygn5z5psi"},"id":"sbmogi4dh1n84g0","previousOperationId":"6xunwy46gk8an8e"}
{"type":"log","timestamp":1708044108000,"level":"debug","message":"Page request finished: GET (stylesheet) 200 https://cdnjs.cloudflare.com/ajax/libs/metro/4.1.5/css/metro.min.css","meta":{"rootId":"rqw0tlygn5z5psi","id":"rqw0tlygn5z5psi"},"id":"047yr025241whbk","previousOperationId":"6xunwy46gk8an8e"}
{"type":"log","timestamp":1708044108001,"level":"debug","message":"Page request finished: GET (script) 200 https://cdnjs.cloudflare.com/ajax/libs/Chart.js/2.7.2/Chart.min.js","meta":{"rootId":"rqw0tlygn5z5psi","id":"rqw0tlygn5z5psi"},"id":"kp5udjp26ptzf8j","previousOperationId":"6xunwy46gk8an8e"}
{"type":"log","timestamp":1708044108061,"level":"debug","message":"Running chrome with params {\"printBackground\":true,\"timeout\":59887,\"margin\":{}}","meta":{"rootId":"rqw0tlygn5z5psi","id":"rqw0tlygn5z5psi"},"id":"ime4zszvet4b9io","previousOperationId":"6xunwy46gk8an8e"}
{"type":"operationEnd","operationId":"6xunwy46gk8an8e","timestamp":1708044108145,"id":"mtj0pah6589afbj","previousEventId":"r7s09dflpz4xakb","previousOperationId":"6xunwy46gk8an8e"}
{"type":"log","timestamp":1708044108145,"level":"debug","message":"Skipping storing report.","meta":{"rootId":"rqw0tlygn5z5psi","id":"rqw0tlygn5z5psi"},"id":"rl84x77yzkt3ycr","previousOperationId":"6xunwy46gk8an8e"}
{"type":"log","timestamp":1708044108145,"level":"info","message":"Rendering request 18 finished in 403 ms","meta":{"rootId":"rqw0tlygn5z5psi","id":"rqw0tlygn5z5psi"},"id":"gd7iw433vqxzrv6","previousOperationId":"6xunwy46gk8an8e"}
{"type":"operationEnd","subtype":"render","operationId":"7a8cypn2ekvu3py","timestamp":1708044108145,"id":"etlbnwtwwupwj7o","previousEventId":"mtj0pah6589afbj","previousOperationId":"6xunwy46gk8an8e"}
{"type":"operationEnd","doDiffs":false,"previousEventId":"tfyl0oo70bikh1w","previousOperationId":"otkk6v7oaonc716","operationId":"otkk6v7oaonc716","timestamp":1708044108150,"id":"54vxbcri44na8lo"}
