{"type":"operationStart","subtype":"profile","data":{"_id":"nPd8yyAboMR8y3I0","timestamp":"2024-02-16T00:42:01.779Z","state":"queued","mode":"standard","creationDate":"2024-02-16T00:42:01.781Z","modificationDate":"2024-02-16T00:42:01.781Z","shortid":"8zJU14J","$entitySet":"profiles"},"doDiffs":false,"timestamp":1708044121780,"id":"pbxfcpmmdhsz6bo","previousOperationId":null,"operationId":"1jnq39968viwgtq"}
{"type":"log","level":"info","message":"Render request 19 queued for execution and waiting for available worker","previousOperationId":"1jnq39968viwgtq","timestamp":1708044121780,"id":"t1ron3xtsejdinu"}
{"type":"operationStart","subtype":"render","name":"AveragePunctuation","previousOperationId":"1jnq39968viwgtq","timestamp":1708044121788,"id":"us9foci1gzg19uy","previousEventId":"pbxfcpmmdhsz6bo","operationId":"6efbzxxhky1syny"}
{"type":"log","timestamp":1708044121788,"level":"info","message":"Starting rendering request 19","meta":{"rootId":"us3fyimdhdj1pat","id":"us3fyimdhdj1pat"},"id":"gg6wskk7811wufj","previousOperationId":"6efbzxxhky1syny"}
{"type":"log","timestamp":1708044121788,"level":"info","message":"Rendering template { name: AveragePunctuation, recipe: chrome-pdf, engine: handlebars, preview: true }","meta":{"rootId":"us3fyimdhdj1pat","id":"us3fyimdhdj1pat"},"id":"dypg98gf2mrds0n","previousOperationId":"6efbzxxhky1syny"}
{"type":"log","timestamp":1708044121789,"level":"debug","message":"Data item not defined for this template.","meta":{"rootId":"us3fyimdhdj1pat","id":"us3fyimdhdj1pat"},"id":"14eschpiora6iky","previousOperationId":"6efbzxxhky1syny"}
{"type":"log","timestamp":1708044121791,"level":"debug","message":"Executing script AveragePunctuation-script (beforeRender)","meta":{"rootId":"us3fyimdhdj1pat","id":"us3fyimdhdj1pat"},"id":"2bf1rze6sr6potm","previousOperationId":"6efbzxxhky1syny"}
{"type":"operationStart","subtype":"scriptsBeforeRender","name":"scripts beforeRender","timestamp":1708044121806,"id":"6o8zbmv3lucqrbu","previousEventId":"us9foci1gzg19uy","operationId":"y4pl8m8j7esx2uw","previousOperationId":"6efbzxxhky1syny"}
{"type":"operationStart","subtype":"script","name":"scripts AveragePunctuation-script","previousOperationId":"y4pl8m8j7esx2uw","timestamp":1708044121806,"id":"y0i7o7vup3kfdrj","previousEventId":"6o8zbmv3lucqrbu","operationId":"feelwtnm4o1f85h"}
{"type":"operationEnd","operationId":"feelwtnm4o1f85h","timestamp":1708044121827,"id":"2b128a57bbfwf1r","previousEventId":"us9foci1gzg19uy","previousOperationId":"6efbzxxhky1syny"}
{"type":"operationEnd","operationId":"y4pl8m8j7esx2uw","timestamp":1708044121827,"id":"ofu09cc1tuerfzf","previousEventId":"2b128a57bbfwf1r","previousOperationId":"6efbzxxhky1syny"}
{"type":"log","timestamp":1708044121827,"level":"debug","message":"Base url not specified, skipping its injection.","meta":{"rootId":"us3fyimdhdj1pat","id":"us3fyimdhdj1pat"},"id":"nyxs7uvfrk96wyj","previousOperationId":"y4pl8m8j7esx2uw"}
{"type":"operationStart","subtype":"engine","name":"handlebars","timestamp":1708044121827,"id":"3o0k8ekz31vkttd","previousEventId":"ofu09cc1tuerfzf","operationId":"r3tqmohfd12a953","previousOperationId":"y4pl8m8j7esx2uw"}
{"type":"log","timestamp":1708044121827,"level":"debug","message":"Rendering engine handlebars","meta":{"rootId":"us3fyimdhdj1pat","id":"us3fyimdhdj1pat"},"id":"rey6n1fnvc38za0","previousOperationId":"r3tqmohfd12a953"}
{"type":"operationEnd","operationId":"r3tqmohfd12a953","timestamp":1708044121848,"id":"4fp9zh2hy0bcm8f","previousEventId":"3o0k8ekz31vkttd","previousOperationId":"r3tqmohfd12a953"}
{"type":"operationStart","subtype":"recipe","name":"chrome-pdf","timestamp":1708044121849,"id":"j77e3h27j28xksd","previousEventId":"4fp9zh2hy0bcm8f","operationId":"lh97xny1ek8hm4z","previousOperationId":"r3tqmohfd12a953"}
{"type":"log","timestamp":1708044121849,"level":"debug","message":"Executing recipe chrome-pdf","meta":{"rootId":"us3fyimdhdj1pat","id":"us3fyimdhdj1pat"},"id":"nieidgbaz3rbsc3","previousOperationId":"lh97xny1ek8hm4z"}
{"type":"log","timestamp":1708044121852,"level":"debug","message":"Converting with chrome HeadlessChrome/117.0.5938.149 using chrome-pool strategy","meta":{"rootId":"us3fyimdhdj1pat","id":"us3fyimdhdj1pat"},"id":"kejpncoaj250lzj","previousOperationId":"lh97xny1ek8hm4z"}
{"type":"log","timestamp":1708044121949,"level":"debug","message":"Page request: GET (document) file:///C:/Users/Javier/AppData/Local/Temp/jsreport/autocleanup/a7e5a012-be1f-44e8-ba7d-bfc10a0f0951-chrome-pdf.html","meta":{"rootId":"us3fyimdhdj1pat","id":"us3fyimdhdj1pat"},"id":"wa7e9xuj88ugfme","previousOperationId":"lh97xny1ek8hm4z"}
{"type":"log","timestamp":1708044121992,"level":"debug","message":"Page request: GET (stylesheet) https://cdnjs.cloudflare.com/ajax/libs/metro/4.1.5/css/metro.min.css","meta":{"rootId":"us3fyimdhdj1pat","id":"us3fyimdhdj1pat"},"id":"s3qazlnms1c7y0m","previousOperationId":"lh97xny1ek8hm4z"}
{"type":"log","timestamp":1708044121993,"level":"debug","message":"Page request: GET (script) https://cdnjs.cloudflare.com/ajax/libs/Chart.js/2.7.2/Chart.min.js","meta":{"rootId":"us3fyimdhdj1pat","id":"us3fyimdhdj1pat"},"id":"2pqplpjk321lw4k","previousOperationId":"lh97xny1ek8hm4z"}
{"type":"log","timestamp":1708044121993,"level":"debug","message":"Page request finished: GET (document) 200 file:///C:/Users/Javier/AppData/Local/Temp/jsreport/autocleanup/a7e5a012-be1f-44e8-ba7d-bfc10a0f0951-chrome-pdf.html","meta":{"rootId":"us3fyimdhdj1pat","id":"us3fyimdhdj1pat"},"id":"o8a5nkckjn56ork","previousOperationId":"lh97xny1ek8hm4z"}
{"type":"log","timestamp":1708044122008,"level":"debug","message":"Page request finished: GET (stylesheet) 200 https://cdnjs.cloudflare.com/ajax/libs/metro/4.1.5/css/metro.min.css","meta":{"rootId":"us3fyimdhdj1pat","id":"us3fyimdhdj1pat"},"id":"onsamicucfphsfr","previousOperationId":"lh97xny1ek8hm4z"}
{"type":"log","timestamp":1708044122008,"level":"debug","message":"Page request finished: GET (script) 200 https://cdnjs.cloudflare.com/ajax/libs/Chart.js/2.7.2/Chart.min.js","meta":{"rootId":"us3fyimdhdj1pat","id":"us3fyimdhdj1pat"},"id":"2iyjusg2ey78a15","previousOperationId":"lh97xny1ek8hm4z"}
{"type":"log","timestamp":1708044122066,"level":"debug","message":"Running chrome with params {\"printBackground\":true,\"timeout\":59928,\"margin\":{}}","meta":{"rootId":"us3fyimdhdj1pat","id":"us3fyimdhdj1pat"},"id":"7mr6qe4y9j28cg9","previousOperationId":"lh97xny1ek8hm4z"}
{"type":"operationEnd","operationId":"lh97xny1ek8hm4z","timestamp":1708044122159,"id":"664hnfgwd6c68tq","previousEventId":"j77e3h27j28xksd","previousOperationId":"lh97xny1ek8hm4z"}
{"type":"log","timestamp":1708044122159,"level":"debug","message":"Skipping storing report.","meta":{"rootId":"us3fyimdhdj1pat","id":"us3fyimdhdj1pat"},"id":"iy6y4yshuwaxidi","previousOperationId":"lh97xny1ek8hm4z"}
{"type":"log","timestamp":1708044122159,"level":"info","message":"Rendering request 19 finished in 380 ms","meta":{"rootId":"us3fyimdhdj1pat","id":"us3fyimdhdj1pat"},"id":"kqws6ahbopn9s5b","previousOperationId":"lh97xny1ek8hm4z"}
{"type":"operationEnd","subtype":"render","operationId":"6efbzxxhky1syny","timestamp":1708044122159,"id":"3sqzpoyzlneacnx","previousEventId":"664hnfgwd6c68tq","previousOperationId":"lh97xny1ek8hm4z"}
{"type":"operationEnd","doDiffs":false,"previousEventId":"pbxfcpmmdhsz6bo","previousOperationId":"1jnq39968viwgtq","operationId":"1jnq39968viwgtq","timestamp":1708044122163,"id":"a0swysfi9rb26sk"}
